<?xml version="1.0" encoding="UTF-8"?>
<TestRun id="fcfb2992-08e4-4e7b-956a-ff0e3e0f957d" name="Thiago@THIAGO-PC 2012-08-16 23:56:26" runUser="Thiago-PC\Thiago" xmlns="http://microsoft.com/schemas/VisualStudio/TeamTest/2010">
  <TestSettings name="Local" id="72094fee-5895-474b-9883-5e9cea753a6f">
    <Description>These are default test settings for a local test run.</Description>
    <Deployment enabled="false" runDeploymentRoot="Thiago_THIAGO-PC 2012-08-16 23_56_26">
      <DeploymentItem filename="D:\Net3s\Net3Services\DLLs\Base_AP.dll" />
      <DeploymentItem filename="D:\Net3s\Net3Services\ClsLibBLL\bin\Debug\ClsLibBLL.dll" />
      <DeploymentItem filename="D:\Net3s\Net3Services\DLLs\log4net.dll" />
      <DeploymentItem filename="D:\Net3s\Net3Services\ClsLibDAL\bin\Debug\ClsLibDAL.dll" />
      <DeploymentItem filename="D:\Net3s\Net3Services\DLLs\Base_Common.dll" />
      <DeploymentItem filename="D:\Net3s\Net3Services\DLLs\0.90\MongoDB.dll" />
      <DeploymentItem filename="D:\Net3s\Net3Services\Models\bin\Debug\Models.dll" />
      <DeploymentItem filename="D:\Net3s\Net3Services\Chrisimos\bin\Debug\Chrisimos.dll" />
      <DeploymentItem filename="D:\Net3s\Net3Services\DLLs\0.90\MongoDB.GridFS.dll" />
      <DeploymentItem filename="D:\Net3s\Net3Services\DLLs\Boleto.Net.dll" />
    </Deployment>
    <Execution>
      <TestTypeSpecific />
      <AgentRule name="Execution Agents">
      </AgentRule>
    </Execution>
  </TestSettings>
  <Times creation="2012-08-16T23:56:26.4648470-03:00" queuing="2012-08-16T23:56:27.5668556-03:00" start="2012-08-16T23:56:27.6468557-03:00" finish="2012-08-16T23:56:28.6998875-03:00" />
  <ResultSummary outcome="Failed">
    <Counters total="1" executed="1" error="0" failed="1" timeout="0" aborted="0" inconclusive="0" passedButRunAborted="0" notRunnable="0" notExecuted="0" disconnected="0" warning="0" passed="0" completed="0" inProgress="0" pending="0" />
  </ResultSummary>
  <TestDefinitions>
    <UnitTest name="BuscarEmailTest" storage="d:\net3s\net3services\testproject\bin\debug\testproject.dll" id="efac93e6-bb75-4907-7c8c-525ac4eb065f">
      <Execution id="eb2979d2-30fb-4dff-851c-93670a04f9c9" />
      <TestMethod codeBase="D:/Net3s/Net3Services/TestProject/bin/Debug/TestProject.DLL" adapterTypeName="Microsoft.VisualStudio.TestTools.TestTypes.Unit.UnitTestAdapter, Microsoft.VisualStudio.QualityTools.Tips.UnitTest.Adapter, Version=10.0.0.0, Culture=neutral, PublicKeyToken=b03f5f7f11d50a3a" className="TestProject.ClsUsuarioBLLTest, TestProject, Version=1.0.0.0, Culture=neutral, PublicKeyToken=null" name="BuscarEmailTest" />
    </UnitTest>
  </TestDefinitions>
  <TestLists>
    <TestList name="Results Not in a List" id="8c84fa94-04c1-424b-9868-57a2d4851a1d" />
    <TestList name="All Loaded Results" id="19431567-8539-422a-85d7-44ee4e166bda" />
  </TestLists>
  <TestEntries>
    <TestEntry testId="efac93e6-bb75-4907-7c8c-525ac4eb065f" executionId="eb2979d2-30fb-4dff-851c-93670a04f9c9" testListId="8c84fa94-04c1-424b-9868-57a2d4851a1d" />
  </TestEntries>
  <Results>
    <UnitTestResult executionId="eb2979d2-30fb-4dff-851c-93670a04f9c9" testId="efac93e6-bb75-4907-7c8c-525ac4eb065f" testName="BuscarEmailTest" computerName="THIAGO-PC" duration="00:00:00.2770679" startTime="2012-08-16T23:56:27.7218559-03:00" endTime="2012-08-16T23:56:28.5978817-03:00" testType="13cdc9d9-ddb5-4fa4-a97d-d965ccfc6d4b" outcome="Failed" testListId="8c84fa94-04c1-424b-9868-57a2d4851a1d" relativeResultsDirectory="eb2979d2-30fb-4dff-851c-93670a04f9c9">
      <Output>
        <ErrorInfo>
          <Message>Test method TestProject.ClsUsuarioBLLTest.BuscarEmailTest threw exception: 
ClsLibBLL.OidException: Oid inválido.</Message>
          <StackTrace>    at ClsLibBLL.ClsUsuarioBLL.BuscarEmail(Oid _id) in D:\Net3s\Net3Services\ClsLibBLL\ClsUsuarioBLL.cs:line 348
   at TestProject.ClsUsuarioBLLTest.BuscarEmailTest() in D:\Net3s\Net3Services\TestProject\ClsUsuarioBLLTest.cs:line 118
</StackTrace>
        </ErrorInfo>
      </Output>
    </UnitTestResult>
  </Results>
</TestRun>