<?xml version="1.0" encoding="UTF-8"?>
<TestRun id="4c14abf7-cefa-4672-9934-c950df5a25c1" name="Thiago@THIAGO-PC 2012-08-17 00:00:35" runUser="Thiago-PC\Thiago" xmlns="http://microsoft.com/schemas/VisualStudio/TeamTest/2010">
  <TestSettings name="Local" id="72094fee-5895-474b-9883-5e9cea753a6f">
    <Description>These are default test settings for a local test run.</Description>
    <Deployment enabled="false" runDeploymentRoot="Thiago_THIAGO-PC 2012-08-17 00_00_35">
      <DeploymentItem filename="D:\Net3s\Net3Services\DLLs\Base_AP.dll" />
      <DeploymentItem filename="D:\Net3s\Net3Services\ClsLibBLL\bin\Debug\ClsLibBLL.dll" />
      <DeploymentItem filename="D:\Net3s\Net3Services\DLLs\log4net.dll" />
      <DeploymentItem filename="D:\Net3s\Net3Services\ClsLibDAL\bin\Debug\ClsLibDAL.dll" />
      <DeploymentItem filename="D:\Net3s\Net3Services\DLLs\Base_Common.dll" />
      <DeploymentItem filename="D:\Net3s\Net3Services\DLLs\0.90\MongoDB.dll" />
      <DeploymentItem filename="D:\Net3s\Net3Services\Models\bin\Debug\Models.dll" />
      <DeploymentItem filename="D:\Net3s\Net3Services\Chrisimos\bin\Debug\Chrisimos.dll" />
      <DeploymentItem filename="D:\Net3s\Net3Services\DLLs\0.90\MongoDB.GridFS.dll" />
      <DeploymentItem filename="D:\Net3s\Net3Services\DLLs\Boleto.Net.dll" />
    </Deployment>
    <Execution>
      <TestTypeSpecific />
      <AgentRule name="Execution Agents">
      </AgentRule>
    </Execution>
  </TestSettings>
  <Times creation="2012-08-17T00:00:35.5463350-03:00" queuing="2012-08-17T00:00:35.6053384-03:00" start="2012-08-17T00:00:35.6573413-03:00" finish="2012-08-17T00:00:36.0703650-03:00" />
  <ResultSummary outcome="Completed">
    <Counters total="1" executed="1" passed="1" error="0" failed="0" timeout="0" aborted="0" inconclusive="0" passedButRunAborted="0" notRunnable="0" notExecuted="0" disconnected="0" warning="0" completed="0" inProgress="0" pending="0" />
  </ResultSummary>
  <TestDefinitions>
    <UnitTest name="ClsAdministradorBLLConstructorTest" storage="d:\net3s\net3services\testproject\bin\debug\testproject.dll" id="1d5ffb72-42eb-f89f-99bc-b1135f5acdb1">
      <Execution id="9449d333-5c66-4d5c-843d-9f387ce1b60b" />
      <TestMethod codeBase="D:/Net3s/Net3Services/TestProject/bin/Debug/TestProject.DLL" adapterTypeName="Microsoft.VisualStudio.TestTools.TestTypes.Unit.UnitTestAdapter, Microsoft.VisualStudio.QualityTools.Tips.UnitTest.Adapter, Version=10.0.0.0, Culture=neutral, PublicKeyToken=b03f5f7f11d50a3a" className="TestProject.ClsAdministradorBLLTest, TestProject, Version=1.0.0.0, Culture=neutral, PublicKeyToken=null" name="ClsAdministradorBLLConstructorTest" />
    </UnitTest>
  </TestDefinitions>
  <TestLists>
    <TestList name="Results Not in a List" id="8c84fa94-04c1-424b-9868-57a2d4851a1d" />
    <TestList name="All Loaded Results" id="19431567-8539-422a-85d7-44ee4e166bda" />
  </TestLists>
  <TestEntries>
    <TestEntry testId="1d5ffb72-42eb-f89f-99bc-b1135f5acdb1" executionId="9449d333-5c66-4d5c-843d-9f387ce1b60b" testListId="8c84fa94-04c1-424b-9868-57a2d4851a1d" />
  </TestEntries>
  <Results>
    <UnitTestResult executionId="9449d333-5c66-4d5c-843d-9f387ce1b60b" testId="1d5ffb72-42eb-f89f-99bc-b1135f5acdb1" testName="ClsAdministradorBLLConstructorTest" computerName="THIAGO-PC" duration="00:00:00.0451438" startTime="2012-08-17T00:00:35.6583414-03:00" endTime="2012-08-17T00:00:36.0453635-03:00" testType="13cdc9d9-ddb5-4fa4-a97d-d965ccfc6d4b" outcome="Passed" testListId="8c84fa94-04c1-424b-9868-57a2d4851a1d" relativeResultsDirectory="9449d333-5c66-4d5c-843d-9f387ce1b60b">
    </UnitTestResult>
  </Results>
</TestRun>