<?xml version="1.0" encoding="UTF-8"?>
<TestRun id="8509f46d-4579-4c22-8176-89ba48ec6568" name="Thiago@THIAGO-PC 2013-02-17 20:23:50" runUser="Thiago-PC\Thiago" xmlns="http://microsoft.com/schemas/VisualStudio/TeamTest/2010">
  <TestSettings name="Local" id="72094fee-5895-474b-9883-5e9cea753a6f">
    <Description>These are default test settings for a local test run.</Description>
    <Deployment enabled="false" runDeploymentRoot="Thiago_THIAGO-PC 2013-02-17 20_23_50">
      <DeploymentItem filename="D:\Net3s\Net3Services\DLLs\Base_AP.dll" />
      <DeploymentItem filename="D:\Net3s\Net3Services\ClsLibBLL\bin\Debug\ClsLibBLL.dll" />
      <DeploymentItem filename="D:\Net3s\Net3Services\DLLs\log4net.dll" />
      <DeploymentItem filename="D:\Net3s\Net3Services\ClsLibDAL\bin\Debug\ClsLibDAL.dll" />
      <DeploymentItem filename="D:\Net3s\Net3Services\DLLs\Base_Common.dll" />
      <DeploymentItem filename="D:\Net3s\Net3Services\DLLs\0.90\MongoDB.dll" />
      <DeploymentItem filename="D:\Net3s\Net3Services\Models\bin\Debug\Models.dll" />
      <DeploymentItem filename="D:\Net3s\Net3Services\Chrisimos\bin\Debug\Chrisimos.dll" />
      <DeploymentItem filename="D:\Net3s\Net3Services\DLLs\0.90\MongoDB.GridFS.dll" />
      <DeploymentItem filename="D:\Net3s\Net3Services\DLLs\Boleto.Net.dll" />
    </Deployment>
    <Execution>
      <TestTypeSpecific />
      <AgentRule name="Execution Agents">
      </AgentRule>
    </Execution>
  </TestSettings>
  <Times creation="2013-02-17T20:23:50.9443971-03:00" queuing="2013-02-17T20:23:57.2146119-03:00" start="2013-02-17T20:23:57.5726324-03:00" finish="2013-02-17T20:24:09.1300934-03:00" />
  <ResultSummary outcome="Error">
    <Counters total="173" executed="1" error="0" failed="0" timeout="0" aborted="1" inconclusive="0" passedButRunAborted="0" notRunnable="0" notExecuted="172" disconnected="0" warning="0" passed="0" completed="0" inProgress="0" pending="0" />
    <RunInfos>
      <RunInfo computerName="THIAGO-PC" outcome="Error" timestamp="2013-02-17T20:24:08.5996925-03:00">
        <Text>Test host process exited unexpectedly.</Text>
      </RunInfo>
    </RunInfos>
  </ResultSummary>
  <TestDefinitions>
    <UnitTest name="EditarServicoTest" storage="d:\net3s\net3services\testproject\bin\debug\testproject.dll" id="30ff2556-be13-ae05-7328-0671476fb63e">
      <Execution id="f528b78d-a897-4132-b95f-e85dc61fdc53" />
      <TestMethod codeBase="D:/Net3s/Net3Services/TestProject/bin/Debug/TestProject.DLL" adapterTypeName="Microsoft.VisualStudio.TestTools.TestTypes.Unit.UnitTestAdapter, Microsoft.VisualStudio.QualityTools.Tips.UnitTest.Adapter, Version=10.0.0.0, Culture=neutral, PublicKeyToken=b03f5f7f11d50a3a" className="TestProject.ClsServicoBLLTest, TestProject, Version=1.0.0.0, Culture=neutral, PublicKeyToken=null" name="EditarServicoTest" />
    </UnitTest>
    <UnitTest name="ContarQuantServicosTest" storage="d:\net3s\net3services\testproject\bin\debug\testproject.dll" id="41411790-6207-15cb-905a-6761e6481dd5">
      <Execution id="4c9023cd-f5c4-46c2-9011-1e01da44f05a" />
      <TestMethod codeBase="D:/Net3s/Net3Services/TestProject/bin/Debug/TestProject.DLL" adapterTypeName="Microsoft.VisualStudio.TestTools.TestTypes.Unit.UnitTestAdapter, Microsoft.VisualStudio.QualityTools.Tips.UnitTest.Adapter, Version=10.0.0.0, Culture=neutral, PublicKeyToken=b03f5f7f11d50a3a" className="TestProject.ClsServicoBLLTest, TestProject, Version=1.0.0.0, Culture=neutral, PublicKeyToken=null" name="ContarQuantServicosTest" />
    </UnitTest>
    <UnitTest name="MessageTest" storage="d:\net3s\net3services\testproject\bin\debug\testproject.dll" id="6e289d83-c800-c309-f8b7-8fabe1e5994e">
      <Execution id="2585e8ae-9aec-412b-b65b-1add3e494990" />
      <TestMethod codeBase="D:/Net3s/Net3Services/TestProject/bin/Debug/TestProject.DLL" adapterTypeName="Microsoft.VisualStudio.TestTools.TestTypes.Unit.UnitTestAdapter, Microsoft.VisualStudio.QualityTools.Tips.UnitTest.Adapter, Version=10.0.0.0, Culture=neutral, PublicKeyToken=b03f5f7f11d50a3a" className="TestProject.OidExceptionTest, TestProject, Version=1.0.0.0, Culture=neutral, PublicKeyToken=null" name="MessageTest" />
    </UnitTest>
    <UnitTest name="carregaEstadosTest" storage="d:\net3s\net3services\testproject\bin\debug\testproject.dll" id="4b0c6ba2-1bcb-a0cc-daac-a02b005145c1">
      <Execution id="05e129ba-7130-4c5e-a329-b1b674a21af0" />
      <TestMethod codeBase="D:/Net3s/Net3Services/TestProject/bin/Debug/TestProject.DLL" adapterTypeName="Microsoft.VisualStudio.TestTools.TestTypes.Unit.UnitTestAdapter, Microsoft.VisualStudio.QualityTools.Tips.UnitTest.Adapter, Version=10.0.0.0, Culture=neutral, PublicKeyToken=b03f5f7f11d50a3a" className="TestProject.ClsAdministradorBLLTest, TestProject, Version=1.0.0.0, Culture=neutral, PublicKeyToken=null" name="carregaEstadosTest" />
    </UnitTest>
    <UnitTest name="InserirAtualizacaoTest" storage="d:\net3s\net3services\testproject\bin\debug\testproject.dll" id="43e590c7-1a99-0846-7287-cff8d5d6d5c7">
      <Execution id="da02ade4-2841-49d0-9b71-b41534be6587" />
      <TestMethod codeBase="D:/Net3s/Net3Services/TestProject/bin/Debug/TestProject.DLL" adapterTypeName="Microsoft.VisualStudio.TestTools.TestTypes.Unit.UnitTestAdapter, Microsoft.VisualStudio.QualityTools.Tips.UnitTest.Adapter, Version=10.0.0.0, Culture=neutral, PublicKeyToken=b03f5f7f11d50a3a" className="TestProject.ClsContatoBLLTest, TestProject, Version=1.0.0.0, Culture=neutral, PublicKeyToken=null" name="InserirAtualizacaoTest" />
    </UnitTest>
    <UnitTest name="InserirTest" storage="d:\net3s\net3services\testproject\bin\debug\testproject.dll" id="2440eabb-83bc-14c5-23e4-b1de9da5e7c1">
      <Execution id="82a6ca79-f33c-41c2-9246-7ffa657359ce" />
      <TestMethod codeBase="D:/Net3s/Net3Services/TestProject/bin/Debug/TestProject.DLL" adapterTypeName="Microsoft.VisualStudio.TestTools.TestTypes.Unit.UnitTestAdapter, Microsoft.VisualStudio.QualityTools.Tips.UnitTest.Adapter, Version=10.0.0.0, Culture=neutral, PublicKeyToken=b03f5f7f11d50a3a" className="TestProject.ClsCategoriaServicoBLLTest, TestProject, Version=1.0.0.0, Culture=neutral, PublicKeyToken=null" name="InserirTest" />
    </UnitTest>
    <UnitTest name="BuscarEmailTest1" storage="d:\net3s\net3services\testproject\bin\debug\testproject.dll" id="3f43ba37-e8dc-d053-a977-60ee93cff24a">
      <Execution id="0cf3e80e-7fac-4ed7-8aa3-2e36326533d5" />
      <TestMethod codeBase="D:/Net3s/Net3Services/TestProject/bin/Debug/TestProject.DLL" adapterTypeName="Microsoft.VisualStudio.TestTools.TestTypes.Unit.UnitTestAdapter, Microsoft.VisualStudio.QualityTools.Tips.UnitTest.Adapter, Version=10.0.0.0, Culture=neutral, PublicKeyToken=b03f5f7f11d50a3a" className="TestProject.ClsUsuarioBLLTest, TestProject, Version=1.0.0.0, Culture=neutral, PublicKeyToken=null" name="BuscarEmailTest1" />
    </UnitTest>
    <UnitTest name="CriarOrcamentoTest" storage="d:\net3s\net3services\testproject\bin\debug\testproject.dll" id="9839c277-0a4b-cafa-6dc1-58665071d76e">
      <Execution id="5e38e042-2c79-4174-9367-80b0352a2eed" />
      <TestMethod codeBase="D:/Net3s/Net3Services/TestProject/bin/Debug/TestProject.DLL" adapterTypeName="Microsoft.VisualStudio.TestTools.TestTypes.Unit.UnitTestAdapter, Microsoft.VisualStudio.QualityTools.Tips.UnitTest.Adapter, Version=10.0.0.0, Culture=neutral, PublicKeyToken=b03f5f7f11d50a3a" className="TestProject.ClsOrcamentoBLLTest, TestProject, Version=1.0.0.0, Culture=neutral, PublicKeyToken=null" name="CriarOrcamentoTest" />
    </UnitTest>
    <UnitTest name="InserirDenunciaTest" storage="d:\net3s\net3services\testproject\bin\debug\testproject.dll" id="a83b3537-c5fa-ad90-58a0-35f4df2fe667">
      <Execution id="a96d9b0d-2d73-461d-8109-9623def5fb16" />
      <TestMethod codeBase="D:/Net3s/Net3Services/TestProject/bin/Debug/TestProject.DLL" adapterTypeName="Microsoft.VisualStudio.TestTools.TestTypes.Unit.UnitTestAdapter, Microsoft.VisualStudio.QualityTools.Tips.UnitTest.Adapter, Version=10.0.0.0, Culture=neutral, PublicKeyToken=b03f5f7f11d50a3a" className="TestProject.ClsDenunciaBLLTest, TestProject, Version=1.0.0.0, Culture=neutral, PublicKeyToken=null" name="InserirDenunciaTest" />
    </UnitTest>
    <UnitTest name="BuscarUsuarioPorEmailTest" storage="d:\net3s\net3services\testproject\bin\debug\testproject.dll" id="48bfdda2-58cf-ebc0-70d7-d375e20e0430">
      <Execution id="6f9ea967-9de9-4452-80c7-6226f20e2664" />
      <TestMethod codeBase="D:/Net3s/Net3Services/TestProject/bin/Debug/TestProject.DLL" adapterTypeName="Microsoft.VisualStudio.TestTools.TestTypes.Unit.UnitTestAdapter, Microsoft.VisualStudio.QualityTools.Tips.UnitTest.Adapter, Version=10.0.0.0, Culture=neutral, PublicKeyToken=b03f5f7f11d50a3a" className="TestProject.ClsUsuarioBLLTest, TestProject, Version=1.0.0.0, Culture=neutral, PublicKeyToken=null" name="BuscarUsuarioPorEmailTest" />
    </UnitTest>
    <UnitTest name="ExcluirImagemTest" storage="d:\net3s\net3services\testproject\bin\debug\testproject.dll" id="0c4c7479-4108-72ff-66be-ccdaaf993704">
      <Execution id="efd16704-56bc-45ad-8927-3cbaca405153" />
      <TestMethod codeBase="D:/Net3s/Net3Services/TestProject/bin/Debug/TestProject.DLL" adapterTypeName="Microsoft.VisualStudio.TestTools.TestTypes.Unit.UnitTestAdapter, Microsoft.VisualStudio.QualityTools.Tips.UnitTest.Adapter, Version=10.0.0.0, Culture=neutral, PublicKeyToken=b03f5f7f11d50a3a" className="TestProject.ClsUsuarioBLLTest, TestProject, Version=1.0.0.0, Culture=neutral, PublicKeyToken=null" name="ExcluirImagemTest" />
    </UnitTest>
    <UnitTest name="ClsRelatoriosBLLConstructorTest" storage="d:\net3s\net3services\testproject\bin\debug\testproject.dll" id="87e3632c-b321-7223-5937-51c3937ab46d">
      <Execution id="49fa5ae6-f40c-4453-b9b0-3a579fecfcf0" />
      <TestMethod codeBase="D:/Net3s/Net3Services/TestProject/bin/Debug/TestProject.DLL" adapterTypeName="Microsoft.VisualStudio.TestTools.TestTypes.Unit.UnitTestAdapter, Microsoft.VisualStudio.QualityTools.Tips.UnitTest.Adapter, Version=10.0.0.0, Culture=neutral, PublicKeyToken=b03f5f7f11d50a3a" className="TestProject.ClsRelatoriosBLLTest, TestProject, Version=1.0.0.0, Culture=neutral, PublicKeyToken=null" name="ClsRelatoriosBLLConstructorTest" />
    </UnitTest>
    <UnitTest name="BuscarUltimosServicosInseridosTest" storage="d:\net3s\net3services\testproject\bin\debug\testproject.dll" id="3b50fb23-5d1b-cf94-e962-ff0326192a35">
      <Execution id="6b7f71e0-f278-40fc-a146-b8b1343672f3" />
      <TestMethod codeBase="D:/Net3s/Net3Services/TestProject/bin/Debug/TestProject.DLL" adapterTypeName="Microsoft.VisualStudio.TestTools.TestTypes.Unit.UnitTestAdapter, Microsoft.VisualStudio.QualityTools.Tips.UnitTest.Adapter, Version=10.0.0.0, Culture=neutral, PublicKeyToken=b03f5f7f11d50a3a" className="TestProject.ClsServicoBLLTest, TestProject, Version=1.0.0.0, Culture=neutral, PublicKeyToken=null" name="BuscarUltimosServicosInseridosTest" />
    </UnitTest>
    <UnitTest name="ExcluirTest1" storage="d:\net3s\net3services\testproject\bin\debug\testproject.dll" id="ea0a4d4e-8e7b-6e52-f5bc-65b9f0994aaa">
      <Execution id="c484914e-a1fa-47c2-aa08-016ae7501da7" />
      <TestMethod codeBase="D:/Net3s/Net3Services/TestProject/bin/Debug/TestProject.DLL" adapterTypeName="Microsoft.VisualStudio.TestTools.TestTypes.Unit.UnitTestAdapter, Microsoft.VisualStudio.QualityTools.Tips.UnitTest.Adapter, Version=10.0.0.0, Culture=neutral, PublicKeyToken=b03f5f7f11d50a3a" className="TestProject.ClsCategoriaServicoBLLTest, TestProject, Version=1.0.0.0, Culture=neutral, PublicKeyToken=null" name="ExcluirTest1" />
    </UnitTest>
    <UnitTest name="DesativarUsuarioTest" storage="d:\net3s\net3services\testproject\bin\debug\testproject.dll" id="4d7226de-ee6a-dfa4-7b00-7c12871220c8">
      <Execution id="aaf68958-2bd5-462e-891e-7e7b652d2d1e" />
      <TestMethod codeBase="D:/Net3s/Net3Services/TestProject/bin/Debug/TestProject.DLL" adapterTypeName="Microsoft.VisualStudio.TestTools.TestTypes.Unit.UnitTestAdapter, Microsoft.VisualStudio.QualityTools.Tips.UnitTest.Adapter, Version=10.0.0.0, Culture=neutral, PublicKeyToken=b03f5f7f11d50a3a" className="TestProject.ClsUsuarioBLLTest, TestProject, Version=1.0.0.0, Culture=neutral, PublicKeyToken=null" name="DesativarUsuarioTest" />
    </UnitTest>
    <UnitTest name="ExcluirUfTest" storage="d:\net3s\net3services\testproject\bin\debug\testproject.dll" id="f94dad60-69b8-16b2-6602-9bae2cd2cb4d">
      <Execution id="c52f6825-6a02-4fce-980f-21b0f2273281" />
      <TestMethod codeBase="D:/Net3s/Net3Services/TestProject/bin/Debug/TestProject.DLL" adapterTypeName="Microsoft.VisualStudio.TestTools.TestTypes.Unit.UnitTestAdapter, Microsoft.VisualStudio.QualityTools.Tips.UnitTest.Adapter, Version=10.0.0.0, Culture=neutral, PublicKeyToken=b03f5f7f11d50a3a" className="TestProject.ClsCatalogoEnderecosBLLTest, TestProject, Version=1.0.0.0, Culture=neutral, PublicKeyToken=null" name="ExcluirUfTest" />
    </UnitTest>
    <UnitTest name="UfTest" storage="d:\net3s\net3services\testproject\bin\debug\testproject.dll" id="d39d6c40-2ef4-5c79-b83b-7ffe9e29e130">
      <Execution id="669abded-ff6f-4d80-8e74-844f81ad502e" />
      <TestMethod codeBase="D:/Net3s/Net3Services/TestProject/bin/Debug/TestProject.DLL" adapterTypeName="Microsoft.VisualStudio.TestTools.TestTypes.Unit.UnitTestAdapter, Microsoft.VisualStudio.QualityTools.Tips.UnitTest.Adapter, Version=10.0.0.0, Culture=neutral, PublicKeyToken=b03f5f7f11d50a3a" className="TestProject.ClsUsuLogadoTest, TestProject, Version=1.0.0.0, Culture=neutral, PublicKeyToken=null" name="UfTest" />
    </UnitTest>
    <UnitTest name="EditarImagemTest" storage="d:\net3s\net3services\testproject\bin\debug\testproject.dll" id="23618121-ecc8-bc28-5197-01d574657a98">
      <Execution id="c773365c-7057-4700-a064-a47b659461d2" />
      <TestMethod codeBase="D:/Net3s/Net3Services/TestProject/bin/Debug/TestProject.DLL" adapterTypeName="Microsoft.VisualStudio.TestTools.TestTypes.Unit.UnitTestAdapter, Microsoft.VisualStudio.QualityTools.Tips.UnitTest.Adapter, Version=10.0.0.0, Culture=neutral, PublicKeyToken=b03f5f7f11d50a3a" className="TestProject.ClsUsuarioBLLTest, TestProject, Version=1.0.0.0, Culture=neutral, PublicKeyToken=null" name="EditarImagemTest" />
    </UnitTest>
    <UnitTest name="BuscarCurriculumTest" storage="d:\net3s\net3services\testproject\bin\debug\testproject.dll" id="b66ce8a6-1edc-d9f1-97f2-bf555e59d47b">
      <Execution id="8f389c5f-60b8-4450-8351-526f3a7eed61" />
      <TestMethod codeBase="D:/Net3s/Net3Services/TestProject/bin/Debug/TestProject.DLL" adapterTypeName="Microsoft.VisualStudio.TestTools.TestTypes.Unit.UnitTestAdapter, Microsoft.VisualStudio.QualityTools.Tips.UnitTest.Adapter, Version=10.0.0.0, Culture=neutral, PublicKeyToken=b03f5f7f11d50a3a" className="TestProject.ClsCurriculumBLLTest, TestProject, Version=1.0.0.0, Culture=neutral, PublicKeyToken=null" name="BuscarCurriculumTest" />
    </UnitTest>
    <UnitTest name="AdicionarImagemTest" storage="d:\net3s\net3services\testproject\bin\debug\testproject.dll" id="cec8a230-ae03-9508-9b88-e2d1d212b29f">
      <Execution id="57e0fad9-845b-4357-b46d-779a893a3f6f" />
      <TestMethod codeBase="D:/Net3s/Net3Services/TestProject/bin/Debug/TestProject.DLL" adapterTypeName="Microsoft.VisualStudio.TestTools.TestTypes.Unit.UnitTestAdapter, Microsoft.VisualStudio.QualityTools.Tips.UnitTest.Adapter, Version=10.0.0.0, Culture=neutral, PublicKeyToken=b03f5f7f11d50a3a" className="TestProject.ClsUsuarioBLLTest, TestProject, Version=1.0.0.0, Culture=neutral, PublicKeyToken=null" name="AdicionarImagemTest" />
    </UnitTest>
    <UnitTest name="BuscarTodosContatosTest" storage="d:\net3s\net3services\testproject\bin\debug\testproject.dll" id="a51ef331-9834-dca1-6a53-d3a635473f78">
      <Execution id="f3e78c8a-4e75-47db-95c9-03086e37017a" />
      <TestMethod codeBase="D:/Net3s/Net3Services/TestProject/bin/Debug/TestProject.DLL" adapterTypeName="Microsoft.VisualStudio.TestTools.TestTypes.Unit.UnitTestAdapter, Microsoft.VisualStudio.QualityTools.Tips.UnitTest.Adapter, Version=10.0.0.0, Culture=neutral, PublicKeyToken=b03f5f7f11d50a3a" className="TestProject.ClsContatoBLLTest, TestProject, Version=1.0.0.0, Culture=neutral, PublicKeyToken=null" name="BuscarTodosContatosTest" />
    </UnitTest>
    <UnitTest name="EditarOcorrenciaTest" storage="d:\net3s\net3services\testproject\bin\debug\testproject.dll" id="acc53eb1-5908-6357-1dc1-338201362373">
      <Execution id="b05d4585-94af-4e09-be43-0ce4173171aa" />
      <TestMethod codeBase="D:/Net3s/Net3Services/TestProject/bin/Debug/TestProject.DLL" adapterTypeName="Microsoft.VisualStudio.TestTools.TestTypes.Unit.UnitTestAdapter, Microsoft.VisualStudio.QualityTools.Tips.UnitTest.Adapter, Version=10.0.0.0, Culture=neutral, PublicKeyToken=b03f5f7f11d50a3a" className="TestProject.ClsOcorrenciaBLLTest, TestProject, Version=1.0.0.0, Culture=neutral, PublicKeyToken=null" name="EditarOcorrenciaTest" />
    </UnitTest>
    <UnitTest name="TestMethod1" storage="d:\net3s\net3services\testproject\bin\debug\testproject.dll" id="24e109b5-ebac-7154-c0d0-91db5c99399f">
      <Execution id="3f2f405b-c050-44e5-abb6-8705a4a6779c" />
      <TestMethod codeBase="D:/Net3s/Net3Services/TestProject/bin/Debug/TestProject.DLL" adapterTypeName="Microsoft.VisualStudio.TestTools.TestTypes.Unit.UnitTestAdapter, Microsoft.VisualStudio.QualityTools.Tips.UnitTest.Adapter, Version=10.0.0.0, Culture=neutral, PublicKeyToken=b03f5f7f11d50a3a" className="TestProject.UnitTest1, TestProject, Version=1.0.0.0, Culture=neutral, PublicKeyToken=null" name="TestMethod1" />
    </UnitTest>
    <UnitTest name="LogarTest" storage="d:\net3s\net3services\testproject\bin\debug\testproject.dll" id="8264f108-7c62-04e3-ca4c-5dfbcf21b9ff">
      <Execution id="05f50346-6bdb-487c-aadb-18fec24f3619" />
      <TestMethod codeBase="D:/Net3s/Net3Services/TestProject/bin/Debug/TestProject.DLL" adapterTypeName="Microsoft.VisualStudio.TestTools.TestTypes.Unit.UnitTestAdapter, Microsoft.VisualStudio.QualityTools.Tips.UnitTest.Adapter, Version=10.0.0.0, Culture=neutral, PublicKeyToken=b03f5f7f11d50a3a" className="TestProject.ClsUsuarioBLLTest, TestProject, Version=1.0.0.0, Culture=neutral, PublicKeyToken=null" name="LogarTest" />
    </UnitTest>
    <UnitTest name="BuscarCidadesPorUfTest" storage="d:\net3s\net3services\testproject\bin\debug\testproject.dll" id="ba7019c2-43a6-f6fa-f815-cc85b4932682">
      <Execution id="c322f7c9-c90a-4f8b-8d80-1866a91aedeb" />
      <TestMethod codeBase="D:/Net3s/Net3Services/TestProject/bin/Debug/TestProject.DLL" adapterTypeName="Microsoft.VisualStudio.TestTools.TestTypes.Unit.UnitTestAdapter, Microsoft.VisualStudio.QualityTools.Tips.UnitTest.Adapter, Version=10.0.0.0, Culture=neutral, PublicKeyToken=b03f5f7f11d50a3a" className="TestProject.ClsCatalogoEnderecosBLLTest, TestProject, Version=1.0.0.0, Culture=neutral, PublicKeyToken=null" name="BuscarCidadesPorUfTest" />
    </UnitTest>
    <UnitTest name="BuscarStatusTest1" storage="d:\net3s\net3services\testproject\bin\debug\testproject.dll" id="c03f7721-1877-7065-faeb-365a5b662ad6">
      <Execution id="1d69d799-2a48-441f-8829-0ff6cc750717" />
      <TestMethod codeBase="D:/Net3s/Net3Services/TestProject/bin/Debug/TestProject.DLL" adapterTypeName="Microsoft.VisualStudio.TestTools.TestTypes.Unit.UnitTestAdapter, Microsoft.VisualStudio.QualityTools.Tips.UnitTest.Adapter, Version=10.0.0.0, Culture=neutral, PublicKeyToken=b03f5f7f11d50a3a" className="TestProject.ClsUsuarioBLLTest, TestProject, Version=1.0.0.0, Culture=neutral, PublicKeyToken=null" name="BuscarStatusTest1" />
    </UnitTest>
    <UnitTest name="BuscarTodasDenunciasTest" storage="d:\net3s\net3services\testproject\bin\debug\testproject.dll" id="5276bfb4-1f9f-65d3-f5c8-dcb074c71a6b">
      <Execution id="db96228b-e0f8-4132-91d0-ae1b2f634ff2" />
      <TestMethod codeBase="D:/Net3s/Net3Services/TestProject/bin/Debug/TestProject.DLL" adapterTypeName="Microsoft.VisualStudio.TestTools.TestTypes.Unit.UnitTestAdapter, Microsoft.VisualStudio.QualityTools.Tips.UnitTest.Adapter, Version=10.0.0.0, Culture=neutral, PublicKeyToken=b03f5f7f11d50a3a" className="TestProject.ClsDenunciaBLLTest, TestProject, Version=1.0.0.0, Culture=neutral, PublicKeyToken=null" name="BuscarTodasDenunciasTest" />
    </UnitTest>
    <UnitTest name="enviarEmailConfirmacaoTest" storage="d:\net3s\net3services\testproject\bin\debug\testproject.dll" id="85eb8fe0-9dd9-f799-2c40-09614359e6ce">
      <Execution id="6482fd91-d6bf-44c1-8e12-c52ab945bdf4" />
      <TestMethod codeBase="D:/Net3s/Net3Services/TestProject/bin/Debug/TestProject.DLL" adapterTypeName="Microsoft.VisualStudio.TestTools.TestTypes.Unit.UnitTestAdapter, Microsoft.VisualStudio.QualityTools.Tips.UnitTest.Adapter, Version=10.0.0.0, Culture=neutral, PublicKeyToken=b03f5f7f11d50a3a" className="TestProject.clsUtilidadesTest, TestProject, Version=1.0.0.0, Culture=neutral, PublicKeyToken=null" name="enviarEmailConfirmacaoTest" />
    </UnitTest>
    <UnitTest name="InserirOcorrenciaTest" storage="d:\net3s\net3services\testproject\bin\debug\testproject.dll" id="b304d9d1-3afd-f029-1ab3-5968e44326a8">
      <Execution id="ae1d45b6-7327-47e1-a790-74a79e66952e" />
      <TestMethod codeBase="D:/Net3s/Net3Services/TestProject/bin/Debug/TestProject.DLL" adapterTypeName="Microsoft.VisualStudio.TestTools.TestTypes.Unit.UnitTestAdapter, Microsoft.VisualStudio.QualityTools.Tips.UnitTest.Adapter, Version=10.0.0.0, Culture=neutral, PublicKeyToken=b03f5f7f11d50a3a" className="TestProject.ClsOcorrenciaBLLTest, TestProject, Version=1.0.0.0, Culture=neutral, PublicKeyToken=null" name="InserirOcorrenciaTest" />
    </UnitTest>
    <UnitTest name="BuscarEstadosPorPaisTest" storage="d:\net3s\net3services\testproject\bin\debug\testproject.dll" id="726ae4aa-b77f-ec0d-cd16-42d915a96f8a">
      <Execution id="9e591e0b-e211-4dc0-b693-0d990b5fc977" />
      <TestMethod codeBase="D:/Net3s/Net3Services/TestProject/bin/Debug/TestProject.DLL" adapterTypeName="Microsoft.VisualStudio.TestTools.TestTypes.Unit.UnitTestAdapter, Microsoft.VisualStudio.QualityTools.Tips.UnitTest.Adapter, Version=10.0.0.0, Culture=neutral, PublicKeyToken=b03f5f7f11d50a3a" className="TestProject.ClsCatalogoEnderecosBLLTest, TestProject, Version=1.0.0.0, Culture=neutral, PublicKeyToken=null" name="BuscarEstadosPorPaisTest" />
    </UnitTest>
    <UnitTest name="BuscarServicoPorDescricaoTest" storage="d:\net3s\net3services\testproject\bin\debug\testproject.dll" id="0e0e0074-19eb-f275-99c2-d060a0139452">
      <Execution id="f92a1a98-8947-4ddd-a3b2-830de1d67075" />
      <TestMethod codeBase="D:/Net3s/Net3Services/TestProject/bin/Debug/TestProject.DLL" adapterTypeName="Microsoft.VisualStudio.TestTools.TestTypes.Unit.UnitTestAdapter, Microsoft.VisualStudio.QualityTools.Tips.UnitTest.Adapter, Version=10.0.0.0, Culture=neutral, PublicKeyToken=b03f5f7f11d50a3a" className="TestProject.ClsServicoBLLTest, TestProject, Version=1.0.0.0, Culture=neutral, PublicKeyToken=null" name="BuscarServicoPorDescricaoTest" />
    </UnitTest>
    <UnitTest name="InserirRelatorioTest" storage="d:\net3s\net3services\testproject\bin\debug\testproject.dll" id="25bdc2ab-9648-5413-3e3f-c2ea4de95fd9">
      <Execution id="72ccaf7c-ea4b-420f-8503-9e6ce4f9f772" />
      <TestMethod codeBase="D:/Net3s/Net3Services/TestProject/bin/Debug/TestProject.DLL" adapterTypeName="Microsoft.VisualStudio.TestTools.TestTypes.Unit.UnitTestAdapter, Microsoft.VisualStudio.QualityTools.Tips.UnitTest.Adapter, Version=10.0.0.0, Culture=neutral, PublicKeyToken=b03f5f7f11d50a3a" className="TestProject.ClsRelatoriosBLLTest, TestProject, Version=1.0.0.0, Culture=neutral, PublicKeyToken=null" name="InserirRelatorioTest" />
    </UnitTest>
    <UnitTest name="editarNotificacaoTest" storage="d:\net3s\net3services\testproject\bin\debug\testproject.dll" id="f805855a-23aa-e123-6e9c-187f81c03d96">
      <Execution id="ede9a68e-ad1c-4898-bdea-c6e3170f4c2c" />
      <TestMethod codeBase="D:/Net3s/Net3Services/TestProject/bin/Debug/TestProject.DLL" adapterTypeName="Microsoft.VisualStudio.TestTools.TestTypes.Unit.UnitTestAdapter, Microsoft.VisualStudio.QualityTools.Tips.UnitTest.Adapter, Version=10.0.0.0, Culture=neutral, PublicKeyToken=b03f5f7f11d50a3a" className="TestProject.ClsNotificacaoBLLTest, TestProject, Version=1.0.0.0, Culture=neutral, PublicKeyToken=null" name="editarNotificacaoTest" />
    </UnitTest>
    <UnitTest name="InserirTest" storage="d:\net3s\net3services\testproject\bin\debug\testproject.dll" id="b27e4738-9c5f-b091-835f-e56ec5031f80">
      <Execution id="627cb39e-b8ed-44c1-b070-9267f6b96b30" />
      <TestMethod codeBase="D:/Net3s/Net3Services/TestProject/bin/Debug/TestProject.DLL" adapterTypeName="Microsoft.VisualStudio.TestTools.TestTypes.Unit.UnitTestAdapter, Microsoft.VisualStudio.QualityTools.Tips.UnitTest.Adapter, Version=10.0.0.0, Culture=neutral, PublicKeyToken=b03f5f7f11d50a3a" className="TestProject.ClsHistoricoServicoBLLTest, TestProject, Version=1.0.0.0, Culture=neutral, PublicKeyToken=null" name="InserirTest" />
    </UnitTest>
    <UnitTest name="ValidarConfiguracoesGeraisTest" storage="d:\net3s\net3services\testproject\bin\debug\testproject.dll" id="c4b06265-277a-9626-1a13-da48b2c2e155">
      <Execution id="f46884ec-543d-4355-a426-01153aacaf77" />
      <TestMethod codeBase="D:/Net3s/Net3Services/TestProject/bin/Debug/TestProject.DLL" adapterTypeName="Microsoft.VisualStudio.TestTools.TestTypes.Unit.UnitTestAdapter, Microsoft.VisualStudio.QualityTools.Tips.UnitTest.Adapter, Version=10.0.0.0, Culture=neutral, PublicKeyToken=b03f5f7f11d50a3a" className="TestProject.ClsUsuarioBLLTest, TestProject, Version=1.0.0.0, Culture=neutral, PublicKeyToken=null" name="ValidarConfiguracoesGeraisTest" />
    </UnitTest>
    <UnitTest name="BuscaAdministradorPorEmailTest" storage="d:\net3s\net3services\testproject\bin\debug\testproject.dll" id="fa64344a-294a-b3c5-4c68-e112d255c1fe">
      <Execution id="5381d201-f433-44f3-83d9-d2be04bb1e39" />
      <TestMethod codeBase="D:/Net3s/Net3Services/TestProject/bin/Debug/TestProject.DLL" adapterTypeName="Microsoft.VisualStudio.TestTools.TestTypes.Unit.UnitTestAdapter, Microsoft.VisualStudio.QualityTools.Tips.UnitTest.Adapter, Version=10.0.0.0, Culture=neutral, PublicKeyToken=b03f5f7f11d50a3a" className="TestProject.ClsAdministradorBLLTest, TestProject, Version=1.0.0.0, Culture=neutral, PublicKeyToken=null" name="BuscaAdministradorPorEmailTest" />
    </UnitTest>
    <UnitTest name="VerificarExistenciaContatoTest" storage="d:\net3s\net3services\testproject\bin\debug\testproject.dll" id="1bc2aa0b-865c-cebe-4aff-84f10f51e0e7">
      <Execution id="73fab2eb-618c-461d-a654-ff14eb5b06f9" />
      <TestMethod codeBase="D:/Net3s/Net3Services/TestProject/bin/Debug/TestProject.DLL" adapterTypeName="Microsoft.VisualStudio.TestTools.TestTypes.Unit.UnitTestAdapter, Microsoft.VisualStudio.QualityTools.Tips.UnitTest.Adapter, Version=10.0.0.0, Culture=neutral, PublicKeyToken=b03f5f7f11d50a3a" className="TestProject.ClsContatoBLLTest, TestProject, Version=1.0.0.0, Culture=neutral, PublicKeyToken=null" name="VerificarExistenciaContatoTest" />
    </UnitTest>
    <UnitTest name="BuscarOcorrenciaPorIDTest" storage="d:\net3s\net3services\testproject\bin\debug\testproject.dll" id="39173455-67e5-662f-691e-a889a31d84b3">
      <Execution id="a3a9a978-2238-4e9a-bf97-fe822bb2f1c0" />
      <TestMethod codeBase="D:/Net3s/Net3Services/TestProject/bin/Debug/TestProject.DLL" adapterTypeName="Microsoft.VisualStudio.TestTools.TestTypes.Unit.UnitTestAdapter, Microsoft.VisualStudio.QualityTools.Tips.UnitTest.Adapter, Version=10.0.0.0, Culture=neutral, PublicKeyToken=b03f5f7f11d50a3a" className="TestProject.ClsOcorrenciaBLLTest, TestProject, Version=1.0.0.0, Culture=neutral, PublicKeyToken=null" name="BuscarOcorrenciaPorIDTest" />
    </UnitTest>
    <UnitTest name="ExcluirAdministradorTest" storage="d:\net3s\net3services\testproject\bin\debug\testproject.dll" id="68bb4358-7632-2e26-3d90-eb226781dc9a">
      <Execution id="5ddf1650-7434-470c-b14f-52a634b14035" />
      <TestMethod codeBase="D:/Net3s/Net3Services/TestProject/bin/Debug/TestProject.DLL" adapterTypeName="Microsoft.VisualStudio.TestTools.TestTypes.Unit.UnitTestAdapter, Microsoft.VisualStudio.QualityTools.Tips.UnitTest.Adapter, Version=10.0.0.0, Culture=neutral, PublicKeyToken=b03f5f7f11d50a3a" className="TestProject.ClsAdministradorBLLTest, TestProject, Version=1.0.0.0, Culture=neutral, PublicKeyToken=null" name="ExcluirAdministradorTest" />
    </UnitTest>
    <UnitTest name="RetirarServicosUsuLogadoTest" storage="d:\net3s\net3services\testproject\bin\debug\testproject.dll" id="9b784f65-630c-d649-a58b-ed192a825837">
      <Execution id="b11ab594-4863-4c4a-a59a-9abd281dbc4c" />
      <TestMethod codeBase="D:/Net3s/Net3Services/TestProject/bin/Debug/TestProject.DLL" adapterTypeName="Microsoft.VisualStudio.TestTools.TestTypes.Unit.UnitTestAdapter, Microsoft.VisualStudio.QualityTools.Tips.UnitTest.Adapter, Version=10.0.0.0, Culture=neutral, PublicKeyToken=b03f5f7f11d50a3a" className="TestProject.ClsServicoBLLTest, TestProject, Version=1.0.0.0, Culture=neutral, PublicKeyToken=null" name="RetirarServicosUsuLogadoTest" />
    </UnitTest>
    <UnitTest name="OidNullExceptionConstructorTest" storage="d:\net3s\net3services\testproject\bin\debug\testproject.dll" id="08a046e7-6712-9a91-8b55-b0552fdc9667">
      <Execution id="681e0915-2cab-4360-b84e-3229591b3b3a" />
      <TestMethod codeBase="D:/Net3s/Net3Services/TestProject/bin/Debug/TestProject.DLL" adapterTypeName="Microsoft.VisualStudio.TestTools.TestTypes.Unit.UnitTestAdapter, Microsoft.VisualStudio.QualityTools.Tips.UnitTest.Adapter, Version=10.0.0.0, Culture=neutral, PublicKeyToken=b03f5f7f11d50a3a" className="TestProject.OidNullExceptionTest, TestProject, Version=1.0.0.0, Culture=neutral, PublicKeyToken=null" name="OidNullExceptionConstructorTest" />
    </UnitTest>
    <UnitTest name="ValidarConfiguracoesInfoPessoaisTest" storage="d:\net3s\net3services\testproject\bin\debug\testproject.dll" id="e4380e7e-596d-7f9e-12aa-4cd295c3dcfa">
      <Execution id="b7af8ac1-1ca5-4fa7-bea2-331b357cd36d" />
      <TestMethod codeBase="D:/Net3s/Net3Services/TestProject/bin/Debug/TestProject.DLL" adapterTypeName="Microsoft.VisualStudio.TestTools.TestTypes.Unit.UnitTestAdapter, Microsoft.VisualStudio.QualityTools.Tips.UnitTest.Adapter, Version=10.0.0.0, Culture=neutral, PublicKeyToken=b03f5f7f11d50a3a" className="TestProject.ClsUsuarioBLLTest, TestProject, Version=1.0.0.0, Culture=neutral, PublicKeyToken=null" name="ValidarConfiguracoesInfoPessoaisTest" />
    </UnitTest>
    <UnitTest name="LogarViaLoginTest" storage="d:\net3s\net3services\testproject\bin\debug\testproject.dll" id="a32f0f00-f791-321a-541d-4b130c296b11">
      <Execution id="9b11271a-1360-4c40-b24c-81d1f6c82a3a" />
      <TestMethod codeBase="D:/Net3s/Net3Services/TestProject/bin/Debug/TestProject.DLL" adapterTypeName="Microsoft.VisualStudio.TestTools.TestTypes.Unit.UnitTestAdapter, Microsoft.VisualStudio.QualityTools.Tips.UnitTest.Adapter, Version=10.0.0.0, Culture=neutral, PublicKeyToken=b03f5f7f11d50a3a" className="TestProject.ClsAdministradorBLLTest, TestProject, Version=1.0.0.0, Culture=neutral, PublicKeyToken=null" name="LogarViaLoginTest" />
    </UnitTest>
    <UnitTest name="RetirarServicosRegionalTest" storage="d:\net3s\net3services\testproject\bin\debug\testproject.dll" id="2aafa182-5fe6-8142-ed89-8954655080cb">
      <Execution id="1576bec0-6512-47cf-be81-3ae0bdbef313" />
      <TestMethod codeBase="D:/Net3s/Net3Services/TestProject/bin/Debug/TestProject.DLL" adapterTypeName="Microsoft.VisualStudio.TestTools.TestTypes.Unit.UnitTestAdapter, Microsoft.VisualStudio.QualityTools.Tips.UnitTest.Adapter, Version=10.0.0.0, Culture=neutral, PublicKeyToken=b03f5f7f11d50a3a" className="TestProject.ClsServicoBLLTest, TestProject, Version=1.0.0.0, Culture=neutral, PublicKeyToken=null" name="RetirarServicosRegionalTest" />
    </UnitTest>
    <UnitTest name="BuscarQuantidadeContatosTest" storage="d:\net3s\net3services\testproject\bin\debug\testproject.dll" id="8b9ebdc9-da60-408e-5da0-823128de837c">
      <Execution id="05676af7-1b4c-48fc-9143-8d528d28707a" />
      <TestMethod codeBase="D:/Net3s/Net3Services/TestProject/bin/Debug/TestProject.DLL" adapterTypeName="Microsoft.VisualStudio.TestTools.TestTypes.Unit.UnitTestAdapter, Microsoft.VisualStudio.QualityTools.Tips.UnitTest.Adapter, Version=10.0.0.0, Culture=neutral, PublicKeyToken=b03f5f7f11d50a3a" className="TestProject.ClsContatoBLLTest, TestProject, Version=1.0.0.0, Culture=neutral, PublicKeyToken=null" name="BuscarQuantidadeContatosTest" />
    </UnitTest>
    <UnitTest name="buscarServicoPorIdTest" storage="d:\net3s\net3services\testproject\bin\debug\testproject.dll" id="521c472e-e745-7055-e120-a68b8b48a614">
      <Execution id="4e5e5fd0-e3b2-4f28-98fe-3a9fcce242f5" />
      <TestMethod codeBase="D:/Net3s/Net3Services/TestProject/bin/Debug/TestProject.DLL" adapterTypeName="Microsoft.VisualStudio.TestTools.TestTypes.Unit.UnitTestAdapter, Microsoft.VisualStudio.QualityTools.Tips.UnitTest.Adapter, Version=10.0.0.0, Culture=neutral, PublicKeyToken=b03f5f7f11d50a3a" className="TestProject.ClsServicoBLLTest, TestProject, Version=1.0.0.0, Culture=neutral, PublicKeyToken=null" name="buscarServicoPorIdTest" />
    </UnitTest>
    <UnitTest name="ContarQuantServicosAtivosTest" storage="d:\net3s\net3services\testproject\bin\debug\testproject.dll" id="252811e3-e504-17b3-3ebb-7471197798bc">
      <Execution id="f3a90cd2-7a44-4c34-aab5-facd64e7f2e4" />
      <TestMethod codeBase="D:/Net3s/Net3Services/TestProject/bin/Debug/TestProject.DLL" adapterTypeName="Microsoft.VisualStudio.TestTools.TestTypes.Unit.UnitTestAdapter, Microsoft.VisualStudio.QualityTools.Tips.UnitTest.Adapter, Version=10.0.0.0, Culture=neutral, PublicKeyToken=b03f5f7f11d50a3a" className="TestProject.ClsServicoBLLTest, TestProject, Version=1.0.0.0, Culture=neutral, PublicKeyToken=null" name="ContarQuantServicosAtivosTest" />
    </UnitTest>
    <UnitTest name="ClsCurriculumBLLConstructorTest" storage="d:\net3s\net3services\testproject\bin\debug\testproject.dll" id="2c6db64a-7807-ee3b-2f0e-f5851e8b7344">
      <Execution id="e0ae1fb5-e763-479b-9a7e-872fa64ed85f" />
      <TestMethod codeBase="D:/Net3s/Net3Services/TestProject/bin/Debug/TestProject.DLL" adapterTypeName="Microsoft.VisualStudio.TestTools.TestTypes.Unit.UnitTestAdapter, Microsoft.VisualStudio.QualityTools.Tips.UnitTest.Adapter, Version=10.0.0.0, Culture=neutral, PublicKeyToken=b03f5f7f11d50a3a" className="TestProject.ClsCurriculumBLLTest, TestProject, Version=1.0.0.0, Culture=neutral, PublicKeyToken=null" name="ClsCurriculumBLLConstructorTest" />
    </UnitTest>
    <UnitTest name="EditarTest" storage="d:\net3s\net3services\testproject\bin\debug\testproject.dll" id="0404b94f-0c43-d419-f48e-dc15db5e9fac">
      <Execution id="df7c6ff7-5bc1-4919-b4ad-6de25a4e35fe" />
      <TestMethod codeBase="D:/Net3s/Net3Services/TestProject/bin/Debug/TestProject.DLL" adapterTypeName="Microsoft.VisualStudio.TestTools.TestTypes.Unit.UnitTestAdapter, Microsoft.VisualStudio.QualityTools.Tips.UnitTest.Adapter, Version=10.0.0.0, Culture=neutral, PublicKeyToken=b03f5f7f11d50a3a" className="TestProject.ClsCategoriaServicoBLLTest, TestProject, Version=1.0.0.0, Culture=neutral, PublicKeyToken=null" name="EditarTest" />
    </UnitTest>
    <UnitTest name="GetArquiosAleatoriosTest" storage="d:\net3s\net3services\testproject\bin\debug\testproject.dll" id="066c72a6-bcde-b607-7b99-aed659bc71d9">
      <Execution id="8333ee24-88b0-4d81-9dbb-de1f15997084" />
      <TestMethod codeBase="D:/Net3s/Net3Services/TestProject/bin/Debug/TestProject.DLL" adapterTypeName="Microsoft.VisualStudio.TestTools.TestTypes.Unit.UnitTestAdapter, Microsoft.VisualStudio.QualityTools.Tips.UnitTest.Adapter, Version=10.0.0.0, Culture=neutral, PublicKeyToken=b03f5f7f11d50a3a" className="TestProject.clsUtilidadesTest, TestProject, Version=1.0.0.0, Culture=neutral, PublicKeyToken=null" name="GetArquiosAleatoriosTest" />
    </UnitTest>
    <UnitTest name="ConfirmarCadastroTest" storage="d:\net3s\net3services\testproject\bin\debug\testproject.dll" id="0f31bf2c-67ed-0ce0-74fc-0f3fecc68c7b">
      <Execution id="f7e68b3e-e21a-487f-8126-af89b97bc5e8" />
      <TestMethod codeBase="D:/Net3s/Net3Services/TestProject/bin/Debug/TestProject.DLL" adapterTypeName="Microsoft.VisualStudio.TestTools.TestTypes.Unit.UnitTestAdapter, Microsoft.VisualStudio.QualityTools.Tips.UnitTest.Adapter, Version=10.0.0.0, Culture=neutral, PublicKeyToken=b03f5f7f11d50a3a" className="TestProject.ClsUsuarioBLLTest, TestProject, Version=1.0.0.0, Culture=neutral, PublicKeyToken=null" name="ConfirmarCadastroTest" />
    </UnitTest>
    <UnitTest name="EditarAdministradorTest" storage="d:\net3s\net3services\testproject\bin\debug\testproject.dll" id="b2635af7-a3ae-0546-58e2-c1bfecbb9ed7">
      <Execution id="cff2ef8a-3567-4828-9995-c563ba5710d0" />
      <TestMethod codeBase="D:/Net3s/Net3Services/TestProject/bin/Debug/TestProject.DLL" adapterTypeName="Microsoft.VisualStudio.TestTools.TestTypes.Unit.UnitTestAdapter, Microsoft.VisualStudio.QualityTools.Tips.UnitTest.Adapter, Version=10.0.0.0, Culture=neutral, PublicKeyToken=b03f5f7f11d50a3a" className="TestProject.ClsAdministradorBLLTest, TestProject, Version=1.0.0.0, Culture=neutral, PublicKeyToken=null" name="EditarAdministradorTest" />
    </UnitTest>
    <UnitTest name="PagarTest" storage="d:\net3s\net3services\testproject\bin\debug\testproject.dll" id="640780ba-eef2-bc88-d773-ce5874258c2f">
      <Execution id="635b82c0-d6e1-4acf-a24a-01ea9c22b491" />
      <TestMethod codeBase="D:/Net3s/Net3Services/TestProject/bin/Debug/TestProject.DLL" adapterTypeName="Microsoft.VisualStudio.TestTools.TestTypes.Unit.UnitTestAdapter, Microsoft.VisualStudio.QualityTools.Tips.UnitTest.Adapter, Version=10.0.0.0, Culture=neutral, PublicKeyToken=b03f5f7f11d50a3a" className="TestProject.ClsAdaptivePaymentBLLTest, TestProject, Version=1.0.0.0, Culture=neutral, PublicKeyToken=null" name="PagarTest" />
    </UnitTest>
    <UnitTest name="BuscarAtualizacoesTest" storage="d:\net3s\net3services\testproject\bin\debug\testproject.dll" id="fcbd39ee-2d2b-eda5-4b07-9a81407f88c3">
      <Execution id="4b2f1f5a-7c14-4bc4-ae92-c3674171fa8b" />
      <TestMethod codeBase="D:/Net3s/Net3Services/TestProject/bin/Debug/TestProject.DLL" adapterTypeName="Microsoft.VisualStudio.TestTools.TestTypes.Unit.UnitTestAdapter, Microsoft.VisualStudio.QualityTools.Tips.UnitTest.Adapter, Version=10.0.0.0, Culture=neutral, PublicKeyToken=b03f5f7f11d50a3a" className="TestProject.ClsAtualizacaoBLLTest, TestProject, Version=1.0.0.0, Culture=neutral, PublicKeyToken=null" name="BuscarAtualizacoesTest" />
    </UnitTest>
    <UnitTest name="BuscarDenunciaPorAcusadoTest" storage="d:\net3s\net3services\testproject\bin\debug\testproject.dll" id="14d02278-2c88-f74f-4595-ca712ebfa87c">
      <Execution id="326c15da-55e5-4bea-aa0e-5ccda976896e" />
      <TestMethod codeBase="D:/Net3s/Net3Services/TestProject/bin/Debug/TestProject.DLL" adapterTypeName="Microsoft.VisualStudio.TestTools.TestTypes.Unit.UnitTestAdapter, Microsoft.VisualStudio.QualityTools.Tips.UnitTest.Adapter, Version=10.0.0.0, Culture=neutral, PublicKeyToken=b03f5f7f11d50a3a" className="TestProject.ClsDenunciaBLLTest, TestProject, Version=1.0.0.0, Culture=neutral, PublicKeyToken=null" name="BuscarDenunciaPorAcusadoTest" />
    </UnitTest>
    <UnitTest name="BuscarUsuarioPorLoginTest" storage="d:\net3s\net3services\testproject\bin\debug\testproject.dll" id="b3217b5f-dd9b-4f42-3e10-fdabcb2247e3">
      <Execution id="157d4060-3bb5-4e20-877f-0f4a3ba9f2a2" />
      <TestMethod codeBase="D:/Net3s/Net3Services/TestProject/bin/Debug/TestProject.DLL" adapterTypeName="Microsoft.VisualStudio.TestTools.TestTypes.Unit.UnitTestAdapter, Microsoft.VisualStudio.QualityTools.Tips.UnitTest.Adapter, Version=10.0.0.0, Culture=neutral, PublicKeyToken=b03f5f7f11d50a3a" className="TestProject.ClsUsuarioBLLTest, TestProject, Version=1.0.0.0, Culture=neutral, PublicKeyToken=null" name="BuscarUsuarioPorLoginTest" />
    </UnitTest>
    <UnitTest name="ClsHistoricoServicoBLLConstructorTest" storage="d:\net3s\net3services\testproject\bin\debug\testproject.dll" id="ec247ad7-2b66-3086-52bb-f15624d32825">
      <Execution id="d532f5fd-11d5-4a69-811c-f1d3c31f0f23" />
      <TestMethod codeBase="D:/Net3s/Net3Services/TestProject/bin/Debug/TestProject.DLL" adapterTypeName="Microsoft.VisualStudio.TestTools.TestTypes.Unit.UnitTestAdapter, Microsoft.VisualStudio.QualityTools.Tips.UnitTest.Adapter, Version=10.0.0.0, Culture=neutral, PublicKeyToken=b03f5f7f11d50a3a" className="TestProject.ClsHistoricoServicoBLLTest, TestProject, Version=1.0.0.0, Culture=neutral, PublicKeyToken=null" name="ClsHistoricoServicoBLLConstructorTest" />
    </UnitTest>
    <UnitTest name="BuscarDenunciaPorDenuncianteTest" storage="d:\net3s\net3services\testproject\bin\debug\testproject.dll" id="46a14eda-c0fd-0c2a-2b48-8195600c2702">
      <Execution id="af18a51e-3cc4-459b-8931-ac304a53e5c2" />
      <TestMethod codeBase="D:/Net3s/Net3Services/TestProject/bin/Debug/TestProject.DLL" adapterTypeName="Microsoft.VisualStudio.TestTools.TestTypes.Unit.UnitTestAdapter, Microsoft.VisualStudio.QualityTools.Tips.UnitTest.Adapter, Version=10.0.0.0, Culture=neutral, PublicKeyToken=b03f5f7f11d50a3a" className="TestProject.ClsDenunciaBLLTest, TestProject, Version=1.0.0.0, Culture=neutral, PublicKeyToken=null" name="BuscarDenunciaPorDenuncianteTest" />
    </UnitTest>
    <UnitTest name="VerificarImagemTest" storage="d:\net3s\net3services\testproject\bin\debug\testproject.dll" id="16332789-3439-c798-eff3-f0ee68fbda2b">
      <Execution id="964717f5-ba75-44e8-8cf6-e7d707c232a8" />
      <TestMethod codeBase="D:/Net3s/Net3Services/TestProject/bin/Debug/TestProject.DLL" adapterTypeName="Microsoft.VisualStudio.TestTools.TestTypes.Unit.UnitTestAdapter, Microsoft.VisualStudio.QualityTools.Tips.UnitTest.Adapter, Version=10.0.0.0, Culture=neutral, PublicKeyToken=b03f5f7f11d50a3a" className="TestProject.ClsUsuarioBLLTest, TestProject, Version=1.0.0.0, Culture=neutral, PublicKeyToken=null" name="VerificarImagemTest" />
    </UnitTest>
    <UnitTest name="EditarSituacaoTest" storage="d:\net3s\net3services\testproject\bin\debug\testproject.dll" id="12102e82-c6ec-3f1d-6bc8-0853000b1a89">
      <Execution id="acddc50f-8192-4cbf-90f6-57196183c70b" />
      <TestMethod codeBase="D:/Net3s/Net3Services/TestProject/bin/Debug/TestProject.DLL" adapterTypeName="Microsoft.VisualStudio.TestTools.TestTypes.Unit.UnitTestAdapter, Microsoft.VisualStudio.QualityTools.Tips.UnitTest.Adapter, Version=10.0.0.0, Culture=neutral, PublicKeyToken=b03f5f7f11d50a3a" className="TestProject.ClsAdministradorBLLTest, TestProject, Version=1.0.0.0, Culture=neutral, PublicKeyToken=null" name="EditarSituacaoTest" />
    </UnitTest>
    <UnitTest name="EditarTest" storage="d:\net3s\net3services\testproject\bin\debug\testproject.dll" id="529752e7-48c8-9456-6548-7a9f1a0ef8c0">
      <Execution id="b1ef3a02-e3b1-4c1c-93ee-a7f8969b52c5" />
      <TestMethod codeBase="D:/Net3s/Net3Services/TestProject/bin/Debug/TestProject.DLL" adapterTypeName="Microsoft.VisualStudio.TestTools.TestTypes.Unit.UnitTestAdapter, Microsoft.VisualStudio.QualityTools.Tips.UnitTest.Adapter, Version=10.0.0.0, Culture=neutral, PublicKeyToken=b03f5f7f11d50a3a" className="TestProject.ClsHistoricoServicoBLLTest, TestProject, Version=1.0.0.0, Culture=neutral, PublicKeyToken=null" name="EditarTest" />
    </UnitTest>
    <UnitTest name="BuscaTodasOrcamentariasTest" storage="d:\net3s\net3services\testproject\bin\debug\testproject.dll" id="75fe70e9-4bc7-168b-9247-a8896756791b">
      <Execution id="fad126dc-7324-4680-bb0e-8e3ecef45150" />
      <TestMethod codeBase="D:/Net3s/Net3Services/TestProject/bin/Debug/TestProject.DLL" adapterTypeName="Microsoft.VisualStudio.TestTools.TestTypes.Unit.UnitTestAdapter, Microsoft.VisualStudio.QualityTools.Tips.UnitTest.Adapter, Version=10.0.0.0, Culture=neutral, PublicKeyToken=b03f5f7f11d50a3a" className="TestProject.ClsNotificacaoBLLTest, TestProject, Version=1.0.0.0, Culture=neutral, PublicKeyToken=null" name="BuscaTodasOrcamentariasTest" />
    </UnitTest>
    <UnitTest name="ClsOcorrenciaBLLConstructorTest" storage="d:\net3s\net3services\testproject\bin\debug\testproject.dll" id="d8ef4e1f-33c2-8ede-a37b-68089cb29553">
      <Execution id="4661d27d-7063-4ff2-9f10-d2c1474b1dd8" />
      <TestMethod codeBase="D:/Net3s/Net3Services/TestProject/bin/Debug/TestProject.DLL" adapterTypeName="Microsoft.VisualStudio.TestTools.TestTypes.Unit.UnitTestAdapter, Microsoft.VisualStudio.QualityTools.Tips.UnitTest.Adapter, Version=10.0.0.0, Culture=neutral, PublicKeyToken=b03f5f7f11d50a3a" className="TestProject.ClsOcorrenciaBLLTest, TestProject, Version=1.0.0.0, Culture=neutral, PublicKeyToken=null" name="ClsOcorrenciaBLLConstructorTest" />
    </UnitTest>
    <UnitTest name="BuscarUsuarioPorIDTest" storage="d:\net3s\net3services\testproject\bin\debug\testproject.dll" id="1ea9cc0b-8783-4023-17f0-c31a8efc2967">
      <Execution id="a891bff2-9518-4ff6-a22b-f071e9d8da4f" />
      <TestMethod codeBase="D:/Net3s/Net3Services/TestProject/bin/Debug/TestProject.DLL" adapterTypeName="Microsoft.VisualStudio.TestTools.TestTypes.Unit.UnitTestAdapter, Microsoft.VisualStudio.QualityTools.Tips.UnitTest.Adapter, Version=10.0.0.0, Culture=neutral, PublicKeyToken=b03f5f7f11d50a3a" className="TestProject.ClsUsuarioBLLTest, TestProject, Version=1.0.0.0, Culture=neutral, PublicKeyToken=null" name="BuscarUsuarioPorIDTest" />
    </UnitTest>
    <UnitTest name="EditarLoginUsuarioTest" storage="d:\net3s\net3services\testproject\bin\debug\testproject.dll" id="075ac84d-c0a2-5ec9-bd24-9240bdf9a797">
      <Execution id="f4708eac-c552-4826-9e90-d5b4d4a9f9fb" />
      <TestMethod codeBase="D:/Net3s/Net3Services/TestProject/bin/Debug/TestProject.DLL" adapterTypeName="Microsoft.VisualStudio.TestTools.TestTypes.Unit.UnitTestAdapter, Microsoft.VisualStudio.QualityTools.Tips.UnitTest.Adapter, Version=10.0.0.0, Culture=neutral, PublicKeyToken=b03f5f7f11d50a3a" className="TestProject.ClsUsuarioBLLTest, TestProject, Version=1.0.0.0, Culture=neutral, PublicKeyToken=null" name="EditarLoginUsuarioTest" />
    </UnitTest>
    <UnitTest name="BuscarTodosTest" storage="d:\net3s\net3services\testproject\bin\debug\testproject.dll" id="bd479e21-958e-34b6-9706-ff5f56795be3">
      <Execution id="fa213ce0-4f0d-458b-bda1-0d8571930b03" />
      <TestMethod codeBase="D:/Net3s/Net3Services/TestProject/bin/Debug/TestProject.DLL" adapterTypeName="Microsoft.VisualStudio.TestTools.TestTypes.Unit.UnitTestAdapter, Microsoft.VisualStudio.QualityTools.Tips.UnitTest.Adapter, Version=10.0.0.0, Culture=neutral, PublicKeyToken=b03f5f7f11d50a3a" className="TestProject.ClsServicoBLLTest, TestProject, Version=1.0.0.0, Culture=neutral, PublicKeyToken=null" name="BuscarTodosTest" />
    </UnitTest>
    <UnitTest name="BuscarServicosPorCategoriaTest" storage="d:\net3s\net3services\testproject\bin\debug\testproject.dll" id="fb94b9da-8a73-e45d-a387-7900f0975352">
      <Execution id="d9a89866-e051-4f17-8763-2aed3c26d2d5" />
      <TestMethod codeBase="D:/Net3s/Net3Services/TestProject/bin/Debug/TestProject.DLL" adapterTypeName="Microsoft.VisualStudio.TestTools.TestTypes.Unit.UnitTestAdapter, Microsoft.VisualStudio.QualityTools.Tips.UnitTest.Adapter, Version=10.0.0.0, Culture=neutral, PublicKeyToken=b03f5f7f11d50a3a" className="TestProject.ClsServicoBLLTest, TestProject, Version=1.0.0.0, Culture=neutral, PublicKeyToken=null" name="BuscarServicosPorCategoriaTest" />
    </UnitTest>
    <UnitTest name="GetNomeMesTest" storage="d:\net3s\net3services\testproject\bin\debug\testproject.dll" id="158745b7-dc32-fb94-0c64-de5bdfa45723">
      <Execution id="39fb46c4-de70-4ee1-8506-8b1670ec4d9b" />
      <TestMethod codeBase="D:/Net3s/Net3Services/TestProject/bin/Debug/TestProject.DLL" adapterTypeName="Microsoft.VisualStudio.TestTools.TestTypes.Unit.UnitTestAdapter, Microsoft.VisualStudio.QualityTools.Tips.UnitTest.Adapter, Version=10.0.0.0, Culture=neutral, PublicKeyToken=b03f5f7f11d50a3a" className="TestProject.clsUtilidadesTest, TestProject, Version=1.0.0.0, Culture=neutral, PublicKeyToken=null" name="GetNomeMesTest" />
    </UnitTest>
    <UnitTest name="BuscaOrcamentoNaoAprovadosPrestTest" storage="d:\net3s\net3services\testproject\bin\debug\testproject.dll" id="aae7e9d9-628a-f1a8-360c-eb616c0062eb">
      <Execution id="e33b6062-350f-404f-8bce-1095e28c0081" />
      <TestMethod codeBase="D:/Net3s/Net3Services/TestProject/bin/Debug/TestProject.DLL" adapterTypeName="Microsoft.VisualStudio.TestTools.TestTypes.Unit.UnitTestAdapter, Microsoft.VisualStudio.QualityTools.Tips.UnitTest.Adapter, Version=10.0.0.0, Culture=neutral, PublicKeyToken=b03f5f7f11d50a3a" className="TestProject.ClsOrcamentoBLLTest, TestProject, Version=1.0.0.0, Culture=neutral, PublicKeyToken=null" name="BuscaOrcamentoNaoAprovadosPrestTest" />
    </UnitTest>
    <UnitTest name="lerXmlCatalogoEnderecoTest" storage="d:\net3s\net3services\testproject\bin\debug\testproject.dll" id="c4987fc4-c6ef-9909-57d3-d4b82046737a">
      <Execution id="f350cf19-42d6-4f3e-8d14-530701c72d57" />
      <TestMethod codeBase="D:/Net3s/Net3Services/TestProject/bin/Debug/TestProject.DLL" adapterTypeName="Microsoft.VisualStudio.TestTools.TestTypes.Unit.UnitTestAdapter, Microsoft.VisualStudio.QualityTools.Tips.UnitTest.Adapter, Version=10.0.0.0, Culture=neutral, PublicKeyToken=b03f5f7f11d50a3a" className="TestProject.ClsCatalogoEnderecosBLLTest, TestProject, Version=1.0.0.0, Culture=neutral, PublicKeyToken=null" name="lerXmlCatalogoEnderecoTest" />
    </UnitTest>
    <UnitTest name="MessageTest" storage="d:\net3s\net3services\testproject\bin\debug\testproject.dll" id="cb49ceea-fe12-6e3c-697f-2955cb6c5f4a">
      <Execution id="544e2fe0-6f2b-4c3f-aba7-dccf65718526" />
      <TestMethod codeBase="D:/Net3s/Net3Services/TestProject/bin/Debug/TestProject.DLL" adapterTypeName="Microsoft.VisualStudio.TestTools.TestTypes.Unit.UnitTestAdapter, Microsoft.VisualStudio.QualityTools.Tips.UnitTest.Adapter, Version=10.0.0.0, Culture=neutral, PublicKeyToken=b03f5f7f11d50a3a" className="TestProject.OidNullExceptionTest, TestProject, Version=1.0.0.0, Culture=neutral, PublicKeyToken=null" name="MessageTest" />
    </UnitTest>
    <UnitTest name="ClsDenunciaBLLConstructorTest" storage="d:\net3s\net3services\testproject\bin\debug\testproject.dll" id="e968481c-9abb-1a51-80b5-63b8ffcb3a50">
      <Execution id="6767a193-a5f7-4807-a28b-d7d1cd824fa7" />
      <TestMethod codeBase="D:/Net3s/Net3Services/TestProject/bin/Debug/TestProject.DLL" adapterTypeName="Microsoft.VisualStudio.TestTools.TestTypes.Unit.UnitTestAdapter, Microsoft.VisualStudio.QualityTools.Tips.UnitTest.Adapter, Version=10.0.0.0, Culture=neutral, PublicKeyToken=b03f5f7f11d50a3a" className="TestProject.ClsDenunciaBLLTest, TestProject, Version=1.0.0.0, Culture=neutral, PublicKeyToken=null" name="ClsDenunciaBLLConstructorTest" />
    </UnitTest>
    <UnitTest name="InserirTest1" storage="d:\net3s\net3services\testproject\bin\debug\testproject.dll" id="71048f58-8e3f-1480-34da-5412bb3bdda0">
      <Execution id="73984342-96bc-4f1e-a3a7-7b2ddd113494" />
      <TestMethod codeBase="D:/Net3s/Net3Services/TestProject/bin/Debug/TestProject.DLL" adapterTypeName="Microsoft.VisualStudio.TestTools.TestTypes.Unit.UnitTestAdapter, Microsoft.VisualStudio.QualityTools.Tips.UnitTest.Adapter, Version=10.0.0.0, Culture=neutral, PublicKeyToken=b03f5f7f11d50a3a" className="TestProject.ClsCatalogoEnderecosBLLTest, TestProject, Version=1.0.0.0, Culture=neutral, PublicKeyToken=null" name="InserirTest1" />
    </UnitTest>
    <UnitTest name="BuscarAdministradorPorNomeTest" storage="d:\net3s\net3services\testproject\bin\debug\testproject.dll" id="398192eb-c622-89df-eef0-ec8ddd7327c0">
      <Execution id="300c354e-7116-4d27-8be8-bd03f2534fa5" />
      <TestMethod codeBase="D:/Net3s/Net3Services/TestProject/bin/Debug/TestProject.DLL" adapterTypeName="Microsoft.VisualStudio.TestTools.TestTypes.Unit.UnitTestAdapter, Microsoft.VisualStudio.QualityTools.Tips.UnitTest.Adapter, Version=10.0.0.0, Culture=neutral, PublicKeyToken=b03f5f7f11d50a3a" className="TestProject.ClsAdministradorBLLTest, TestProject, Version=1.0.0.0, Culture=neutral, PublicKeyToken=null" name="BuscarAdministradorPorNomeTest" />
    </UnitTest>
    <UnitTest name="ExcluirContatoNetworkTest" storage="d:\net3s\net3services\testproject\bin\debug\testproject.dll" id="881e9254-54be-23ab-2ae7-27f9999c0db9">
      <Execution id="170e44e5-9588-4eba-ad48-1a2b9ffd0d2f" />
      <TestMethod codeBase="D:/Net3s/Net3Services/TestProject/bin/Debug/TestProject.DLL" adapterTypeName="Microsoft.VisualStudio.TestTools.TestTypes.Unit.UnitTestAdapter, Microsoft.VisualStudio.QualityTools.Tips.UnitTest.Adapter, Version=10.0.0.0, Culture=neutral, PublicKeyToken=b03f5f7f11d50a3a" className="TestProject.ClsContatoBLLTest, TestProject, Version=1.0.0.0, Culture=neutral, PublicKeyToken=null" name="ExcluirContatoNetworkTest" />
    </UnitTest>
    <UnitTest name="BuscarStatusTest" storage="d:\net3s\net3services\testproject\bin\debug\testproject.dll" id="2f48cd32-ffbc-72eb-b35c-9175dd953366">
      <Execution id="18d97342-d593-4506-af4a-406caed15c16" />
      <TestMethod codeBase="D:/Net3s/Net3Services/TestProject/bin/Debug/TestProject.DLL" adapterTypeName="Microsoft.VisualStudio.TestTools.TestTypes.Unit.UnitTestAdapter, Microsoft.VisualStudio.QualityTools.Tips.UnitTest.Adapter, Version=10.0.0.0, Culture=neutral, PublicKeyToken=b03f5f7f11d50a3a" className="TestProject.ClsUsuarioBLLTest, TestProject, Version=1.0.0.0, Culture=neutral, PublicKeyToken=null" name="BuscarStatusTest" />
    </UnitTest>
    <UnitTest name="InserirNotificacaoTest" storage="d:\net3s\net3services\testproject\bin\debug\testproject.dll" id="80edb340-e7da-72ab-45dc-fadb3c352c3f">
      <Execution id="0bdf3a4d-d081-4f46-bf48-0db23dc36688" />
      <TestMethod codeBase="D:/Net3s/Net3Services/TestProject/bin/Debug/TestProject.DLL" adapterTypeName="Microsoft.VisualStudio.TestTools.TestTypes.Unit.UnitTestAdapter, Microsoft.VisualStudio.QualityTools.Tips.UnitTest.Adapter, Version=10.0.0.0, Culture=neutral, PublicKeyToken=b03f5f7f11d50a3a" className="TestProject.ClsContatoBLLTest, TestProject, Version=1.0.0.0, Culture=neutral, PublicKeyToken=null" name="InserirNotificacaoTest" />
    </UnitTest>
    <UnitTest name="BuscarOcorrenciaPorAcusadoTest" storage="d:\net3s\net3services\testproject\bin\debug\testproject.dll" id="5b698b01-7884-9c43-c9ce-9a9245c14309">
      <Execution id="affd40c3-6f4f-4ae8-bedb-50463a9ebdc6" />
      <TestMethod codeBase="D:/Net3s/Net3Services/TestProject/bin/Debug/TestProject.DLL" adapterTypeName="Microsoft.VisualStudio.TestTools.TestTypes.Unit.UnitTestAdapter, Microsoft.VisualStudio.QualityTools.Tips.UnitTest.Adapter, Version=10.0.0.0, Culture=neutral, PublicKeyToken=b03f5f7f11d50a3a" className="TestProject.ClsOcorrenciaBLLTest, TestProject, Version=1.0.0.0, Culture=neutral, PublicKeyToken=null" name="BuscarOcorrenciaPorAcusadoTest" />
    </UnitTest>
    <UnitTest name="editarUsuarioTest" storage="d:\net3s\net3services\testproject\bin\debug\testproject.dll" id="1a15c9ac-91d2-2979-1bb2-1e2b2af1bc2a">
      <Execution id="a6aed0f3-2f0e-4687-8a12-d1d7e67e3b73" />
      <TestMethod codeBase="D:/Net3s/Net3Services/TestProject/bin/Debug/TestProject.DLL" adapterTypeName="Microsoft.VisualStudio.TestTools.TestTypes.Unit.UnitTestAdapter, Microsoft.VisualStudio.QualityTools.Tips.UnitTest.Adapter, Version=10.0.0.0, Culture=neutral, PublicKeyToken=b03f5f7f11d50a3a" className="TestProject.ClsUsuarioBLLTest, TestProject, Version=1.0.0.0, Culture=neutral, PublicKeyToken=null" name="editarUsuarioTest" />
    </UnitTest>
    <UnitTest name="ExcluirPaisTest" storage="d:\net3s\net3services\testproject\bin\debug\testproject.dll" id="b0b891e5-2a5c-b3e9-2deb-75992518c480">
      <Execution id="0bfbf03d-d413-4aa1-b602-05b782339e1a" />
      <TestMethod codeBase="D:/Net3s/Net3Services/TestProject/bin/Debug/TestProject.DLL" adapterTypeName="Microsoft.VisualStudio.TestTools.TestTypes.Unit.UnitTestAdapter, Microsoft.VisualStudio.QualityTools.Tips.UnitTest.Adapter, Version=10.0.0.0, Culture=neutral, PublicKeyToken=b03f5f7f11d50a3a" className="TestProject.ClsCatalogoEnderecosBLLTest, TestProject, Version=1.0.0.0, Culture=neutral, PublicKeyToken=null" name="ExcluirPaisTest" />
    </UnitTest>
    <UnitTest name="VlidarConfigEnrerecoTest" storage="d:\net3s\net3services\testproject\bin\debug\testproject.dll" id="81dcdbda-3974-ce84-3be1-6fb750d02cb8">
      <Execution id="da05ac50-9cd7-494e-95c8-ec23f1c93117" />
      <TestMethod codeBase="D:/Net3s/Net3Services/TestProject/bin/Debug/TestProject.DLL" adapterTypeName="Microsoft.VisualStudio.TestTools.TestTypes.Unit.UnitTestAdapter, Microsoft.VisualStudio.QualityTools.Tips.UnitTest.Adapter, Version=10.0.0.0, Culture=neutral, PublicKeyToken=b03f5f7f11d50a3a" className="TestProject.ClsUsuarioBLLTest, TestProject, Version=1.0.0.0, Culture=neutral, PublicKeyToken=null" name="VlidarConfigEnrerecoTest" />
    </UnitTest>
    <UnitTest name="OidExceptionConstructorTest" storage="d:\net3s\net3services\testproject\bin\debug\testproject.dll" id="ac9ec74a-a110-9f04-66b1-e2f2a092b656">
      <Execution id="149f8178-8b03-4bda-9387-acc3f426dcb4" />
      <TestMethod codeBase="D:/Net3s/Net3Services/TestProject/bin/Debug/TestProject.DLL" adapterTypeName="Microsoft.VisualStudio.TestTools.TestTypes.Unit.UnitTestAdapter, Microsoft.VisualStudio.QualityTools.Tips.UnitTest.Adapter, Version=10.0.0.0, Culture=neutral, PublicKeyToken=b03f5f7f11d50a3a" className="TestProject.OidExceptionTest, TestProject, Version=1.0.0.0, Culture=neutral, PublicKeyToken=null" name="OidExceptionConstructorTest" />
    </UnitTest>
    <UnitTest name="OidExceptionConstructorTest1" storage="d:\net3s\net3services\testproject\bin\debug\testproject.dll" id="e1b88a1b-49f6-4af3-5e46-af302ca2824f">
      <Execution id="c881ff80-c667-4ee1-877d-ca3dce8d8ca7" />
      <TestMethod codeBase="D:/Net3s/Net3Services/TestProject/bin/Debug/TestProject.DLL" adapterTypeName="Microsoft.VisualStudio.TestTools.TestTypes.Unit.UnitTestAdapter, Microsoft.VisualStudio.QualityTools.Tips.UnitTest.Adapter, Version=10.0.0.0, Culture=neutral, PublicKeyToken=b03f5f7f11d50a3a" className="TestProject.OidExceptionTest, TestProject, Version=1.0.0.0, Culture=neutral, PublicKeyToken=null" name="OidExceptionConstructorTest1" />
    </UnitTest>
    <UnitTest name="CidadeTest" storage="d:\net3s\net3services\testproject\bin\debug\testproject.dll" id="e1973555-8c12-f871-11f6-e68cb62e33dd">
      <Execution id="d45ca024-d7ea-4629-ab3e-3224bff8e267" />
      <TestMethod codeBase="D:/Net3s/Net3Services/TestProject/bin/Debug/TestProject.DLL" adapterTypeName="Microsoft.VisualStudio.TestTools.TestTypes.Unit.UnitTestAdapter, Microsoft.VisualStudio.QualityTools.Tips.UnitTest.Adapter, Version=10.0.0.0, Culture=neutral, PublicKeyToken=b03f5f7f11d50a3a" className="TestProject.ClsUsuLogadoTest, TestProject, Version=1.0.0.0, Culture=neutral, PublicKeyToken=null" name="CidadeTest" />
    </UnitTest>
    <UnitTest name="EditarCurriculumTest" storage="d:\net3s\net3services\testproject\bin\debug\testproject.dll" id="45897c43-63cb-da00-746f-d8fcc8c1a46e">
      <Execution id="ab40f9f7-6a82-43c5-9aff-b37f31c2b94c" />
      <TestMethod codeBase="D:/Net3s/Net3Services/TestProject/bin/Debug/TestProject.DLL" adapterTypeName="Microsoft.VisualStudio.TestTools.TestTypes.Unit.UnitTestAdapter, Microsoft.VisualStudio.QualityTools.Tips.UnitTest.Adapter, Version=10.0.0.0, Culture=neutral, PublicKeyToken=b03f5f7f11d50a3a" className="TestProject.ClsCurriculumBLLTest, TestProject, Version=1.0.0.0, Culture=neutral, PublicKeyToken=null" name="EditarCurriculumTest" />
    </UnitTest>
    <UnitTest name="BuscarServicoPorNomeTest" storage="d:\net3s\net3services\testproject\bin\debug\testproject.dll" id="09d28f13-aa18-e300-1ec2-8577f7bd46d7">
      <Execution id="6fa9142d-2d60-4c96-bdd2-acebbef70ef4" />
      <TestMethod codeBase="D:/Net3s/Net3Services/TestProject/bin/Debug/TestProject.DLL" adapterTypeName="Microsoft.VisualStudio.TestTools.TestTypes.Unit.UnitTestAdapter, Microsoft.VisualStudio.QualityTools.Tips.UnitTest.Adapter, Version=10.0.0.0, Culture=neutral, PublicKeyToken=b03f5f7f11d50a3a" className="TestProject.ClsServicoBLLTest, TestProject, Version=1.0.0.0, Culture=neutral, PublicKeyToken=null" name="BuscarServicoPorNomeTest" />
    </UnitTest>
    <UnitTest name="BuscarOrcamentoPorUsuarioTest" storage="d:\net3s\net3services\testproject\bin\debug\testproject.dll" id="0736221e-a105-46a2-2242-f1b22e266f91">
      <Execution id="303b484d-5907-4176-ad17-9c4cfeb7a7e9" />
      <TestMethod codeBase="D:/Net3s/Net3Services/TestProject/bin/Debug/TestProject.DLL" adapterTypeName="Microsoft.VisualStudio.TestTools.TestTypes.Unit.UnitTestAdapter, Microsoft.VisualStudio.QualityTools.Tips.UnitTest.Adapter, Version=10.0.0.0, Culture=neutral, PublicKeyToken=b03f5f7f11d50a3a" className="TestProject.ClsOrcamentoBLLTest, TestProject, Version=1.0.0.0, Culture=neutral, PublicKeyToken=null" name="BuscarOrcamentoPorUsuarioTest" />
    </UnitTest>
    <UnitTest name="BuscarCategoriaPorNomeTest" storage="d:\net3s\net3services\testproject\bin\debug\testproject.dll" id="e9ae21d8-bb02-3771-d699-cb7482377476">
      <Execution id="39e1ebd8-d172-4a05-8649-cc1c444977f2" />
      <TestMethod codeBase="D:/Net3s/Net3Services/TestProject/bin/Debug/TestProject.DLL" adapterTypeName="Microsoft.VisualStudio.TestTools.TestTypes.Unit.UnitTestAdapter, Microsoft.VisualStudio.QualityTools.Tips.UnitTest.Adapter, Version=10.0.0.0, Culture=neutral, PublicKeyToken=b03f5f7f11d50a3a" className="TestProject.ClsCategoriaServicoBLLTest, TestProject, Version=1.0.0.0, Culture=neutral, PublicKeyToken=null" name="BuscarCategoriaPorNomeTest" />
    </UnitTest>
    <UnitTest name="BuscarEmailTest" storage="d:\net3s\net3services\testproject\bin\debug\testproject.dll" id="efac93e6-bb75-4907-7c8c-525ac4eb065f">
      <Execution id="bee939ad-a3e1-4530-ac40-6adb791b8113" />
      <TestMethod codeBase="D:/Net3s/Net3Services/TestProject/bin/Debug/TestProject.DLL" adapterTypeName="Microsoft.VisualStudio.TestTools.TestTypes.Unit.UnitTestAdapter, Microsoft.VisualStudio.QualityTools.Tips.UnitTest.Adapter, Version=10.0.0.0, Culture=neutral, PublicKeyToken=b03f5f7f11d50a3a" className="TestProject.ClsUsuarioBLLTest, TestProject, Version=1.0.0.0, Culture=neutral, PublicKeyToken=null" name="BuscarEmailTest" />
    </UnitTest>
    <UnitTest name="ExcluirOcorrenciaTest" storage="d:\net3s\net3services\testproject\bin\debug\testproject.dll" id="cf01379f-ff5f-6999-00b8-5367ac95df5e">
      <Execution id="3883c96a-5564-49c8-83a0-495a60d8d211" />
      <TestMethod codeBase="D:/Net3s/Net3Services/TestProject/bin/Debug/TestProject.DLL" adapterTypeName="Microsoft.VisualStudio.TestTools.TestTypes.Unit.UnitTestAdapter, Microsoft.VisualStudio.QualityTools.Tips.UnitTest.Adapter, Version=10.0.0.0, Culture=neutral, PublicKeyToken=b03f5f7f11d50a3a" className="TestProject.ClsOcorrenciaBLLTest, TestProject, Version=1.0.0.0, Culture=neutral, PublicKeyToken=null" name="ExcluirOcorrenciaTest" />
    </UnitTest>
    <UnitTest name="InserirNotificacaoTest" storage="d:\net3s\net3services\testproject\bin\debug\testproject.dll" id="5e1d4342-5232-7c44-1f6d-c27f6a838df9">
      <Execution id="17707c85-4709-4e87-a7fe-7c21ab6d6066" />
      <TestMethod codeBase="D:/Net3s/Net3Services/TestProject/bin/Debug/TestProject.DLL" adapterTypeName="Microsoft.VisualStudio.TestTools.TestTypes.Unit.UnitTestAdapter, Microsoft.VisualStudio.QualityTools.Tips.UnitTest.Adapter, Version=10.0.0.0, Culture=neutral, PublicKeyToken=b03f5f7f11d50a3a" className="TestProject.ClsNotificacaoBLLTest, TestProject, Version=1.0.0.0, Culture=neutral, PublicKeyToken=null" name="InserirNotificacaoTest" />
    </UnitTest>
    <UnitTest name="BuscarUsuarioPorNomeTest" storage="d:\net3s\net3services\testproject\bin\debug\testproject.dll" id="2ab2a576-898b-ed0c-f5d8-a6ce806f47f3">
      <Execution id="66f84243-ed19-421d-863b-badee069cd58" />
      <TestMethod codeBase="D:/Net3s/Net3Services/TestProject/bin/Debug/TestProject.DLL" adapterTypeName="Microsoft.VisualStudio.TestTools.TestTypes.Unit.UnitTestAdapter, Microsoft.VisualStudio.QualityTools.Tips.UnitTest.Adapter, Version=10.0.0.0, Culture=neutral, PublicKeyToken=b03f5f7f11d50a3a" className="TestProject.ClsUsuarioBLLTest, TestProject, Version=1.0.0.0, Culture=neutral, PublicKeyToken=null" name="BuscarUsuarioPorNomeTest" />
    </UnitTest>
    <UnitTest name="OidNullExceptionConstructorTest1" storage="d:\net3s\net3services\testproject\bin\debug\testproject.dll" id="baf45fa3-41d3-f235-4394-cbe5c6199d01">
      <Execution id="277602e1-57b3-40d1-8f3f-cc5685995fb6" />
      <TestMethod codeBase="D:/Net3s/Net3Services/TestProject/bin/Debug/TestProject.DLL" adapterTypeName="Microsoft.VisualStudio.TestTools.TestTypes.Unit.UnitTestAdapter, Microsoft.VisualStudio.QualityTools.Tips.UnitTest.Adapter, Version=10.0.0.0, Culture=neutral, PublicKeyToken=b03f5f7f11d50a3a" className="TestProject.OidNullExceptionTest, TestProject, Version=1.0.0.0, Culture=neutral, PublicKeyToken=null" name="OidNullExceptionConstructorTest1" />
    </UnitTest>
    <UnitTest name="ClsUsuLogadoConstructorTest" storage="d:\net3s\net3services\testproject\bin\debug\testproject.dll" id="315231da-d893-844c-e27b-5a413eeecff8">
      <Execution id="c32710be-24b2-496c-9790-6a73d4803cec" />
      <TestMethod codeBase="D:/Net3s/Net3Services/TestProject/bin/Debug/TestProject.DLL" adapterTypeName="Microsoft.VisualStudio.TestTools.TestTypes.Unit.UnitTestAdapter, Microsoft.VisualStudio.QualityTools.Tips.UnitTest.Adapter, Version=10.0.0.0, Culture=neutral, PublicKeyToken=b03f5f7f11d50a3a" className="TestProject.ClsUsuLogadoTest, TestProject, Version=1.0.0.0, Culture=neutral, PublicKeyToken=null" name="ClsUsuLogadoConstructorTest" />
    </UnitTest>
    <UnitTest name="ClsCategoriaServicoBLLConstructorTest" storage="d:\net3s\net3services\testproject\bin\debug\testproject.dll" id="948785a5-79ab-592c-c30f-45f0fe8686c6">
      <Execution id="3a7cf11d-f06f-43ac-86fb-636c35e0280f" />
      <TestMethod codeBase="D:/Net3s/Net3Services/TestProject/bin/Debug/TestProject.DLL" adapterTypeName="Microsoft.VisualStudio.TestTools.TestTypes.Unit.UnitTestAdapter, Microsoft.VisualStudio.QualityTools.Tips.UnitTest.Adapter, Version=10.0.0.0, Culture=neutral, PublicKeyToken=b03f5f7f11d50a3a" className="TestProject.ClsCategoriaServicoBLLTest, TestProject, Version=1.0.0.0, Culture=neutral, PublicKeyToken=null" name="ClsCategoriaServicoBLLConstructorTest" />
    </UnitTest>
    <UnitTest name="EditarPessoaEnderecoTest" storage="d:\net3s\net3services\testproject\bin\debug\testproject.dll" id="8875030c-1904-7290-1737-28a051d83573">
      <Execution id="bc6be6e1-2091-4534-9732-a688b7983b37" />
      <TestMethod codeBase="D:/Net3s/Net3Services/TestProject/bin/Debug/TestProject.DLL" adapterTypeName="Microsoft.VisualStudio.TestTools.TestTypes.Unit.UnitTestAdapter, Microsoft.VisualStudio.QualityTools.Tips.UnitTest.Adapter, Version=10.0.0.0, Culture=neutral, PublicKeyToken=b03f5f7f11d50a3a" className="TestProject.ClsUsuarioBLLTest, TestProject, Version=1.0.0.0, Culture=neutral, PublicKeyToken=null" name="EditarPessoaEnderecoTest" />
    </UnitTest>
    <UnitTest name="InserirPaisTest" storage="d:\net3s\net3services\testproject\bin\debug\testproject.dll" id="8f19b2ff-d62c-6225-f867-072a68817fdd">
      <Execution id="9d5a1e01-a832-4292-be92-c8aa106e9a51" />
      <TestMethod codeBase="D:/Net3s/Net3Services/TestProject/bin/Debug/TestProject.DLL" adapterTypeName="Microsoft.VisualStudio.TestTools.TestTypes.Unit.UnitTestAdapter, Microsoft.VisualStudio.QualityTools.Tips.UnitTest.Adapter, Version=10.0.0.0, Culture=neutral, PublicKeyToken=b03f5f7f11d50a3a" className="TestProject.ClsCatalogoEnderecosBLLTest, TestProject, Version=1.0.0.0, Culture=neutral, PublicKeyToken=null" name="InserirPaisTest" />
    </UnitTest>
    <UnitTest name="BuscarContatoPorNomeRegexTest" storage="d:\net3s\net3services\testproject\bin\debug\testproject.dll" id="af342d55-cc5d-4cbf-317d-e587b5f2e533">
      <Execution id="5d50a562-06c6-4d10-b752-e76978473e0e" />
      <TestMethod codeBase="D:/Net3s/Net3Services/TestProject/bin/Debug/TestProject.DLL" adapterTypeName="Microsoft.VisualStudio.TestTools.TestTypes.Unit.UnitTestAdapter, Microsoft.VisualStudio.QualityTools.Tips.UnitTest.Adapter, Version=10.0.0.0, Culture=neutral, PublicKeyToken=b03f5f7f11d50a3a" className="TestProject.ClsContatoBLLTest, TestProject, Version=1.0.0.0, Culture=neutral, PublicKeyToken=null" name="BuscarContatoPorNomeRegexTest" />
    </UnitTest>
    <UnitTest name="BuscarAdministradorPorIDTest" storage="d:\net3s\net3services\testproject\bin\debug\testproject.dll" id="9c723ffe-9497-26da-faee-f405391e933d">
      <Execution id="df19e5a6-01ab-48f3-aa9f-29dfde2a3683" />
      <TestMethod codeBase="D:/Net3s/Net3Services/TestProject/bin/Debug/TestProject.DLL" adapterTypeName="Microsoft.VisualStudio.TestTools.TestTypes.Unit.UnitTestAdapter, Microsoft.VisualStudio.QualityTools.Tips.UnitTest.Adapter, Version=10.0.0.0, Culture=neutral, PublicKeyToken=b03f5f7f11d50a3a" className="TestProject.ClsAdministradorBLLTest, TestProject, Version=1.0.0.0, Culture=neutral, PublicKeyToken=null" name="BuscarAdministradorPorIDTest" />
    </UnitTest>
    <UnitTest name="ValidarOidTest1" storage="d:\net3s\net3services\testproject\bin\debug\testproject.dll" id="303c5cea-6f97-35f9-082d-18cc90831fd8">
      <Execution id="e98a90c2-1418-4240-8bd5-227b2de5d7c2" />
      <TestMethod codeBase="D:/Net3s/Net3Services/TestProject/bin/Debug/TestProject.DLL" adapterTypeName="Microsoft.VisualStudio.TestTools.TestTypes.Unit.UnitTestAdapter, Microsoft.VisualStudio.QualityTools.Tips.UnitTest.Adapter, Version=10.0.0.0, Culture=neutral, PublicKeyToken=b03f5f7f11d50a3a" className="TestProject.clsUtilidadesTest, TestProject, Version=1.0.0.0, Culture=neutral, PublicKeyToken=null" name="ValidarOidTest1" />
    </UnitTest>
    <UnitTest name="LoginTest" storage="d:\net3s\net3services\testproject\bin\debug\testproject.dll" id="82d9e167-a85e-82a9-e70c-a466a2d4a238">
      <Execution id="5d90870b-f30c-48f7-8cac-73033aae17f8" />
      <TestMethod codeBase="D:/Net3s/Net3Services/TestProject/bin/Debug/TestProject.DLL" adapterTypeName="Microsoft.VisualStudio.TestTools.TestTypes.Unit.UnitTestAdapter, Microsoft.VisualStudio.QualityTools.Tips.UnitTest.Adapter, Version=10.0.0.0, Culture=neutral, PublicKeyToken=b03f5f7f11d50a3a" className="TestProject.ClsUsuLogadoTest, TestProject, Version=1.0.0.0, Culture=neutral, PublicKeyToken=null" name="LoginTest" />
    </UnitTest>
    <UnitTest name="ClsImagemConstructorTest" storage="d:\net3s\net3services\testproject\bin\debug\testproject.dll" id="e939222d-b872-fca9-da74-a2c8d5488c99">
      <Execution id="6aa55432-9204-4a54-bb1a-e1eccd6fc0e9" />
      <TestMethod codeBase="D:/Net3s/Net3Services/TestProject/bin/Debug/TestProject.DLL" adapterTypeName="Microsoft.VisualStudio.TestTools.TestTypes.Unit.UnitTestAdapter, Microsoft.VisualStudio.QualityTools.Tips.UnitTest.Adapter, Version=10.0.0.0, Culture=neutral, PublicKeyToken=b03f5f7f11d50a3a" className="TestProject.ClsImagemTest, TestProject, Version=1.0.0.0, Culture=neutral, PublicKeyToken=null" name="ClsImagemConstructorTest" />
    </UnitTest>
    <UnitTest name="ExcluirTest" storage="d:\net3s\net3services\testproject\bin\debug\testproject.dll" id="d743ffcf-5531-145e-b657-2013ace44242">
      <Execution id="cc491233-f670-4bf4-bbb4-31277f48270f" />
      <TestMethod codeBase="D:/Net3s/Net3Services/TestProject/bin/Debug/TestProject.DLL" adapterTypeName="Microsoft.VisualStudio.TestTools.TestTypes.Unit.UnitTestAdapter, Microsoft.VisualStudio.QualityTools.Tips.UnitTest.Adapter, Version=10.0.0.0, Culture=neutral, PublicKeyToken=b03f5f7f11d50a3a" className="TestProject.ClsCategoriaServicoBLLTest, TestProject, Version=1.0.0.0, Culture=neutral, PublicKeyToken=null" name="ExcluirTest" />
    </UnitTest>
    <UnitTest name="EditarRelatorioTest" storage="d:\net3s\net3services\testproject\bin\debug\testproject.dll" id="0bbe1b3b-08eb-9ccd-92b4-9fcca188118a">
      <Execution id="bf4a14a9-c607-461e-aa77-c8bc47cc3155" />
      <TestMethod codeBase="D:/Net3s/Net3Services/TestProject/bin/Debug/TestProject.DLL" adapterTypeName="Microsoft.VisualStudio.TestTools.TestTypes.Unit.UnitTestAdapter, Microsoft.VisualStudio.QualityTools.Tips.UnitTest.Adapter, Version=10.0.0.0, Culture=neutral, PublicKeyToken=b03f5f7f11d50a3a" className="TestProject.ClsRelatoriosBLLTest, TestProject, Version=1.0.0.0, Culture=neutral, PublicKeyToken=null" name="EditarRelatorioTest" />
    </UnitTest>
    <UnitTest name="ClsNotificacaoBLLConstructorTest" storage="d:\net3s\net3services\testproject\bin\debug\testproject.dll" id="b181acc3-ef4a-493e-5c8f-236304a43ea1">
      <Execution id="2cfb96c5-d73e-4685-92cd-d18bb8354a1b" />
      <TestMethod codeBase="D:/Net3s/Net3Services/TestProject/bin/Debug/TestProject.DLL" adapterTypeName="Microsoft.VisualStudio.TestTools.TestTypes.Unit.UnitTestAdapter, Microsoft.VisualStudio.QualityTools.Tips.UnitTest.Adapter, Version=10.0.0.0, Culture=neutral, PublicKeyToken=b03f5f7f11d50a3a" className="TestProject.ClsNotificacaoBLLTest, TestProject, Version=1.0.0.0, Culture=neutral, PublicKeyToken=null" name="ClsNotificacaoBLLConstructorTest" />
    </UnitTest>
    <UnitTest name="ClsAtualizacaoBLLConstructorTest" storage="d:\net3s\net3services\testproject\bin\debug\testproject.dll" id="3b93329e-6a5d-d19f-e68f-00bedc53f4c6">
      <Execution id="d0e16f3c-287a-4ecb-87c3-2ff3fcc9687e" />
      <TestMethod codeBase="D:/Net3s/Net3Services/TestProject/bin/Debug/TestProject.DLL" adapterTypeName="Microsoft.VisualStudio.TestTools.TestTypes.Unit.UnitTestAdapter, Microsoft.VisualStudio.QualityTools.Tips.UnitTest.Adapter, Version=10.0.0.0, Culture=neutral, PublicKeyToken=b03f5f7f11d50a3a" className="TestProject.ClsAtualizacaoBLLTest, TestProject, Version=1.0.0.0, Culture=neutral, PublicKeyToken=null" name="ClsAtualizacaoBLLConstructorTest" />
    </UnitTest>
    <UnitTest name="InserirContatoNetworkTest" storage="d:\net3s\net3services\testproject\bin\debug\testproject.dll" id="e7a12a1a-39d1-7399-881b-c28bf56701d2">
      <Execution id="b11b69f7-82c6-416b-9a42-bdadc8c5f73c" />
      <TestMethod codeBase="D:/Net3s/Net3Services/TestProject/bin/Debug/TestProject.DLL" adapterTypeName="Microsoft.VisualStudio.TestTools.TestTypes.Unit.UnitTestAdapter, Microsoft.VisualStudio.QualityTools.Tips.UnitTest.Adapter, Version=10.0.0.0, Culture=neutral, PublicKeyToken=b03f5f7f11d50a3a" className="TestProject.ClsContatoBLLTest, TestProject, Version=1.0.0.0, Culture=neutral, PublicKeyToken=null" name="InserirContatoNetworkTest" />
    </UnitTest>
    <UnitTest name="VerificaDisponibilidadeTest" storage="d:\net3s\net3services\testproject\bin\debug\testproject.dll" id="76d79a01-6eb6-9178-94f9-d83f76569f3f">
      <Execution id="417a62d0-f039-4502-b8c7-d31a43345390" />
      <TestMethod codeBase="D:/Net3s/Net3Services/TestProject/bin/Debug/TestProject.DLL" adapterTypeName="Microsoft.VisualStudio.TestTools.TestTypes.Unit.UnitTestAdapter, Microsoft.VisualStudio.QualityTools.Tips.UnitTest.Adapter, Version=10.0.0.0, Culture=neutral, PublicKeyToken=b03f5f7f11d50a3a" className="TestProject.ClsAdministradorBLLTest, TestProject, Version=1.0.0.0, Culture=neutral, PublicKeyToken=null" name="VerificaDisponibilidadeTest" />
    </UnitTest>
    <UnitTest name="InserirAtualizacoesTest" storage="d:\net3s\net3services\testproject\bin\debug\testproject.dll" id="d65b7ef7-cbb5-19ad-d19f-a7915773ce0b">
      <Execution id="698bd838-2faa-40f4-a64d-5d987cea8352" />
      <TestMethod codeBase="D:/Net3s/Net3Services/TestProject/bin/Debug/TestProject.DLL" adapterTypeName="Microsoft.VisualStudio.TestTools.TestTypes.Unit.UnitTestAdapter, Microsoft.VisualStudio.QualityTools.Tips.UnitTest.Adapter, Version=10.0.0.0, Culture=neutral, PublicKeyToken=b03f5f7f11d50a3a" className="TestProject.ClsAtualizacaoBLLTest, TestProject, Version=1.0.0.0, Culture=neutral, PublicKeyToken=null" name="InserirAtualizacoesTest" />
    </UnitTest>
    <UnitTest name="BuscarTodosAdmnistradoresTest" storage="d:\net3s\net3services\testproject\bin\debug\testproject.dll" id="f8d6fe0a-584c-437b-b4de-81ed575f1441">
      <Execution id="67fcb3f2-302d-4c0c-bf8b-1bac68ebabff" />
      <TestMethod codeBase="D:/Net3s/Net3Services/TestProject/bin/Debug/TestProject.DLL" adapterTypeName="Microsoft.VisualStudio.TestTools.TestTypes.Unit.UnitTestAdapter, Microsoft.VisualStudio.QualityTools.Tips.UnitTest.Adapter, Version=10.0.0.0, Culture=neutral, PublicKeyToken=b03f5f7f11d50a3a" className="TestProject.ClsAdministradorBLLTest, TestProject, Version=1.0.0.0, Culture=neutral, PublicKeyToken=null" name="BuscarTodosAdmnistradoresTest" />
    </UnitTest>
    <UnitTest name="BuscarTodosContatosTest" storage="d:\net3s\net3services\testproject\bin\debug\testproject.dll" id="113ae85c-9702-f28d-8878-424047a77005">
      <Execution id="c0b0dcd1-cfb5-404d-a430-f7dc78d7ad46" />
      <TestMethod codeBase="D:/Net3s/Net3Services/TestProject/bin/Debug/TestProject.DLL" adapterTypeName="Microsoft.VisualStudio.TestTools.TestTypes.Unit.UnitTestAdapter, Microsoft.VisualStudio.QualityTools.Tips.UnitTest.Adapter, Version=10.0.0.0, Culture=neutral, PublicKeyToken=b03f5f7f11d50a3a" className="TestProject.ClsUsuarioBLLTest, TestProject, Version=1.0.0.0, Culture=neutral, PublicKeyToken=null" name="BuscarTodosContatosTest" />
    </UnitTest>
    <UnitTest name="InserirTest" storage="d:\net3s\net3services\testproject\bin\debug\testproject.dll" id="adc70049-ec2a-1722-0a05-158f9307be47">
      <Execution id="cfff41c2-202c-458e-a025-835c4a047d77" />
      <TestMethod codeBase="D:/Net3s/Net3Services/TestProject/bin/Debug/TestProject.DLL" adapterTypeName="Microsoft.VisualStudio.TestTools.TestTypes.Unit.UnitTestAdapter, Microsoft.VisualStudio.QualityTools.Tips.UnitTest.Adapter, Version=10.0.0.0, Culture=neutral, PublicKeyToken=b03f5f7f11d50a3a" className="TestProject.ClsCatalogoEnderecosBLLTest, TestProject, Version=1.0.0.0, Culture=neutral, PublicKeyToken=null" name="InserirTest" />
    </UnitTest>
    <UnitTest name="ClsContatoBLLConstructorTest" storage="d:\net3s\net3services\testproject\bin\debug\testproject.dll" id="e97a9682-15b9-deac-2dd7-e9f3e3d58f9c">
      <Execution id="b30430a3-b813-449b-a15f-2616ba7f3d0a" />
      <TestMethod codeBase="D:/Net3s/Net3Services/TestProject/bin/Debug/TestProject.DLL" adapterTypeName="Microsoft.VisualStudio.TestTools.TestTypes.Unit.UnitTestAdapter, Microsoft.VisualStudio.QualityTools.Tips.UnitTest.Adapter, Version=10.0.0.0, Culture=neutral, PublicKeyToken=b03f5f7f11d50a3a" className="TestProject.ClsContatoBLLTest, TestProject, Version=1.0.0.0, Culture=neutral, PublicKeyToken=null" name="ClsContatoBLLConstructorTest" />
    </UnitTest>
    <UnitTest name="InserirServicoTest" storage="d:\net3s\net3services\testproject\bin\debug\testproject.dll" id="bf0f20c2-845c-997f-0fa6-6f26cfcdce7c">
      <Execution id="d228f832-53e0-4215-ac53-db52c2d5ca65" />
      <TestMethod codeBase="D:/Net3s/Net3Services/TestProject/bin/Debug/TestProject.DLL" adapterTypeName="Microsoft.VisualStudio.TestTools.TestTypes.Unit.UnitTestAdapter, Microsoft.VisualStudio.QualityTools.Tips.UnitTest.Adapter, Version=10.0.0.0, Culture=neutral, PublicKeyToken=b03f5f7f11d50a3a" className="TestProject.ClsServicoBLLTest, TestProject, Version=1.0.0.0, Culture=neutral, PublicKeyToken=null" name="InserirServicoTest" />
    </UnitTest>
    <UnitTest name="EnviarEmailRecuperarSenhaTest" storage="d:\net3s\net3services\testproject\bin\debug\testproject.dll" id="400fd41d-c5fa-90ec-8391-0cc54e1c49eb">
      <Execution id="82df8051-7c40-482f-8d7c-806b34b55569" />
      <TestMethod codeBase="D:/Net3s/Net3Services/TestProject/bin/Debug/TestProject.DLL" adapterTypeName="Microsoft.VisualStudio.TestTools.TestTypes.Unit.UnitTestAdapter, Microsoft.VisualStudio.QualityTools.Tips.UnitTest.Adapter, Version=10.0.0.0, Culture=neutral, PublicKeyToken=b03f5f7f11d50a3a" className="TestProject.ClsUsuarioBLLTest, TestProject, Version=1.0.0.0, Culture=neutral, PublicKeyToken=null" name="EnviarEmailRecuperarSenhaTest" />
    </UnitTest>
    <UnitTest name="BuscarNotifPorOidTest" storage="d:\net3s\net3services\testproject\bin\debug\testproject.dll" id="02859189-9a13-4088-cf35-bedabb8d6355">
      <Execution id="2d94b0d4-49fe-4fe5-a791-2ad3e1cbe200" />
      <TestMethod codeBase="D:/Net3s/Net3Services/TestProject/bin/Debug/TestProject.DLL" adapterTypeName="Microsoft.VisualStudio.TestTools.TestTypes.Unit.UnitTestAdapter, Microsoft.VisualStudio.QualityTools.Tips.UnitTest.Adapter, Version=10.0.0.0, Culture=neutral, PublicKeyToken=b03f5f7f11d50a3a" className="TestProject.ClsNotificacaoBLLTest, TestProject, Version=1.0.0.0, Culture=neutral, PublicKeyToken=null" name="BuscarNotifPorOidTest" />
    </UnitTest>
    <UnitTest name="ValidarOidTest" storage="d:\net3s\net3services\testproject\bin\debug\testproject.dll" id="81e785f7-2c1a-d647-49ee-821df03b80b0">
      <Execution id="9164774f-524a-4a19-8bcf-ef04903a1f13" />
      <TestMethod codeBase="D:/Net3s/Net3Services/TestProject/bin/Debug/TestProject.DLL" adapterTypeName="Microsoft.VisualStudio.TestTools.TestTypes.Unit.UnitTestAdapter, Microsoft.VisualStudio.QualityTools.Tips.UnitTest.Adapter, Version=10.0.0.0, Culture=neutral, PublicKeyToken=b03f5f7f11d50a3a" className="TestProject.clsUtilidadesTest, TestProject, Version=1.0.0.0, Culture=neutral, PublicKeyToken=null" name="ValidarOidTest" />
    </UnitTest>
    <UnitTest name="BuscarDenunciaPorIDTest" storage="d:\net3s\net3services\testproject\bin\debug\testproject.dll" id="a6ce76e9-c319-ca5d-9bf7-749049d558d4">
      <Execution id="345c1166-e02c-4e93-a42b-28dd06b5e20d" />
      <TestMethod codeBase="D:/Net3s/Net3Services/TestProject/bin/Debug/TestProject.DLL" adapterTypeName="Microsoft.VisualStudio.TestTools.TestTypes.Unit.UnitTestAdapter, Microsoft.VisualStudio.QualityTools.Tips.UnitTest.Adapter, Version=10.0.0.0, Culture=neutral, PublicKeyToken=b03f5f7f11d50a3a" className="TestProject.ClsDenunciaBLLTest, TestProject, Version=1.0.0.0, Culture=neutral, PublicKeyToken=null" name="BuscarDenunciaPorIDTest" />
    </UnitTest>
    <UnitTest name="verificaMenorQuantDenunciaTest" storage="d:\net3s\net3services\testproject\bin\debug\testproject.dll" id="4b466f88-da68-e407-97c2-23fd19c6505e">
      <Execution id="00fb5746-2743-42ce-9fa1-083fc7336c45" />
      <TestMethod codeBase="D:/Net3s/Net3Services/TestProject/bin/Debug/TestProject.DLL" adapterTypeName="Microsoft.VisualStudio.TestTools.TestTypes.Unit.UnitTestAdapter, Microsoft.VisualStudio.QualityTools.Tips.UnitTest.Adapter, Version=10.0.0.0, Culture=neutral, PublicKeyToken=b03f5f7f11d50a3a" className="TestProject.ClsAdministradorBLLTest, TestProject, Version=1.0.0.0, Culture=neutral, PublicKeyToken=null" name="verificaMenorQuantDenunciaTest" />
    </UnitTest>
    <UnitTest name="LerAPIProfileTest" storage="d:\net3s\net3services\testproject\bin\debug\testproject.dll" id="4b935f4d-a931-84d8-f8f6-c4ec4e84c860">
      <DeploymentItems>
        <DeploymentItem filename="ClsLibBLL.dll" />
      </DeploymentItems>
      <Execution id="223e91dc-b389-4e1f-83fd-06330993d651" />
      <TestMethod codeBase="D:/Net3s/Net3Services/TestProject/bin/Debug/TestProject.DLL" adapterTypeName="Microsoft.VisualStudio.TestTools.TestTypes.Unit.UnitTestAdapter, Microsoft.VisualStudio.QualityTools.Tips.UnitTest.Adapter, Version=10.0.0.0, Culture=neutral, PublicKeyToken=b03f5f7f11d50a3a" className="TestProject.ClsAdaptivePaymentBLLTest, TestProject, Version=1.0.0.0, Culture=neutral, PublicKeyToken=null" name="LerAPIProfileTest" />
    </UnitTest>
    <UnitTest name="BuscarTodasCategoriasTest" storage="d:\net3s\net3services\testproject\bin\debug\testproject.dll" id="7c7e2610-e19b-4d01-3a1a-238bf7078274">
      <Execution id="ff05c7ec-3a6e-4b78-9c23-1ab00c468445" />
      <TestMethod codeBase="D:/Net3s/Net3Services/TestProject/bin/Debug/TestProject.DLL" adapterTypeName="Microsoft.VisualStudio.TestTools.TestTypes.Unit.UnitTestAdapter, Microsoft.VisualStudio.QualityTools.Tips.UnitTest.Adapter, Version=10.0.0.0, Culture=neutral, PublicKeyToken=b03f5f7f11d50a3a" className="TestProject.ClsCategoriaServicoBLLTest, TestProject, Version=1.0.0.0, Culture=neutral, PublicKeyToken=null" name="BuscarTodasCategoriasTest" />
    </UnitTest>
    <UnitTest name="EditarOrcamentoTest" storage="d:\net3s\net3services\testproject\bin\debug\testproject.dll" id="a7a7762e-cf80-65e9-257f-80bf3c15ca5e">
      <Execution id="ff69eba5-f9c8-4c99-9d05-64dfccb5e334" />
      <TestMethod codeBase="D:/Net3s/Net3Services/TestProject/bin/Debug/TestProject.DLL" adapterTypeName="Microsoft.VisualStudio.TestTools.TestTypes.Unit.UnitTestAdapter, Microsoft.VisualStudio.QualityTools.Tips.UnitTest.Adapter, Version=10.0.0.0, Culture=neutral, PublicKeyToken=b03f5f7f11d50a3a" className="TestProject.ClsOrcamentoBLLTest, TestProject, Version=1.0.0.0, Culture=neutral, PublicKeyToken=null" name="EditarOrcamentoTest" />
    </UnitTest>
    <UnitTest name="ExcluirTodosContatosTest" storage="d:\net3s\net3services\testproject\bin\debug\testproject.dll" id="a3d8b318-c3f9-7e4d-bd50-8bc3be70fd73">
      <Execution id="16bc5b08-8d37-4311-9320-cbef0b7945b4" />
      <TestMethod codeBase="D:/Net3s/Net3Services/TestProject/bin/Debug/TestProject.DLL" adapterTypeName="Microsoft.VisualStudio.TestTools.TestTypes.Unit.UnitTestAdapter, Microsoft.VisualStudio.QualityTools.Tips.UnitTest.Adapter, Version=10.0.0.0, Culture=neutral, PublicKeyToken=b03f5f7f11d50a3a" className="TestProject.ClsContatoBLLTest, TestProject, Version=1.0.0.0, Culture=neutral, PublicKeyToken=null" name="ExcluirTodosContatosTest" />
    </UnitTest>
    <UnitTest name="ClsCatalogoEnderecosBLLConstructorTest" storage="d:\net3s\net3services\testproject\bin\debug\testproject.dll" id="d888353d-5b09-cd18-72c2-b5f6d263b704">
      <Execution id="4e27d7e0-5fdc-4f61-85ef-200e80a5a550" />
      <TestMethod codeBase="D:/Net3s/Net3Services/TestProject/bin/Debug/TestProject.DLL" adapterTypeName="Microsoft.VisualStudio.TestTools.TestTypes.Unit.UnitTestAdapter, Microsoft.VisualStudio.QualityTools.Tips.UnitTest.Adapter, Version=10.0.0.0, Culture=neutral, PublicKeyToken=b03f5f7f11d50a3a" className="TestProject.ClsCatalogoEnderecosBLLTest, TestProject, Version=1.0.0.0, Culture=neutral, PublicKeyToken=null" name="ClsCatalogoEnderecosBLLConstructorTest" />
    </UnitTest>
    <UnitTest name="validaCadastroLoginTest" storage="d:\net3s\net3services\testproject\bin\debug\testproject.dll" id="d320d328-b5ab-674a-a040-02e202181f27">
      <Execution id="2f0265c8-27c6-4b5c-9c01-a831d2ee16fa" />
      <TestMethod codeBase="D:/Net3s/Net3Services/TestProject/bin/Debug/TestProject.DLL" adapterTypeName="Microsoft.VisualStudio.TestTools.TestTypes.Unit.UnitTestAdapter, Microsoft.VisualStudio.QualityTools.Tips.UnitTest.Adapter, Version=10.0.0.0, Culture=neutral, PublicKeyToken=b03f5f7f11d50a3a" className="TestProject.ClsUsuarioBLLTest, TestProject, Version=1.0.0.0, Culture=neutral, PublicKeyToken=null" name="validaCadastroLoginTest" />
    </UnitTest>
    <UnitTest name="ExcluirRelatorioTest" storage="d:\net3s\net3services\testproject\bin\debug\testproject.dll" id="a2e91bbb-b85b-cb86-2a1e-2f70adb514ab">
      <Execution id="f3d28e82-c777-4fca-a8a2-985c074585e5" />
      <TestMethod codeBase="D:/Net3s/Net3Services/TestProject/bin/Debug/TestProject.DLL" adapterTypeName="Microsoft.VisualStudio.TestTools.TestTypes.Unit.UnitTestAdapter, Microsoft.VisualStudio.QualityTools.Tips.UnitTest.Adapter, Version=10.0.0.0, Culture=neutral, PublicKeyToken=b03f5f7f11d50a3a" className="TestProject.ClsRelatoriosBLLTest, TestProject, Version=1.0.0.0, Culture=neutral, PublicKeyToken=null" name="ExcluirRelatorioTest" />
    </UnitTest>
    <UnitTest name="BuscarOcorrenciaPorStatusTest" storage="d:\net3s\net3services\testproject\bin\debug\testproject.dll" id="3a1440c6-ef1a-520f-983a-3118542b2a46">
      <Execution id="4ea067ab-15fc-4ba3-88a8-77731be4bfc2" />
      <TestMethod codeBase="D:/Net3s/Net3Services/TestProject/bin/Debug/TestProject.DLL" adapterTypeName="Microsoft.VisualStudio.TestTools.TestTypes.Unit.UnitTestAdapter, Microsoft.VisualStudio.QualityTools.Tips.UnitTest.Adapter, Version=10.0.0.0, Culture=neutral, PublicKeyToken=b03f5f7f11d50a3a" className="TestProject.ClsOcorrenciaBLLTest, TestProject, Version=1.0.0.0, Culture=neutral, PublicKeyToken=null" name="BuscarOcorrenciaPorStatusTest" />
    </UnitTest>
    <UnitTest name="BuscarCategoriaPorOidTest" storage="d:\net3s\net3services\testproject\bin\debug\testproject.dll" id="e5890897-0de4-be06-c1fc-e327ba2ba503">
      <Execution id="34fe00cc-483a-433d-b839-463e7438c339" />
      <TestMethod codeBase="D:/Net3s/Net3Services/TestProject/bin/Debug/TestProject.DLL" adapterTypeName="Microsoft.VisualStudio.TestTools.TestTypes.Unit.UnitTestAdapter, Microsoft.VisualStudio.QualityTools.Tips.UnitTest.Adapter, Version=10.0.0.0, Culture=neutral, PublicKeyToken=b03f5f7f11d50a3a" className="TestProject.ClsCategoriaServicoBLLTest, TestProject, Version=1.0.0.0, Culture=neutral, PublicKeyToken=null" name="BuscarCategoriaPorOidTest" />
    </UnitTest>
    <UnitTest name="InserirCidadeTest" storage="d:\net3s\net3services\testproject\bin\debug\testproject.dll" id="8225932f-427b-d7a8-2fd4-8feabe3260d9">
      <Execution id="fe68aa2a-816a-4d70-9914-e0d11396838b" />
      <TestMethod codeBase="D:/Net3s/Net3Services/TestProject/bin/Debug/TestProject.DLL" adapterTypeName="Microsoft.VisualStudio.TestTools.TestTypes.Unit.UnitTestAdapter, Microsoft.VisualStudio.QualityTools.Tips.UnitTest.Adapter, Version=10.0.0.0, Culture=neutral, PublicKeyToken=b03f5f7f11d50a3a" className="TestProject.ClsCatalogoEnderecosBLLTest, TestProject, Version=1.0.0.0, Culture=neutral, PublicKeyToken=null" name="InserirCidadeTest" />
    </UnitTest>
    <UnitTest name="BuscarQuantOrcamentosNaoAprovadosContratTest" storage="d:\net3s\net3services\testproject\bin\debug\testproject.dll" id="38476ee4-8173-17f3-14a9-109cc7c3b636">
      <Execution id="d852f128-0554-4b04-8bf9-a1899772f143" />
      <TestMethod codeBase="D:/Net3s/Net3Services/TestProject/bin/Debug/TestProject.DLL" adapterTypeName="Microsoft.VisualStudio.TestTools.TestTypes.Unit.UnitTestAdapter, Microsoft.VisualStudio.QualityTools.Tips.UnitTest.Adapter, Version=10.0.0.0, Culture=neutral, PublicKeyToken=b03f5f7f11d50a3a" className="TestProject.ClsOrcamentoBLLTest, TestProject, Version=1.0.0.0, Culture=neutral, PublicKeyToken=null" name="BuscarQuantOrcamentosNaoAprovadosContratTest" />
    </UnitTest>
    <UnitTest name="RgTest" storage="d:\net3s\net3services\testproject\bin\debug\testproject.dll" id="0a36327a-bb45-3692-7238-19f468f11f36">
      <Execution id="26ea00d6-0c36-4a04-abc0-7e401777f44f" />
      <TestMethod codeBase="D:/Net3s/Net3Services/TestProject/bin/Debug/TestProject.DLL" adapterTypeName="Microsoft.VisualStudio.TestTools.TestTypes.Unit.UnitTestAdapter, Microsoft.VisualStudio.QualityTools.Tips.UnitTest.Adapter, Version=10.0.0.0, Culture=neutral, PublicKeyToken=b03f5f7f11d50a3a" className="TestProject.ClsUsuLogadoTest, TestProject, Version=1.0.0.0, Culture=neutral, PublicKeyToken=null" name="RgTest" />
    </UnitTest>
    <UnitTest name="ContarNotificacoesTest" storage="d:\net3s\net3services\testproject\bin\debug\testproject.dll" id="055fbdb9-9fe5-f9b8-45fb-ecd2436b57b6">
      <Execution id="982abfa9-5609-4cd6-afa1-ade4099d22d5" />
      <TestMethod codeBase="D:/Net3s/Net3Services/TestProject/bin/Debug/TestProject.DLL" adapterTypeName="Microsoft.VisualStudio.TestTools.TestTypes.Unit.UnitTestAdapter, Microsoft.VisualStudio.QualityTools.Tips.UnitTest.Adapter, Version=10.0.0.0, Culture=neutral, PublicKeyToken=b03f5f7f11d50a3a" className="TestProject.ClsNotificacaoBLLTest, TestProject, Version=1.0.0.0, Culture=neutral, PublicKeyToken=null" name="ContarNotificacoesTest" />
    </UnitTest>
    <UnitTest name="BuscarImagemCategoriaTest" storage="d:\net3s\net3services\testproject\bin\debug\testproject.dll" id="a57698b3-00dd-4eb8-9f32-dd6fe1d55107">
      <Execution id="afac01db-dff0-4dc1-b089-298c12168250" />
      <TestMethod codeBase="D:/Net3s/Net3Services/TestProject/bin/Debug/TestProject.DLL" adapterTypeName="Microsoft.VisualStudio.TestTools.TestTypes.Unit.UnitTestAdapter, Microsoft.VisualStudio.QualityTools.Tips.UnitTest.Adapter, Version=10.0.0.0, Culture=neutral, PublicKeyToken=b03f5f7f11d50a3a" className="TestProject.ClsServicoBLLTest, TestProject, Version=1.0.0.0, Culture=neutral, PublicKeyToken=null" name="BuscarImagemCategoriaTest" />
    </UnitTest>
    <UnitTest name="InserirUsuarioTest" storage="d:\net3s\net3services\testproject\bin\debug\testproject.dll" id="b91a4917-2748-64bc-cc28-99dee08c72fc">
      <Execution id="a70043f1-4005-4aec-a51b-f46d9ce5e751" />
      <TestMethod codeBase="D:/Net3s/Net3Services/TestProject/bin/Debug/TestProject.DLL" adapterTypeName="Microsoft.VisualStudio.TestTools.TestTypes.Unit.UnitTestAdapter, Microsoft.VisualStudio.QualityTools.Tips.UnitTest.Adapter, Version=10.0.0.0, Culture=neutral, PublicKeyToken=b03f5f7f11d50a3a" className="TestProject.ClsUsuarioBLLTest, TestProject, Version=1.0.0.0, Culture=neutral, PublicKeyToken=null" name="InserirUsuarioTest" />
    </UnitTest>
    <UnitTest name="OidToStringTest" storage="d:\net3s\net3services\testproject\bin\debug\testproject.dll" id="e37e3adf-163a-ce12-e4bc-dea655616b56">
      <Execution id="7f6e91e9-3361-4d53-a5cf-f107722e5be6" />
      <TestMethod codeBase="D:/Net3s/Net3Services/TestProject/bin/Debug/TestProject.DLL" adapterTypeName="Microsoft.VisualStudio.TestTools.TestTypes.Unit.UnitTestAdapter, Microsoft.VisualStudio.QualityTools.Tips.UnitTest.Adapter, Version=10.0.0.0, Culture=neutral, PublicKeyToken=b03f5f7f11d50a3a" className="TestProject.clsUtilidadesTest, TestProject, Version=1.0.0.0, Culture=neutral, PublicKeyToken=null" name="OidToStringTest" />
    </UnitTest>
    <UnitTest name="BuscarDenunciaPorDataTest" storage="d:\net3s\net3services\testproject\bin\debug\testproject.dll" id="eb6d7e88-6080-b472-a693-95bacda62142">
      <Execution id="588de6aa-3c21-450f-a661-74742c98b5ac" />
      <TestMethod codeBase="D:/Net3s/Net3Services/TestProject/bin/Debug/TestProject.DLL" adapterTypeName="Microsoft.VisualStudio.TestTools.TestTypes.Unit.UnitTestAdapter, Microsoft.VisualStudio.QualityTools.Tips.UnitTest.Adapter, Version=10.0.0.0, Culture=neutral, PublicKeyToken=b03f5f7f11d50a3a" className="TestProject.ClsDenunciaBLLTest, TestProject, Version=1.0.0.0, Culture=neutral, PublicKeyToken=null" name="BuscarDenunciaPorDataTest" />
    </UnitTest>
    <UnitTest name="EditarDenunciaTest" storage="d:\net3s\net3services\testproject\bin\debug\testproject.dll" id="157420f6-f229-1176-a508-b5dfbe529695">
      <Execution id="292cf925-f1bd-4e67-861a-4843147baabf" />
      <TestMethod codeBase="D:/Net3s/Net3Services/TestProject/bin/Debug/TestProject.DLL" adapterTypeName="Microsoft.VisualStudio.TestTools.TestTypes.Unit.UnitTestAdapter, Microsoft.VisualStudio.QualityTools.Tips.UnitTest.Adapter, Version=10.0.0.0, Culture=neutral, PublicKeyToken=b03f5f7f11d50a3a" className="TestProject.ClsDenunciaBLLTest, TestProject, Version=1.0.0.0, Culture=neutral, PublicKeyToken=null" name="EditarDenunciaTest" />
    </UnitTest>
    <UnitTest name="EditarPessoalUsuarioTest" storage="d:\net3s\net3services\testproject\bin\debug\testproject.dll" id="717907bb-fe63-68c7-bcb5-917221d94989">
      <Execution id="9003001a-b2b9-4f66-87b7-2c444cb621a8" />
      <TestMethod codeBase="D:/Net3s/Net3Services/TestProject/bin/Debug/TestProject.DLL" adapterTypeName="Microsoft.VisualStudio.TestTools.TestTypes.Unit.UnitTestAdapter, Microsoft.VisualStudio.QualityTools.Tips.UnitTest.Adapter, Version=10.0.0.0, Culture=neutral, PublicKeyToken=b03f5f7f11d50a3a" className="TestProject.ClsUsuarioBLLTest, TestProject, Version=1.0.0.0, Culture=neutral, PublicKeyToken=null" name="EditarPessoalUsuarioTest" />
    </UnitTest>
    <UnitTest name="PaisTest" storage="d:\net3s\net3services\testproject\bin\debug\testproject.dll" id="c10aec1c-2141-805c-01b5-e3469b168f5c">
      <Execution id="57cf7472-ae6a-4a2c-bb8a-ff64a5049063" />
      <TestMethod codeBase="D:/Net3s/Net3Services/TestProject/bin/Debug/TestProject.DLL" adapterTypeName="Microsoft.VisualStudio.TestTools.TestTypes.Unit.UnitTestAdapter, Microsoft.VisualStudio.QualityTools.Tips.UnitTest.Adapter, Version=10.0.0.0, Culture=neutral, PublicKeyToken=b03f5f7f11d50a3a" className="TestProject.ClsUsuLogadoTest, TestProject, Version=1.0.0.0, Culture=neutral, PublicKeyToken=null" name="PaisTest" />
    </UnitTest>
    <UnitTest name="BuscarDenunciaAtendenteTest" storage="d:\net3s\net3services\testproject\bin\debug\testproject.dll" id="00fd8b74-26a2-87cf-65b3-765736980b26">
      <Execution id="a0c865e3-f6f5-4b43-a9ea-d800bbe68217" />
      <TestMethod codeBase="D:/Net3s/Net3Services/TestProject/bin/Debug/TestProject.DLL" adapterTypeName="Microsoft.VisualStudio.TestTools.TestTypes.Unit.UnitTestAdapter, Microsoft.VisualStudio.QualityTools.Tips.UnitTest.Adapter, Version=10.0.0.0, Culture=neutral, PublicKeyToken=b03f5f7f11d50a3a" className="TestProject.ClsDenunciaBLLTest, TestProject, Version=1.0.0.0, Culture=neutral, PublicKeyToken=null" name="BuscarDenunciaAtendenteTest" />
    </UnitTest>
    <UnitTest name="IdUsuarioTest" storage="d:\net3s\net3services\testproject\bin\debug\testproject.dll" id="893d87f6-416b-e29a-a697-3f63ed5053d3">
      <Execution id="1f8c1f63-ec5c-4e88-8ea7-addf505cd393" />
      <TestMethod codeBase="D:/Net3s/Net3Services/TestProject/bin/Debug/TestProject.DLL" adapterTypeName="Microsoft.VisualStudio.TestTools.TestTypes.Unit.UnitTestAdapter, Microsoft.VisualStudio.QualityTools.Tips.UnitTest.Adapter, Version=10.0.0.0, Culture=neutral, PublicKeyToken=b03f5f7f11d50a3a" className="TestProject.ClsUsuLogadoTest, TestProject, Version=1.0.0.0, Culture=neutral, PublicKeyToken=null" name="IdUsuarioTest" />
    </UnitTest>
    <UnitTest name="BuscarHistoricoServicosTest" storage="d:\net3s\net3services\testproject\bin\debug\testproject.dll" id="0a86a0dd-2916-6b82-9fbe-10cd34ae8ea4">
      <Execution id="7fcab294-f2f7-40ca-9740-952f3f60b66e" />
      <TestMethod codeBase="D:/Net3s/Net3Services/TestProject/bin/Debug/TestProject.DLL" adapterTypeName="Microsoft.VisualStudio.TestTools.TestTypes.Unit.UnitTestAdapter, Microsoft.VisualStudio.QualityTools.Tips.UnitTest.Adapter, Version=10.0.0.0, Culture=neutral, PublicKeyToken=b03f5f7f11d50a3a" className="TestProject.ClsHistoricoServicoBLLTest, TestProject, Version=1.0.0.0, Culture=neutral, PublicKeyToken=null" name="BuscarHistoricoServicosTest" />
    </UnitTest>
    <UnitTest name="ClsRegistroBLLConstructorTest" storage="d:\net3s\net3services\testproject\bin\debug\testproject.dll" id="5cc35453-d059-632f-ba33-68345f676dcb">
      <Execution id="e1cec233-df17-4a21-860e-157a5f271b3d" />
      <TestMethod codeBase="D:/Net3s/Net3Services/TestProject/bin/Debug/TestProject.DLL" adapterTypeName="Microsoft.VisualStudio.TestTools.TestTypes.Unit.UnitTestAdapter, Microsoft.VisualStudio.QualityTools.Tips.UnitTest.Adapter, Version=10.0.0.0, Culture=neutral, PublicKeyToken=b03f5f7f11d50a3a" className="TestProject.ClsRegistroBLLTest, TestProject, Version=1.0.0.0, Culture=neutral, PublicKeyToken=null" name="ClsRegistroBLLConstructorTest" />
    </UnitTest>
    <UnitTest name="BuscarPaisesTest" storage="d:\net3s\net3services\testproject\bin\debug\testproject.dll" id="d829ec69-c453-710b-1648-362503778bd4">
      <Execution id="fb95fb1a-a2e1-457c-8bb4-b545763158ed" />
      <TestMethod codeBase="D:/Net3s/Net3Services/TestProject/bin/Debug/TestProject.DLL" adapterTypeName="Microsoft.VisualStudio.TestTools.TestTypes.Unit.UnitTestAdapter, Microsoft.VisualStudio.QualityTools.Tips.UnitTest.Adapter, Version=10.0.0.0, Culture=neutral, PublicKeyToken=b03f5f7f11d50a3a" className="TestProject.ClsCatalogoEnderecosBLLTest, TestProject, Version=1.0.0.0, Culture=neutral, PublicKeyToken=null" name="BuscarPaisesTest" />
    </UnitTest>
    <UnitTest name="BuscarAleatorioTest" storage="d:\net3s\net3services\testproject\bin\debug\testproject.dll" id="c65ebd89-7193-d01b-c100-137808d91bfd">
      <Execution id="4b618d7a-eaf2-487a-a7a6-63a771b0fa13" />
      <TestMethod codeBase="D:/Net3s/Net3Services/TestProject/bin/Debug/TestProject.DLL" adapterTypeName="Microsoft.VisualStudio.TestTools.TestTypes.Unit.UnitTestAdapter, Microsoft.VisualStudio.QualityTools.Tips.UnitTest.Adapter, Version=10.0.0.0, Culture=neutral, PublicKeyToken=b03f5f7f11d50a3a" className="TestProject.ClsUsuarioBLLTest, TestProject, Version=1.0.0.0, Culture=neutral, PublicKeyToken=null" name="BuscarAleatorioTest" />
    </UnitTest>
    <UnitTest name="DesativarServicoTest" storage="d:\net3s\net3services\testproject\bin\debug\testproject.dll" id="d9b9617b-f21f-ad0d-5e7d-8fd2b6e4698c">
      <Execution id="9b5f66ee-f11a-4dbe-8299-7facbdd90968" />
      <TestMethod codeBase="D:/Net3s/Net3Services/TestProject/bin/Debug/TestProject.DLL" adapterTypeName="Microsoft.VisualStudio.TestTools.TestTypes.Unit.UnitTestAdapter, Microsoft.VisualStudio.QualityTools.Tips.UnitTest.Adapter, Version=10.0.0.0, Culture=neutral, PublicKeyToken=b03f5f7f11d50a3a" className="TestProject.ClsServicoBLLTest, TestProject, Version=1.0.0.0, Culture=neutral, PublicKeyToken=null" name="DesativarServicoTest" />
    </UnitTest>
    <UnitTest name="CampoErradoTest" storage="d:\net3s\net3services\testproject\bin\debug\testproject.dll" id="0f814e7d-b1db-9ba8-92fb-35f627b7b883">
      <Execution id="d01b00be-4e53-440b-ab45-b87dcc96ab02" />
      <TestMethod codeBase="D:/Net3s/Net3Services/TestProject/bin/Debug/TestProject.DLL" adapterTypeName="Microsoft.VisualStudio.TestTools.TestTypes.Unit.UnitTestAdapter, Microsoft.VisualStudio.QualityTools.Tips.UnitTest.Adapter, Version=10.0.0.0, Culture=neutral, PublicKeyToken=b03f5f7f11d50a3a" className="TestProject.clsUtilidadesTest, TestProject, Version=1.0.0.0, Culture=neutral, PublicKeyToken=null" name="CampoErradoTest" />
    </UnitTest>
    <UnitTest name="ClsServicoBLLConstructorTest" storage="d:\net3s\net3services\testproject\bin\debug\testproject.dll" id="84d55870-ab5e-f9a1-3dad-5d5e267c00ce">
      <Execution id="426d0bfc-d33a-43b4-a655-f8049c2d942a" />
      <TestMethod codeBase="D:/Net3s/Net3Services/TestProject/bin/Debug/TestProject.DLL" adapterTypeName="Microsoft.VisualStudio.TestTools.TestTypes.Unit.UnitTestAdapter, Microsoft.VisualStudio.QualityTools.Tips.UnitTest.Adapter, Version=10.0.0.0, Culture=neutral, PublicKeyToken=b03f5f7f11d50a3a" className="TestProject.ClsServicoBLLTest, TestProject, Version=1.0.0.0, Culture=neutral, PublicKeyToken=null" name="ClsServicoBLLConstructorTest" />
    </UnitTest>
    <UnitTest name="LimparPropriedadesTest" storage="d:\net3s\net3services\testproject\bin\debug\testproject.dll" id="039e529f-e4d3-31c5-4edb-7a432ed6856f">
      <Execution id="6eb30b61-3a34-43a7-bc2b-d07464ebe916" />
      <TestMethod codeBase="D:/Net3s/Net3Services/TestProject/bin/Debug/TestProject.DLL" adapterTypeName="Microsoft.VisualStudio.TestTools.TestTypes.Unit.UnitTestAdapter, Microsoft.VisualStudio.QualityTools.Tips.UnitTest.Adapter, Version=10.0.0.0, Culture=neutral, PublicKeyToken=b03f5f7f11d50a3a" className="TestProject.ClsUsuLogadoTest, TestProject, Version=1.0.0.0, Culture=neutral, PublicKeyToken=null" name="LimparPropriedadesTest" />
    </UnitTest>
    <UnitTest name="ClsAdaptivePaymentBLLConstructorTest" storage="d:\net3s\net3services\testproject\bin\debug\testproject.dll" id="c60054f8-fecb-03e1-474c-6d65d08d82d7">
      <Execution id="bc5ff22d-29f3-434b-803b-babd82652756" />
      <TestMethod codeBase="D:/Net3s/Net3Services/TestProject/bin/Debug/TestProject.DLL" adapterTypeName="Microsoft.VisualStudio.TestTools.TestTypes.Unit.UnitTestAdapter, Microsoft.VisualStudio.QualityTools.Tips.UnitTest.Adapter, Version=10.0.0.0, Culture=neutral, PublicKeyToken=b03f5f7f11d50a3a" className="TestProject.ClsAdaptivePaymentBLLTest, TestProject, Version=1.0.0.0, Culture=neutral, PublicKeyToken=null" name="ClsAdaptivePaymentBLLConstructorTest" />
    </UnitTest>
    <UnitTest name="ClsUsuarioBLLConstructorTest" storage="d:\net3s\net3services\testproject\bin\debug\testproject.dll" id="04f15efd-297d-8294-ce59-2f85ab20af28">
      <Execution id="957715c8-56c4-4977-bdeb-9bcd6f6f31a0" />
      <TestMethod codeBase="D:/Net3s/Net3Services/TestProject/bin/Debug/TestProject.DLL" adapterTypeName="Microsoft.VisualStudio.TestTools.TestTypes.Unit.UnitTestAdapter, Microsoft.VisualStudio.QualityTools.Tips.UnitTest.Adapter, Version=10.0.0.0, Culture=neutral, PublicKeyToken=b03f5f7f11d50a3a" className="TestProject.ClsUsuarioBLLTest, TestProject, Version=1.0.0.0, Culture=neutral, PublicKeyToken=null" name="ClsUsuarioBLLConstructorTest" />
    </UnitTest>
    <UnitTest name="InserirAdministradorTest" storage="d:\net3s\net3services\testproject\bin\debug\testproject.dll" id="8d2e01e2-664c-a1c6-f8c3-ea6d5e645b84">
      <Execution id="58c11df2-6f4a-4203-8ae0-6d1ff73fb9b9" />
      <TestMethod codeBase="D:/Net3s/Net3Services/TestProject/bin/Debug/TestProject.DLL" adapterTypeName="Microsoft.VisualStudio.TestTools.TestTypes.Unit.UnitTestAdapter, Microsoft.VisualStudio.QualityTools.Tips.UnitTest.Adapter, Version=10.0.0.0, Culture=neutral, PublicKeyToken=b03f5f7f11d50a3a" className="TestProject.ClsAdministradorBLLTest, TestProject, Version=1.0.0.0, Culture=neutral, PublicKeyToken=null" name="InserirAdministradorTest" />
    </UnitTest>
    <UnitTest name="BuscarOrcamentoPorIDTest" storage="d:\net3s\net3services\testproject\bin\debug\testproject.dll" id="731cc8e4-abd1-e532-2d9c-85bde94bfc1b">
      <Execution id="a25f66cd-b984-4cda-90ac-83e70ee5bbb0" />
      <TestMethod codeBase="D:/Net3s/Net3Services/TestProject/bin/Debug/TestProject.DLL" adapterTypeName="Microsoft.VisualStudio.TestTools.TestTypes.Unit.UnitTestAdapter, Microsoft.VisualStudio.QualityTools.Tips.UnitTest.Adapter, Version=10.0.0.0, Culture=neutral, PublicKeyToken=b03f5f7f11d50a3a" className="TestProject.ClsOrcamentoBLLTest, TestProject, Version=1.0.0.0, Culture=neutral, PublicKeyToken=null" name="BuscarOrcamentoPorIDTest" />
    </UnitTest>
    <UnitTest name="ExcluirDenunciaTest" storage="d:\net3s\net3services\testproject\bin\debug\testproject.dll" id="591c3b90-f4ab-7924-f49c-78faf8c3f0b1">
      <Execution id="2786df5e-f943-477c-b06d-b3cfbaadd831" />
      <TestMethod codeBase="D:/Net3s/Net3Services/TestProject/bin/Debug/TestProject.DLL" adapterTypeName="Microsoft.VisualStudio.TestTools.TestTypes.Unit.UnitTestAdapter, Microsoft.VisualStudio.QualityTools.Tips.UnitTest.Adapter, Version=10.0.0.0, Culture=neutral, PublicKeyToken=b03f5f7f11d50a3a" className="TestProject.ClsDenunciaBLLTest, TestProject, Version=1.0.0.0, Culture=neutral, PublicKeyToken=null" name="ExcluirDenunciaTest" />
    </UnitTest>
    <UnitTest name="ClsAdministradorBLLConstructorTest" storage="d:\net3s\net3services\testproject\bin\debug\testproject.dll" id="1d5ffb72-42eb-f89f-99bc-b1135f5acdb1">
      <Execution id="cfe67a0a-488c-41a9-a014-e15ee148b5a6" />
      <TestMethod codeBase="D:/Net3s/Net3Services/TestProject/bin/Debug/TestProject.DLL" adapterTypeName="Microsoft.VisualStudio.TestTools.TestTypes.Unit.UnitTestAdapter, Microsoft.VisualStudio.QualityTools.Tips.UnitTest.Adapter, Version=10.0.0.0, Culture=neutral, PublicKeyToken=b03f5f7f11d50a3a" className="TestProject.ClsAdministradorBLLTest, TestProject, Version=1.0.0.0, Culture=neutral, PublicKeyToken=null" name="ClsAdministradorBLLConstructorTest" />
    </UnitTest>
    <UnitTest name="ClsOrcamentoBLLConstructorTest" storage="d:\net3s\net3services\testproject\bin\debug\testproject.dll" id="9ab0664f-c9bf-a94c-45dc-74df0cafaa96">
      <Execution id="17df4aa6-7fc7-4402-9964-9ace744b5f55" />
      <TestMethod codeBase="D:/Net3s/Net3Services/TestProject/bin/Debug/TestProject.DLL" adapterTypeName="Microsoft.VisualStudio.TestTools.TestTypes.Unit.UnitTestAdapter, Microsoft.VisualStudio.QualityTools.Tips.UnitTest.Adapter, Version=10.0.0.0, Culture=neutral, PublicKeyToken=b03f5f7f11d50a3a" className="TestProject.ClsOrcamentoBLLTest, TestProject, Version=1.0.0.0, Culture=neutral, PublicKeyToken=null" name="ClsOrcamentoBLLConstructorTest" />
    </UnitTest>
    <UnitTest name="ValidarChaveRecuperacaoSenhaTest" storage="d:\net3s\net3services\testproject\bin\debug\testproject.dll" id="e034cba9-bbc4-0d08-e410-5b49d1bc0591">
      <Execution id="f9c82e4e-3885-4e26-bf9e-5361ee35d2e1" />
      <TestMethod codeBase="D:/Net3s/Net3Services/TestProject/bin/Debug/TestProject.DLL" adapterTypeName="Microsoft.VisualStudio.TestTools.TestTypes.Unit.UnitTestAdapter, Microsoft.VisualStudio.QualityTools.Tips.UnitTest.Adapter, Version=10.0.0.0, Culture=neutral, PublicKeyToken=b03f5f7f11d50a3a" className="TestProject.ClsUsuarioBLLTest, TestProject, Version=1.0.0.0, Culture=neutral, PublicKeyToken=null" name="ValidarChaveRecuperacaoSenhaTest" />
    </UnitTest>
    <UnitTest name="CpfCnpjTest" storage="d:\net3s\net3services\testproject\bin\debug\testproject.dll" id="5a0f8cae-41c5-ebad-3b91-5793fb2d8168">
      <Execution id="14cc8234-a22e-4f63-9e56-0fc36b5ffe13" />
      <TestMethod codeBase="D:/Net3s/Net3Services/TestProject/bin/Debug/TestProject.DLL" adapterTypeName="Microsoft.VisualStudio.TestTools.TestTypes.Unit.UnitTestAdapter, Microsoft.VisualStudio.QualityTools.Tips.UnitTest.Adapter, Version=10.0.0.0, Culture=neutral, PublicKeyToken=b03f5f7f11d50a3a" className="TestProject.ClsUsuLogadoTest, TestProject, Version=1.0.0.0, Culture=neutral, PublicKeyToken=null" name="CpfCnpjTest" />
    </UnitTest>
    <UnitTest name="BuscarContatoPorNomeTest" storage="d:\net3s\net3services\testproject\bin\debug\testproject.dll" id="7a017172-34fc-a461-afe5-eff1d18feb01">
      <Execution id="1874a75f-9add-4a6e-9e23-5f01f4eb43c5" />
      <TestMethod codeBase="D:/Net3s/Net3Services/TestProject/bin/Debug/TestProject.DLL" adapterTypeName="Microsoft.VisualStudio.TestTools.TestTypes.Unit.UnitTestAdapter, Microsoft.VisualStudio.QualityTools.Tips.UnitTest.Adapter, Version=10.0.0.0, Culture=neutral, PublicKeyToken=b03f5f7f11d50a3a" className="TestProject.ClsContatoBLLTest, TestProject, Version=1.0.0.0, Culture=neutral, PublicKeyToken=null" name="BuscarContatoPorNomeTest" />
    </UnitTest>
    <UnitTest name="CampoCorretoTest" storage="d:\net3s\net3services\testproject\bin\debug\testproject.dll" id="606911b7-e3dd-1c4a-238d-2f3926a583d8">
      <Execution id="6364bf2c-a933-42d3-ab36-3672045b18e6" />
      <TestMethod codeBase="D:/Net3s/Net3Services/TestProject/bin/Debug/TestProject.DLL" adapterTypeName="Microsoft.VisualStudio.TestTools.TestTypes.Unit.UnitTestAdapter, Microsoft.VisualStudio.QualityTools.Tips.UnitTest.Adapter, Version=10.0.0.0, Culture=neutral, PublicKeyToken=b03f5f7f11d50a3a" className="TestProject.clsUtilidadesTest, TestProject, Version=1.0.0.0, Culture=neutral, PublicKeyToken=null" name="CampoCorretoTest" />
    </UnitTest>
    <UnitTest name="ValidarInfoCertificadosTest" storage="d:\net3s\net3services\testproject\bin\debug\testproject.dll" id="54f7b419-f273-a393-7d13-d0e8d050983e">
      <Execution id="09ad4af2-7073-4801-a04b-78d22a3a8bc4" />
      <TestMethod codeBase="D:/Net3s/Net3Services/TestProject/bin/Debug/TestProject.DLL" adapterTypeName="Microsoft.VisualStudio.TestTools.TestTypes.Unit.UnitTestAdapter, Microsoft.VisualStudio.QualityTools.Tips.UnitTest.Adapter, Version=10.0.0.0, Culture=neutral, PublicKeyToken=b03f5f7f11d50a3a" className="TestProject.ClsCurriculumBLLTest, TestProject, Version=1.0.0.0, Culture=neutral, PublicKeyToken=null" name="ValidarInfoCertificadosTest" />
    </UnitTest>
    <UnitTest name="BuscarTodasTest" storage="d:\net3s\net3services\testproject\bin\debug\testproject.dll" id="3c1d14fc-70d0-ab36-06c8-f2fa80519b79">
      <Execution id="41902713-4f51-41d7-bc3f-04c51296be7e" />
      <TestMethod codeBase="D:/Net3s/Net3Services/TestProject/bin/Debug/TestProject.DLL" adapterTypeName="Microsoft.VisualStudio.TestTools.TestTypes.Unit.UnitTestAdapter, Microsoft.VisualStudio.QualityTools.Tips.UnitTest.Adapter, Version=10.0.0.0, Culture=neutral, PublicKeyToken=b03f5f7f11d50a3a" className="TestProject.ClsNotificacaoBLLTest, TestProject, Version=1.0.0.0, Culture=neutral, PublicKeyToken=null" name="BuscarTodasTest" />
    </UnitTest>
    <UnitTest name="messageEmailTest" storage="d:\net3s\net3services\testproject\bin\debug\testproject.dll" id="f0d6612f-0f66-a3cf-1861-5af5fc074c1a">
      <DeploymentItems>
        <DeploymentItem filename="ClsLibBLL.dll" />
      </DeploymentItems>
      <Execution id="aaf10fcd-3106-49a5-88e2-2133e6963948" />
      <TestMethod codeBase="D:/Net3s/Net3Services/TestProject/bin/Debug/TestProject.DLL" adapterTypeName="Microsoft.VisualStudio.TestTools.TestTypes.Unit.UnitTestAdapter, Microsoft.VisualStudio.QualityTools.Tips.UnitTest.Adapter, Version=10.0.0.0, Culture=neutral, PublicKeyToken=b03f5f7f11d50a3a" className="TestProject.clsUtilidadesTest, TestProject, Version=1.0.0.0, Culture=neutral, PublicKeyToken=null" name="messageEmailTest" />
    </UnitTest>
    <UnitTest name="EnviarEmailConfirmacaoTest" storage="d:\net3s\net3services\testproject\bin\debug\testproject.dll" id="9412a27b-1575-5bee-4d53-298bddc32d9e">
      <Execution id="dfa9a61f-845b-4d6a-8015-ab6a526856de" />
      <TestMethod codeBase="D:/Net3s/Net3Services/TestProject/bin/Debug/TestProject.DLL" adapterTypeName="Microsoft.VisualStudio.TestTools.TestTypes.Unit.UnitTestAdapter, Microsoft.VisualStudio.QualityTools.Tips.UnitTest.Adapter, Version=10.0.0.0, Culture=neutral, PublicKeyToken=b03f5f7f11d50a3a" className="TestProject.ClsUsuarioBLLTest, TestProject, Version=1.0.0.0, Culture=neutral, PublicKeyToken=null" name="EnviarEmailConfirmacaoTest" />
    </UnitTest>
    <UnitTest name="BuscarOcorrenciaPorDenunciadoTest" storage="d:\net3s\net3services\testproject\bin\debug\testproject.dll" id="269b4d8d-2fa6-222f-82f6-f5e5117786bd">
      <Execution id="0a84c899-08a5-4059-ac1a-4368e76132e0" />
      <TestMethod codeBase="D:/Net3s/Net3Services/TestProject/bin/Debug/TestProject.DLL" adapterTypeName="Microsoft.VisualStudio.TestTools.TestTypes.Unit.UnitTestAdapter, Microsoft.VisualStudio.QualityTools.Tips.UnitTest.Adapter, Version=10.0.0.0, Culture=neutral, PublicKeyToken=b03f5f7f11d50a3a" className="TestProject.ClsOcorrenciaBLLTest, TestProject, Version=1.0.0.0, Culture=neutral, PublicKeyToken=null" name="BuscarOcorrenciaPorDenunciadoTest" />
    </UnitTest>
    <UnitTest name="InativaAdminTest" storage="d:\net3s\net3services\testproject\bin\debug\testproject.dll" id="b7d30765-6b04-77c9-dbfb-5c9bc9638f40">
      <Execution id="bdf3dd39-663d-4660-bbf4-400b6e09e285" />
      <TestMethod codeBase="D:/Net3s/Net3Services/TestProject/bin/Debug/TestProject.DLL" adapterTypeName="Microsoft.VisualStudio.TestTools.TestTypes.Unit.UnitTestAdapter, Microsoft.VisualStudio.QualityTools.Tips.UnitTest.Adapter, Version=10.0.0.0, Culture=neutral, PublicKeyToken=b03f5f7f11d50a3a" className="TestProject.ClsAdministradorBLLTest, TestProject, Version=1.0.0.0, Culture=neutral, PublicKeyToken=null" name="InativaAdminTest" />
    </UnitTest>
    <UnitTest name="BuscarQtdContatosTest" storage="d:\net3s\net3services\testproject\bin\debug\testproject.dll" id="85bea3e9-493d-07d6-de2a-4da06ee6341c">
      <Execution id="d6774d7c-25d8-4adf-826e-f880451bd714" />
      <TestMethod codeBase="D:/Net3s/Net3Services/TestProject/bin/Debug/TestProject.DLL" adapterTypeName="Microsoft.VisualStudio.TestTools.TestTypes.Unit.UnitTestAdapter, Microsoft.VisualStudio.QualityTools.Tips.UnitTest.Adapter, Version=10.0.0.0, Culture=neutral, PublicKeyToken=b03f5f7f11d50a3a" className="TestProject.ClsUsuarioBLLTest, TestProject, Version=1.0.0.0, Culture=neutral, PublicKeyToken=null" name="BuscarQtdContatosTest" />
    </UnitTest>
    <UnitTest name="BuscarTodosEnderecosTest" storage="d:\net3s\net3services\testproject\bin\debug\testproject.dll" id="f2316c78-80fa-3ce9-e964-5a581e95ee92">
      <Execution id="5aabf08f-0a38-4575-8255-7de5cdb10433" />
      <TestMethod codeBase="D:/Net3s/Net3Services/TestProject/bin/Debug/TestProject.DLL" adapterTypeName="Microsoft.VisualStudio.TestTools.TestTypes.Unit.UnitTestAdapter, Microsoft.VisualStudio.QualityTools.Tips.UnitTest.Adapter, Version=10.0.0.0, Culture=neutral, PublicKeyToken=b03f5f7f11d50a3a" className="TestProject.ClsCatalogoEnderecosBLLTest, TestProject, Version=1.0.0.0, Culture=neutral, PublicKeyToken=null" name="BuscarTodosEnderecosTest" />
    </UnitTest>
    <UnitTest name="EditarServicosTest" storage="d:\net3s\net3services\testproject\bin\debug\testproject.dll" id="a5dd3d2b-b3f3-3bad-974f-56fa9525f17e">
      <Execution id="35c47cf2-1c2e-479a-8a27-3f48c6cc346d" />
      <TestMethod codeBase="D:/Net3s/Net3Services/TestProject/bin/Debug/TestProject.DLL" adapterTypeName="Microsoft.VisualStudio.TestTools.TestTypes.Unit.UnitTestAdapter, Microsoft.VisualStudio.QualityTools.Tips.UnitTest.Adapter, Version=10.0.0.0, Culture=neutral, PublicKeyToken=b03f5f7f11d50a3a" className="TestProject.ClsServicoBLLTest, TestProject, Version=1.0.0.0, Culture=neutral, PublicKeyToken=null" name="EditarServicosTest" />
    </UnitTest>
    <UnitTest name="InserirUfTest" storage="d:\net3s\net3services\testproject\bin\debug\testproject.dll" id="8c3c22b7-e7e6-31a6-304a-3b8784d0a8e9">
      <Execution id="113b03d6-b899-41be-b620-e7c5c0daf08c" />
      <TestMethod codeBase="D:/Net3s/Net3Services/TestProject/bin/Debug/TestProject.DLL" adapterTypeName="Microsoft.VisualStudio.TestTools.TestTypes.Unit.UnitTestAdapter, Microsoft.VisualStudio.QualityTools.Tips.UnitTest.Adapter, Version=10.0.0.0, Culture=neutral, PublicKeyToken=b03f5f7f11d50a3a" className="TestProject.ClsCatalogoEnderecosBLLTest, TestProject, Version=1.0.0.0, Culture=neutral, PublicKeyToken=null" name="InserirUfTest" />
    </UnitTest>
    <UnitTest name="ExcluirCidadeTest" storage="d:\net3s\net3services\testproject\bin\debug\testproject.dll" id="5ba7fa23-2480-f3d6-9a84-7b43fc00c727">
      <Execution id="08f610b1-1865-45d2-9eac-01b76bb73eb7" />
      <TestMethod codeBase="D:/Net3s/Net3Services/TestProject/bin/Debug/TestProject.DLL" adapterTypeName="Microsoft.VisualStudio.TestTools.TestTypes.Unit.UnitTestAdapter, Microsoft.VisualStudio.QualityTools.Tips.UnitTest.Adapter, Version=10.0.0.0, Culture=neutral, PublicKeyToken=b03f5f7f11d50a3a" className="TestProject.ClsCatalogoEnderecosBLLTest, TestProject, Version=1.0.0.0, Culture=neutral, PublicKeyToken=null" name="ExcluirCidadeTest" />
    </UnitTest>
    <UnitTest name="BuscarOcorrenciaPorDataTest" storage="d:\net3s\net3services\testproject\bin\debug\testproject.dll" id="fb4ffee2-c738-b814-21c6-df577660c31a">
      <Execution id="8e8a7aba-37f4-4f14-b532-ba0fccdd7772" />
      <TestMethod codeBase="D:/Net3s/Net3Services/TestProject/bin/Debug/TestProject.DLL" adapterTypeName="Microsoft.VisualStudio.TestTools.TestTypes.Unit.UnitTestAdapter, Microsoft.VisualStudio.QualityTools.Tips.UnitTest.Adapter, Version=10.0.0.0, Culture=neutral, PublicKeyToken=b03f5f7f11d50a3a" className="TestProject.ClsOcorrenciaBLLTest, TestProject, Version=1.0.0.0, Culture=neutral, PublicKeyToken=null" name="BuscarOcorrenciaPorDataTest" />
    </UnitTest>
    <UnitTest name="VerificarCompCadastroTest" storage="d:\net3s\net3services\testproject\bin\debug\testproject.dll" id="2f84e51b-73dd-f498-e761-802517add384">
      <Execution id="6d84398c-1da9-4122-84c8-9fbad3fd7881" />
      <TestMethod codeBase="D:/Net3s/Net3Services/TestProject/bin/Debug/TestProject.DLL" adapterTypeName="Microsoft.VisualStudio.TestTools.TestTypes.Unit.UnitTestAdapter, Microsoft.VisualStudio.QualityTools.Tips.UnitTest.Adapter, Version=10.0.0.0, Culture=neutral, PublicKeyToken=b03f5f7f11d50a3a" className="TestProject.ClsUsuarioBLLTest, TestProject, Version=1.0.0.0, Culture=neutral, PublicKeyToken=null" name="VerificarCompCadastroTest" />
    </UnitTest>
  </TestDefinitions>
  <TestLists>
    <TestList name="Results Not in a List" id="8c84fa94-04c1-424b-9868-57a2d4851a1d" />
    <TestList name="All Loaded Results" id="19431567-8539-422a-85d7-44ee4e166bda" />
  </TestLists>
  <TestEntries>
    <TestEntry testId="d8ef4e1f-33c2-8ede-a37b-68089cb29553" executionId="4661d27d-7063-4ff2-9f10-d2c1474b1dd8" testListId="8c84fa94-04c1-424b-9868-57a2d4851a1d" />
    <TestEntry testId="5b698b01-7884-9c43-c9ce-9a9245c14309" executionId="affd40c3-6f4f-4ae8-bedb-50463a9ebdc6" testListId="8c84fa94-04c1-424b-9868-57a2d4851a1d" />
    <TestEntry testId="fb4ffee2-c738-b814-21c6-df577660c31a" executionId="8e8a7aba-37f4-4f14-b532-ba0fccdd7772" testListId="8c84fa94-04c1-424b-9868-57a2d4851a1d" />
    <TestEntry testId="269b4d8d-2fa6-222f-82f6-f5e5117786bd" executionId="0a84c899-08a5-4059-ac1a-4368e76132e0" testListId="8c84fa94-04c1-424b-9868-57a2d4851a1d" />
    <TestEntry testId="39173455-67e5-662f-691e-a889a31d84b3" executionId="a3a9a978-2238-4e9a-bf97-fe822bb2f1c0" testListId="8c84fa94-04c1-424b-9868-57a2d4851a1d" />
    <TestEntry testId="3a1440c6-ef1a-520f-983a-3118542b2a46" executionId="4ea067ab-15fc-4ba3-88a8-77731be4bfc2" testListId="8c84fa94-04c1-424b-9868-57a2d4851a1d" />
    <TestEntry testId="acc53eb1-5908-6357-1dc1-338201362373" executionId="b05d4585-94af-4e09-be43-0ce4173171aa" testListId="8c84fa94-04c1-424b-9868-57a2d4851a1d" />
    <TestEntry testId="cf01379f-ff5f-6999-00b8-5367ac95df5e" executionId="3883c96a-5564-49c8-83a0-495a60d8d211" testListId="8c84fa94-04c1-424b-9868-57a2d4851a1d" />
    <TestEntry testId="b304d9d1-3afd-f029-1ab3-5968e44326a8" executionId="ae1d45b6-7327-47e1-a790-74a79e66952e" testListId="8c84fa94-04c1-424b-9868-57a2d4851a1d" />
    <TestEntry testId="e97a9682-15b9-deac-2dd7-e9f3e3d58f9c" executionId="b30430a3-b813-449b-a15f-2616ba7f3d0a" testListId="8c84fa94-04c1-424b-9868-57a2d4851a1d" />
    <TestEntry testId="7a017172-34fc-a461-afe5-eff1d18feb01" executionId="1874a75f-9add-4a6e-9e23-5f01f4eb43c5" testListId="8c84fa94-04c1-424b-9868-57a2d4851a1d" />
    <TestEntry testId="af342d55-cc5d-4cbf-317d-e587b5f2e533" executionId="5d50a562-06c6-4d10-b752-e76978473e0e" testListId="8c84fa94-04c1-424b-9868-57a2d4851a1d" />
    <TestEntry testId="8b9ebdc9-da60-408e-5da0-823128de837c" executionId="05676af7-1b4c-48fc-9143-8d528d28707a" testListId="8c84fa94-04c1-424b-9868-57a2d4851a1d" />
    <TestEntry testId="a51ef331-9834-dca1-6a53-d3a635473f78" executionId="f3e78c8a-4e75-47db-95c9-03086e37017a" testListId="8c84fa94-04c1-424b-9868-57a2d4851a1d" />
    <TestEntry testId="881e9254-54be-23ab-2ae7-27f9999c0db9" executionId="170e44e5-9588-4eba-ad48-1a2b9ffd0d2f" testListId="8c84fa94-04c1-424b-9868-57a2d4851a1d" />
    <TestEntry testId="a3d8b318-c3f9-7e4d-bd50-8bc3be70fd73" executionId="16bc5b08-8d37-4311-9320-cbef0b7945b4" testListId="8c84fa94-04c1-424b-9868-57a2d4851a1d" />
    <TestEntry testId="43e590c7-1a99-0846-7287-cff8d5d6d5c7" executionId="da02ade4-2841-49d0-9b71-b41534be6587" testListId="8c84fa94-04c1-424b-9868-57a2d4851a1d" />
    <TestEntry testId="e7a12a1a-39d1-7399-881b-c28bf56701d2" executionId="b11b69f7-82c6-416b-9a42-bdadc8c5f73c" testListId="8c84fa94-04c1-424b-9868-57a2d4851a1d" />
    <TestEntry testId="80edb340-e7da-72ab-45dc-fadb3c352c3f" executionId="0bdf3a4d-d081-4f46-bf48-0db23dc36688" testListId="8c84fa94-04c1-424b-9868-57a2d4851a1d" />
    <TestEntry testId="1bc2aa0b-865c-cebe-4aff-84f10f51e0e7" executionId="73fab2eb-618c-461d-a654-ff14eb5b06f9" testListId="8c84fa94-04c1-424b-9868-57a2d4851a1d" />
    <TestEntry testId="9ab0664f-c9bf-a94c-45dc-74df0cafaa96" executionId="17df4aa6-7fc7-4402-9964-9ace744b5f55" testListId="8c84fa94-04c1-424b-9868-57a2d4851a1d" />
    <TestEntry testId="aae7e9d9-628a-f1a8-360c-eb616c0062eb" executionId="e33b6062-350f-404f-8bce-1095e28c0081" testListId="8c84fa94-04c1-424b-9868-57a2d4851a1d" />
    <TestEntry testId="731cc8e4-abd1-e532-2d9c-85bde94bfc1b" executionId="a25f66cd-b984-4cda-90ac-83e70ee5bbb0" testListId="8c84fa94-04c1-424b-9868-57a2d4851a1d" />
    <TestEntry testId="0736221e-a105-46a2-2242-f1b22e266f91" executionId="303b484d-5907-4176-ad17-9c4cfeb7a7e9" testListId="8c84fa94-04c1-424b-9868-57a2d4851a1d" />
    <TestEntry testId="38476ee4-8173-17f3-14a9-109cc7c3b636" executionId="d852f128-0554-4b04-8bf9-a1899772f143" testListId="8c84fa94-04c1-424b-9868-57a2d4851a1d" />
    <TestEntry testId="9839c277-0a4b-cafa-6dc1-58665071d76e" executionId="5e38e042-2c79-4174-9367-80b0352a2eed" testListId="8c84fa94-04c1-424b-9868-57a2d4851a1d" />
    <TestEntry testId="a7a7762e-cf80-65e9-257f-80bf3c15ca5e" executionId="ff69eba5-f9c8-4c99-9d05-64dfccb5e334" testListId="8c84fa94-04c1-424b-9868-57a2d4851a1d" />
    <TestEntry testId="c60054f8-fecb-03e1-474c-6d65d08d82d7" executionId="bc5ff22d-29f3-434b-803b-babd82652756" testListId="8c84fa94-04c1-424b-9868-57a2d4851a1d" />
    <TestEntry testId="4b935f4d-a931-84d8-f8f6-c4ec4e84c860" executionId="223e91dc-b389-4e1f-83fd-06330993d651" testListId="8c84fa94-04c1-424b-9868-57a2d4851a1d" />
    <TestEntry testId="640780ba-eef2-bc88-d773-ce5874258c2f" executionId="635b82c0-d6e1-4acf-a24a-01ea9c22b491" testListId="8c84fa94-04c1-424b-9868-57a2d4851a1d" />
    <TestEntry testId="ac9ec74a-a110-9f04-66b1-e2f2a092b656" executionId="149f8178-8b03-4bda-9387-acc3f426dcb4" testListId="8c84fa94-04c1-424b-9868-57a2d4851a1d" />
    <TestEntry testId="e1b88a1b-49f6-4af3-5e46-af302ca2824f" executionId="c881ff80-c667-4ee1-877d-ca3dce8d8ca7" testListId="8c84fa94-04c1-424b-9868-57a2d4851a1d" />
    <TestEntry testId="6e289d83-c800-c309-f8b7-8fabe1e5994e" executionId="2585e8ae-9aec-412b-b65b-1add3e494990" testListId="8c84fa94-04c1-424b-9868-57a2d4851a1d" />
    <TestEntry testId="d888353d-5b09-cd18-72c2-b5f6d263b704" executionId="4e27d7e0-5fdc-4f61-85ef-200e80a5a550" testListId="8c84fa94-04c1-424b-9868-57a2d4851a1d" />
    <TestEntry testId="ba7019c2-43a6-f6fa-f815-cc85b4932682" executionId="c322f7c9-c90a-4f8b-8d80-1866a91aedeb" testListId="8c84fa94-04c1-424b-9868-57a2d4851a1d" />
    <TestEntry testId="726ae4aa-b77f-ec0d-cd16-42d915a96f8a" executionId="9e591e0b-e211-4dc0-b693-0d990b5fc977" testListId="8c84fa94-04c1-424b-9868-57a2d4851a1d" />
    <TestEntry testId="d829ec69-c453-710b-1648-362503778bd4" executionId="fb95fb1a-a2e1-457c-8bb4-b545763158ed" testListId="8c84fa94-04c1-424b-9868-57a2d4851a1d" />
    <TestEntry testId="f2316c78-80fa-3ce9-e964-5a581e95ee92" executionId="5aabf08f-0a38-4575-8255-7de5cdb10433" testListId="8c84fa94-04c1-424b-9868-57a2d4851a1d" />
    <TestEntry testId="5ba7fa23-2480-f3d6-9a84-7b43fc00c727" executionId="08f610b1-1865-45d2-9eac-01b76bb73eb7" testListId="8c84fa94-04c1-424b-9868-57a2d4851a1d" />
    <TestEntry testId="b0b891e5-2a5c-b3e9-2deb-75992518c480" executionId="0bfbf03d-d413-4aa1-b602-05b782339e1a" testListId="8c84fa94-04c1-424b-9868-57a2d4851a1d" />
    <TestEntry testId="f94dad60-69b8-16b2-6602-9bae2cd2cb4d" executionId="c52f6825-6a02-4fce-980f-21b0f2273281" testListId="8c84fa94-04c1-424b-9868-57a2d4851a1d" />
    <TestEntry testId="adc70049-ec2a-1722-0a05-158f9307be47" executionId="cfff41c2-202c-458e-a025-835c4a047d77" testListId="8c84fa94-04c1-424b-9868-57a2d4851a1d" />
    <TestEntry testId="71048f58-8e3f-1480-34da-5412bb3bdda0" executionId="73984342-96bc-4f1e-a3a7-7b2ddd113494" testListId="8c84fa94-04c1-424b-9868-57a2d4851a1d" />
    <TestEntry testId="8225932f-427b-d7a8-2fd4-8feabe3260d9" executionId="fe68aa2a-816a-4d70-9914-e0d11396838b" testListId="8c84fa94-04c1-424b-9868-57a2d4851a1d" />
    <TestEntry testId="8f19b2ff-d62c-6225-f867-072a68817fdd" executionId="9d5a1e01-a832-4292-be92-c8aa106e9a51" testListId="8c84fa94-04c1-424b-9868-57a2d4851a1d" />
    <TestEntry testId="8c3c22b7-e7e6-31a6-304a-3b8784d0a8e9" executionId="113b03d6-b899-41be-b620-e7c5c0daf08c" testListId="8c84fa94-04c1-424b-9868-57a2d4851a1d" />
    <TestEntry testId="c4987fc4-c6ef-9909-57d3-d4b82046737a" executionId="f350cf19-42d6-4f3e-8d14-530701c72d57" testListId="8c84fa94-04c1-424b-9868-57a2d4851a1d" />
    <TestEntry testId="24e109b5-ebac-7154-c0d0-91db5c99399f" executionId="3f2f405b-c050-44e5-abb6-8705a4a6779c" testListId="8c84fa94-04c1-424b-9868-57a2d4851a1d" />
    <TestEntry testId="08a046e7-6712-9a91-8b55-b0552fdc9667" executionId="681e0915-2cab-4360-b84e-3229591b3b3a" testListId="8c84fa94-04c1-424b-9868-57a2d4851a1d" />
    <TestEntry testId="baf45fa3-41d3-f235-4394-cbe5c6199d01" executionId="277602e1-57b3-40d1-8f3f-cc5685995fb6" testListId="8c84fa94-04c1-424b-9868-57a2d4851a1d" />
    <TestEntry testId="cb49ceea-fe12-6e3c-697f-2955cb6c5f4a" executionId="544e2fe0-6f2b-4c3f-aba7-dccf65718526" testListId="8c84fa94-04c1-424b-9868-57a2d4851a1d" />
    <TestEntry testId="04f15efd-297d-8294-ce59-2f85ab20af28" executionId="957715c8-56c4-4977-bdeb-9bcd6f6f31a0" testListId="8c84fa94-04c1-424b-9868-57a2d4851a1d" />
    <TestEntry testId="cec8a230-ae03-9508-9b88-e2d1d212b29f" executionId="57e0fad9-845b-4357-b46d-779a893a3f6f" testListId="8c84fa94-04c1-424b-9868-57a2d4851a1d" />
    <TestEntry testId="c65ebd89-7193-d01b-c100-137808d91bfd" executionId="4b618d7a-eaf2-487a-a7a6-63a771b0fa13" testListId="8c84fa94-04c1-424b-9868-57a2d4851a1d" />
    <TestEntry testId="efac93e6-bb75-4907-7c8c-525ac4eb065f" executionId="bee939ad-a3e1-4530-ac40-6adb791b8113" testListId="8c84fa94-04c1-424b-9868-57a2d4851a1d" />
    <TestEntry testId="3f43ba37-e8dc-d053-a977-60ee93cff24a" executionId="0cf3e80e-7fac-4ed7-8aa3-2e36326533d5" testListId="8c84fa94-04c1-424b-9868-57a2d4851a1d" />
    <TestEntry testId="85bea3e9-493d-07d6-de2a-4da06ee6341c" executionId="d6774d7c-25d8-4adf-826e-f880451bd714" testListId="8c84fa94-04c1-424b-9868-57a2d4851a1d" />
    <TestEntry testId="2f48cd32-ffbc-72eb-b35c-9175dd953366" executionId="18d97342-d593-4506-af4a-406caed15c16" testListId="8c84fa94-04c1-424b-9868-57a2d4851a1d" />
    <TestEntry testId="c03f7721-1877-7065-faeb-365a5b662ad6" executionId="1d69d799-2a48-441f-8829-0ff6cc750717" testListId="8c84fa94-04c1-424b-9868-57a2d4851a1d" />
    <TestEntry testId="113ae85c-9702-f28d-8878-424047a77005" executionId="c0b0dcd1-cfb5-404d-a430-f7dc78d7ad46" testListId="8c84fa94-04c1-424b-9868-57a2d4851a1d" />
    <TestEntry testId="48bfdda2-58cf-ebc0-70d7-d375e20e0430" executionId="6f9ea967-9de9-4452-80c7-6226f20e2664" testListId="8c84fa94-04c1-424b-9868-57a2d4851a1d" />
    <TestEntry testId="1ea9cc0b-8783-4023-17f0-c31a8efc2967" executionId="a891bff2-9518-4ff6-a22b-f071e9d8da4f" testListId="8c84fa94-04c1-424b-9868-57a2d4851a1d" />
    <TestEntry testId="b3217b5f-dd9b-4f42-3e10-fdabcb2247e3" executionId="157d4060-3bb5-4e20-877f-0f4a3ba9f2a2" testListId="8c84fa94-04c1-424b-9868-57a2d4851a1d" />
    <TestEntry testId="2ab2a576-898b-ed0c-f5d8-a6ce806f47f3" executionId="66f84243-ed19-421d-863b-badee069cd58" testListId="8c84fa94-04c1-424b-9868-57a2d4851a1d" />
    <TestEntry testId="0f31bf2c-67ed-0ce0-74fc-0f3fecc68c7b" executionId="f7e68b3e-e21a-487f-8126-af89b97bc5e8" testListId="8c84fa94-04c1-424b-9868-57a2d4851a1d" />
    <TestEntry testId="4d7226de-ee6a-dfa4-7b00-7c12871220c8" executionId="aaf68958-2bd5-462e-891e-7e7b652d2d1e" testListId="8c84fa94-04c1-424b-9868-57a2d4851a1d" />
    <TestEntry testId="23618121-ecc8-bc28-5197-01d574657a98" executionId="c773365c-7057-4700-a064-a47b659461d2" testListId="8c84fa94-04c1-424b-9868-57a2d4851a1d" />
    <TestEntry testId="075ac84d-c0a2-5ec9-bd24-9240bdf9a797" executionId="f4708eac-c552-4826-9e90-d5b4d4a9f9fb" testListId="8c84fa94-04c1-424b-9868-57a2d4851a1d" />
    <TestEntry testId="8875030c-1904-7290-1737-28a051d83573" executionId="bc6be6e1-2091-4534-9732-a688b7983b37" testListId="8c84fa94-04c1-424b-9868-57a2d4851a1d" />
    <TestEntry testId="717907bb-fe63-68c7-bcb5-917221d94989" executionId="9003001a-b2b9-4f66-87b7-2c444cb621a8" testListId="8c84fa94-04c1-424b-9868-57a2d4851a1d" />
    <TestEntry testId="9412a27b-1575-5bee-4d53-298bddc32d9e" executionId="dfa9a61f-845b-4d6a-8015-ab6a526856de" testListId="8c84fa94-04c1-424b-9868-57a2d4851a1d" />
    <TestEntry testId="400fd41d-c5fa-90ec-8391-0cc54e1c49eb" executionId="82df8051-7c40-482f-8d7c-806b34b55569" testListId="8c84fa94-04c1-424b-9868-57a2d4851a1d" />
    <TestEntry testId="0c4c7479-4108-72ff-66be-ccdaaf993704" executionId="efd16704-56bc-45ad-8927-3cbaca405153" testListId="8c84fa94-04c1-424b-9868-57a2d4851a1d" />
    <TestEntry testId="b91a4917-2748-64bc-cc28-99dee08c72fc" executionId="a70043f1-4005-4aec-a51b-f46d9ce5e751" testListId="8c84fa94-04c1-424b-9868-57a2d4851a1d" />
    <TestEntry testId="8264f108-7c62-04e3-ca4c-5dfbcf21b9ff" executionId="05f50346-6bdb-487c-aadb-18fec24f3619" testListId="8c84fa94-04c1-424b-9868-57a2d4851a1d" />
    <TestEntry testId="e034cba9-bbc4-0d08-e410-5b49d1bc0591" executionId="f9c82e4e-3885-4e26-bf9e-5361ee35d2e1" testListId="8c84fa94-04c1-424b-9868-57a2d4851a1d" />
    <TestEntry testId="c4b06265-277a-9626-1a13-da48b2c2e155" executionId="f46884ec-543d-4355-a426-01153aacaf77" testListId="8c84fa94-04c1-424b-9868-57a2d4851a1d" />
    <TestEntry testId="e4380e7e-596d-7f9e-12aa-4cd295c3dcfa" executionId="b7af8ac1-1ca5-4fa7-bea2-331b357cd36d" testListId="8c84fa94-04c1-424b-9868-57a2d4851a1d" />
    <TestEntry testId="2f84e51b-73dd-f498-e761-802517add384" executionId="6d84398c-1da9-4122-84c8-9fbad3fd7881" testListId="8c84fa94-04c1-424b-9868-57a2d4851a1d" />
    <TestEntry testId="16332789-3439-c798-eff3-f0ee68fbda2b" executionId="964717f5-ba75-44e8-8cf6-e7d707c232a8" testListId="8c84fa94-04c1-424b-9868-57a2d4851a1d" />
    <TestEntry testId="81dcdbda-3974-ce84-3be1-6fb750d02cb8" executionId="da05ac50-9cd7-494e-95c8-ec23f1c93117" testListId="8c84fa94-04c1-424b-9868-57a2d4851a1d" />
    <TestEntry testId="1a15c9ac-91d2-2979-1bb2-1e2b2af1bc2a" executionId="a6aed0f3-2f0e-4687-8a12-d1d7e67e3b73" testListId="8c84fa94-04c1-424b-9868-57a2d4851a1d" />
    <TestEntry testId="d320d328-b5ab-674a-a040-02e202181f27" executionId="2f0265c8-27c6-4b5c-9c01-a831d2ee16fa" testListId="8c84fa94-04c1-424b-9868-57a2d4851a1d" />
    <TestEntry testId="1d5ffb72-42eb-f89f-99bc-b1135f5acdb1" executionId="cfe67a0a-488c-41a9-a014-e15ee148b5a6" testListId="8c84fa94-04c1-424b-9868-57a2d4851a1d" />
    <TestEntry testId="fa64344a-294a-b3c5-4c68-e112d255c1fe" executionId="5381d201-f433-44f3-83d9-d2be04bb1e39" testListId="8c84fa94-04c1-424b-9868-57a2d4851a1d" />
    <TestEntry testId="9c723ffe-9497-26da-faee-f405391e933d" executionId="df19e5a6-01ab-48f3-aa9f-29dfde2a3683" testListId="8c84fa94-04c1-424b-9868-57a2d4851a1d" />
    <TestEntry testId="398192eb-c622-89df-eef0-ec8ddd7327c0" executionId="300c354e-7116-4d27-8be8-bd03f2534fa5" testListId="8c84fa94-04c1-424b-9868-57a2d4851a1d" />
    <TestEntry testId="f8d6fe0a-584c-437b-b4de-81ed575f1441" executionId="67fcb3f2-302d-4c0c-bf8b-1bac68ebabff" testListId="8c84fa94-04c1-424b-9868-57a2d4851a1d" />
    <TestEntry testId="b2635af7-a3ae-0546-58e2-c1bfecbb9ed7" executionId="cff2ef8a-3567-4828-9995-c563ba5710d0" testListId="8c84fa94-04c1-424b-9868-57a2d4851a1d" />
    <TestEntry testId="12102e82-c6ec-3f1d-6bc8-0853000b1a89" executionId="acddc50f-8192-4cbf-90f6-57196183c70b" testListId="8c84fa94-04c1-424b-9868-57a2d4851a1d" />
    <TestEntry testId="68bb4358-7632-2e26-3d90-eb226781dc9a" executionId="5ddf1650-7434-470c-b14f-52a634b14035" testListId="8c84fa94-04c1-424b-9868-57a2d4851a1d" />
    <TestEntry testId="b7d30765-6b04-77c9-dbfb-5c9bc9638f40" executionId="bdf3dd39-663d-4660-bbf4-400b6e09e285" testListId="8c84fa94-04c1-424b-9868-57a2d4851a1d" />
    <TestEntry testId="8d2e01e2-664c-a1c6-f8c3-ea6d5e645b84" executionId="58c11df2-6f4a-4203-8ae0-6d1ff73fb9b9" testListId="8c84fa94-04c1-424b-9868-57a2d4851a1d" />
    <TestEntry testId="a32f0f00-f791-321a-541d-4b130c296b11" executionId="9b11271a-1360-4c40-b24c-81d1f6c82a3a" testListId="8c84fa94-04c1-424b-9868-57a2d4851a1d" />
    <TestEntry testId="76d79a01-6eb6-9178-94f9-d83f76569f3f" executionId="417a62d0-f039-4502-b8c7-d31a43345390" testListId="8c84fa94-04c1-424b-9868-57a2d4851a1d" />
    <TestEntry testId="4b0c6ba2-1bcb-a0cc-daac-a02b005145c1" executionId="05e129ba-7130-4c5e-a329-b1b674a21af0" testListId="8c84fa94-04c1-424b-9868-57a2d4851a1d" />
    <TestEntry testId="4b466f88-da68-e407-97c2-23fd19c6505e" executionId="00fb5746-2743-42ce-9fa1-083fc7336c45" testListId="8c84fa94-04c1-424b-9868-57a2d4851a1d" />
    <TestEntry testId="87e3632c-b321-7223-5937-51c3937ab46d" executionId="49fa5ae6-f40c-4453-b9b0-3a579fecfcf0" testListId="8c84fa94-04c1-424b-9868-57a2d4851a1d" />
    <TestEntry testId="0bbe1b3b-08eb-9ccd-92b4-9fcca188118a" executionId="bf4a14a9-c607-461e-aa77-c8bc47cc3155" testListId="8c84fa94-04c1-424b-9868-57a2d4851a1d" />
    <TestEntry testId="a2e91bbb-b85b-cb86-2a1e-2f70adb514ab" executionId="f3d28e82-c777-4fca-a8a2-985c074585e5" testListId="8c84fa94-04c1-424b-9868-57a2d4851a1d" />
    <TestEntry testId="25bdc2ab-9648-5413-3e3f-c2ea4de95fd9" executionId="72ccaf7c-ea4b-420f-8503-9e6ce4f9f772" testListId="8c84fa94-04c1-424b-9868-57a2d4851a1d" />
    <TestEntry testId="84d55870-ab5e-f9a1-3dad-5d5e267c00ce" executionId="426d0bfc-d33a-43b4-a655-f8049c2d942a" testListId="8c84fa94-04c1-424b-9868-57a2d4851a1d" />
    <TestEntry testId="a57698b3-00dd-4eb8-9f32-dd6fe1d55107" executionId="afac01db-dff0-4dc1-b089-298c12168250" testListId="8c84fa94-04c1-424b-9868-57a2d4851a1d" />
    <TestEntry testId="0e0e0074-19eb-f275-99c2-d060a0139452" executionId="f92a1a98-8947-4ddd-a3b2-830de1d67075" testListId="8c84fa94-04c1-424b-9868-57a2d4851a1d" />
    <TestEntry testId="09d28f13-aa18-e300-1ec2-8577f7bd46d7" executionId="6fa9142d-2d60-4c96-bdd2-acebbef70ef4" testListId="8c84fa94-04c1-424b-9868-57a2d4851a1d" />
    <TestEntry testId="fb94b9da-8a73-e45d-a387-7900f0975352" executionId="d9a89866-e051-4f17-8763-2aed3c26d2d5" testListId="8c84fa94-04c1-424b-9868-57a2d4851a1d" />
    <TestEntry testId="bd479e21-958e-34b6-9706-ff5f56795be3" executionId="fa213ce0-4f0d-458b-bda1-0d8571930b03" testListId="8c84fa94-04c1-424b-9868-57a2d4851a1d" />
    <TestEntry testId="3b50fb23-5d1b-cf94-e962-ff0326192a35" executionId="6b7f71e0-f278-40fc-a146-b8b1343672f3" testListId="8c84fa94-04c1-424b-9868-57a2d4851a1d" />
    <TestEntry testId="41411790-6207-15cb-905a-6761e6481dd5" executionId="4c9023cd-f5c4-46c2-9011-1e01da44f05a" testListId="8c84fa94-04c1-424b-9868-57a2d4851a1d" />
    <TestEntry testId="252811e3-e504-17b3-3ebb-7471197798bc" executionId="f3a90cd2-7a44-4c34-aab5-facd64e7f2e4" testListId="8c84fa94-04c1-424b-9868-57a2d4851a1d" />
    <TestEntry testId="d9b9617b-f21f-ad0d-5e7d-8fd2b6e4698c" executionId="9b5f66ee-f11a-4dbe-8299-7facbdd90968" testListId="8c84fa94-04c1-424b-9868-57a2d4851a1d" />
    <TestEntry testId="30ff2556-be13-ae05-7328-0671476fb63e" executionId="f528b78d-a897-4132-b95f-e85dc61fdc53" testListId="8c84fa94-04c1-424b-9868-57a2d4851a1d" />
    <TestEntry testId="a5dd3d2b-b3f3-3bad-974f-56fa9525f17e" executionId="35c47cf2-1c2e-479a-8a27-3f48c6cc346d" testListId="8c84fa94-04c1-424b-9868-57a2d4851a1d" />
    <TestEntry testId="bf0f20c2-845c-997f-0fa6-6f26cfcdce7c" executionId="d228f832-53e0-4215-ac53-db52c2d5ca65" testListId="8c84fa94-04c1-424b-9868-57a2d4851a1d" />
    <TestEntry testId="2aafa182-5fe6-8142-ed89-8954655080cb" executionId="1576bec0-6512-47cf-be81-3ae0bdbef313" testListId="8c84fa94-04c1-424b-9868-57a2d4851a1d" />
    <TestEntry testId="9b784f65-630c-d649-a58b-ed192a825837" executionId="b11ab594-4863-4c4a-a59a-9abd281dbc4c" testListId="8c84fa94-04c1-424b-9868-57a2d4851a1d" />
    <TestEntry testId="521c472e-e745-7055-e120-a68b8b48a614" executionId="4e5e5fd0-e3b2-4f28-98fe-3a9fcce242f5" testListId="8c84fa94-04c1-424b-9868-57a2d4851a1d" />
    <TestEntry testId="5cc35453-d059-632f-ba33-68345f676dcb" executionId="e1cec233-df17-4a21-860e-157a5f271b3d" testListId="8c84fa94-04c1-424b-9868-57a2d4851a1d" />
    <TestEntry testId="b181acc3-ef4a-493e-5c8f-236304a43ea1" executionId="2cfb96c5-d73e-4685-92cd-d18bb8354a1b" testListId="8c84fa94-04c1-424b-9868-57a2d4851a1d" />
    <TestEntry testId="75fe70e9-4bc7-168b-9247-a8896756791b" executionId="fad126dc-7324-4680-bb0e-8e3ecef45150" testListId="8c84fa94-04c1-424b-9868-57a2d4851a1d" />
    <TestEntry testId="02859189-9a13-4088-cf35-bedabb8d6355" executionId="2d94b0d4-49fe-4fe5-a791-2ad3e1cbe200" testListId="8c84fa94-04c1-424b-9868-57a2d4851a1d" />
    <TestEntry testId="3c1d14fc-70d0-ab36-06c8-f2fa80519b79" executionId="41902713-4f51-41d7-bc3f-04c51296be7e" testListId="8c84fa94-04c1-424b-9868-57a2d4851a1d" />
    <TestEntry testId="055fbdb9-9fe5-f9b8-45fb-ecd2436b57b6" executionId="982abfa9-5609-4cd6-afa1-ade4099d22d5" testListId="8c84fa94-04c1-424b-9868-57a2d4851a1d" />
    <TestEntry testId="5e1d4342-5232-7c44-1f6d-c27f6a838df9" executionId="17707c85-4709-4e87-a7fe-7c21ab6d6066" testListId="8c84fa94-04c1-424b-9868-57a2d4851a1d" />
    <TestEntry testId="f805855a-23aa-e123-6e9c-187f81c03d96" executionId="ede9a68e-ad1c-4898-bdea-c6e3170f4c2c" testListId="8c84fa94-04c1-424b-9868-57a2d4851a1d" />
    <TestEntry testId="e968481c-9abb-1a51-80b5-63b8ffcb3a50" executionId="6767a193-a5f7-4807-a28b-d7d1cd824fa7" testListId="8c84fa94-04c1-424b-9868-57a2d4851a1d" />
    <TestEntry testId="00fd8b74-26a2-87cf-65b3-765736980b26" executionId="a0c865e3-f6f5-4b43-a9ea-d800bbe68217" testListId="8c84fa94-04c1-424b-9868-57a2d4851a1d" />
    <TestEntry testId="14d02278-2c88-f74f-4595-ca712ebfa87c" executionId="326c15da-55e5-4bea-aa0e-5ccda976896e" testListId="8c84fa94-04c1-424b-9868-57a2d4851a1d" />
    <TestEntry testId="eb6d7e88-6080-b472-a693-95bacda62142" executionId="588de6aa-3c21-450f-a661-74742c98b5ac" testListId="8c84fa94-04c1-424b-9868-57a2d4851a1d" />
    <TestEntry testId="46a14eda-c0fd-0c2a-2b48-8195600c2702" executionId="af18a51e-3cc4-459b-8931-ac304a53e5c2" testListId="8c84fa94-04c1-424b-9868-57a2d4851a1d" />
    <TestEntry testId="a6ce76e9-c319-ca5d-9bf7-749049d558d4" executionId="345c1166-e02c-4e93-a42b-28dd06b5e20d" testListId="8c84fa94-04c1-424b-9868-57a2d4851a1d" />
    <TestEntry testId="5276bfb4-1f9f-65d3-f5c8-dcb074c71a6b" executionId="db96228b-e0f8-4132-91d0-ae1b2f634ff2" testListId="8c84fa94-04c1-424b-9868-57a2d4851a1d" />
    <TestEntry testId="157420f6-f229-1176-a508-b5dfbe529695" executionId="292cf925-f1bd-4e67-861a-4843147baabf" testListId="8c84fa94-04c1-424b-9868-57a2d4851a1d" />
    <TestEntry testId="591c3b90-f4ab-7924-f49c-78faf8c3f0b1" executionId="2786df5e-f943-477c-b06d-b3cfbaadd831" testListId="8c84fa94-04c1-424b-9868-57a2d4851a1d" />
    <TestEntry testId="a83b3537-c5fa-ad90-58a0-35f4df2fe667" executionId="a96d9b0d-2d73-461d-8109-9623def5fb16" testListId="8c84fa94-04c1-424b-9868-57a2d4851a1d" />
    <TestEntry testId="ec247ad7-2b66-3086-52bb-f15624d32825" executionId="d532f5fd-11d5-4a69-811c-f1d3c31f0f23" testListId="8c84fa94-04c1-424b-9868-57a2d4851a1d" />
    <TestEntry testId="0a86a0dd-2916-6b82-9fbe-10cd34ae8ea4" executionId="7fcab294-f2f7-40ca-9740-952f3f60b66e" testListId="8c84fa94-04c1-424b-9868-57a2d4851a1d" />
    <TestEntry testId="529752e7-48c8-9456-6548-7a9f1a0ef8c0" executionId="b1ef3a02-e3b1-4c1c-93ee-a7f8969b52c5" testListId="8c84fa94-04c1-424b-9868-57a2d4851a1d" />
    <TestEntry testId="b27e4738-9c5f-b091-835f-e56ec5031f80" executionId="627cb39e-b8ed-44c1-b070-9267f6b96b30" testListId="8c84fa94-04c1-424b-9868-57a2d4851a1d" />
    <TestEntry testId="2c6db64a-7807-ee3b-2f0e-f5851e8b7344" executionId="e0ae1fb5-e763-479b-9a7e-872fa64ed85f" testListId="8c84fa94-04c1-424b-9868-57a2d4851a1d" />
    <TestEntry testId="b66ce8a6-1edc-d9f1-97f2-bf555e59d47b" executionId="8f389c5f-60b8-4450-8351-526f3a7eed61" testListId="8c84fa94-04c1-424b-9868-57a2d4851a1d" />
    <TestEntry testId="45897c43-63cb-da00-746f-d8fcc8c1a46e" executionId="ab40f9f7-6a82-43c5-9aff-b37f31c2b94c" testListId="8c84fa94-04c1-424b-9868-57a2d4851a1d" />
    <TestEntry testId="54f7b419-f273-a393-7d13-d0e8d050983e" executionId="09ad4af2-7073-4801-a04b-78d22a3a8bc4" testListId="8c84fa94-04c1-424b-9868-57a2d4851a1d" />
    <TestEntry testId="606911b7-e3dd-1c4a-238d-2f3926a583d8" executionId="6364bf2c-a933-42d3-ab36-3672045b18e6" testListId="8c84fa94-04c1-424b-9868-57a2d4851a1d" />
    <TestEntry testId="0f814e7d-b1db-9ba8-92fb-35f627b7b883" executionId="d01b00be-4e53-440b-ab45-b87dcc96ab02" testListId="8c84fa94-04c1-424b-9868-57a2d4851a1d" />
    <TestEntry testId="066c72a6-bcde-b607-7b99-aed659bc71d9" executionId="8333ee24-88b0-4d81-9dbb-de1f15997084" testListId="8c84fa94-04c1-424b-9868-57a2d4851a1d" />
    <TestEntry testId="158745b7-dc32-fb94-0c64-de5bdfa45723" executionId="39fb46c4-de70-4ee1-8506-8b1670ec4d9b" testListId="8c84fa94-04c1-424b-9868-57a2d4851a1d" />
    <TestEntry testId="e37e3adf-163a-ce12-e4bc-dea655616b56" executionId="7f6e91e9-3361-4d53-a5cf-f107722e5be6" testListId="8c84fa94-04c1-424b-9868-57a2d4851a1d" />
    <TestEntry testId="81e785f7-2c1a-d647-49ee-821df03b80b0" executionId="9164774f-524a-4a19-8bcf-ef04903a1f13" testListId="8c84fa94-04c1-424b-9868-57a2d4851a1d" />
    <TestEntry testId="303c5cea-6f97-35f9-082d-18cc90831fd8" executionId="e98a90c2-1418-4240-8bd5-227b2de5d7c2" testListId="8c84fa94-04c1-424b-9868-57a2d4851a1d" />
    <TestEntry testId="85eb8fe0-9dd9-f799-2c40-09614359e6ce" executionId="6482fd91-d6bf-44c1-8e12-c52ab945bdf4" testListId="8c84fa94-04c1-424b-9868-57a2d4851a1d" />
    <TestEntry testId="f0d6612f-0f66-a3cf-1861-5af5fc074c1a" executionId="aaf10fcd-3106-49a5-88e2-2133e6963948" testListId="8c84fa94-04c1-424b-9868-57a2d4851a1d" />
    <TestEntry testId="948785a5-79ab-592c-c30f-45f0fe8686c6" executionId="3a7cf11d-f06f-43ac-86fb-636c35e0280f" testListId="8c84fa94-04c1-424b-9868-57a2d4851a1d" />
    <TestEntry testId="e9ae21d8-bb02-3771-d699-cb7482377476" executionId="39e1ebd8-d172-4a05-8649-cc1c444977f2" testListId="8c84fa94-04c1-424b-9868-57a2d4851a1d" />
    <TestEntry testId="e5890897-0de4-be06-c1fc-e327ba2ba503" executionId="34fe00cc-483a-433d-b839-463e7438c339" testListId="8c84fa94-04c1-424b-9868-57a2d4851a1d" />
    <TestEntry testId="7c7e2610-e19b-4d01-3a1a-238bf7078274" executionId="ff05c7ec-3a6e-4b78-9c23-1ab00c468445" testListId="8c84fa94-04c1-424b-9868-57a2d4851a1d" />
    <TestEntry testId="0404b94f-0c43-d419-f48e-dc15db5e9fac" executionId="df7c6ff7-5bc1-4919-b4ad-6de25a4e35fe" testListId="8c84fa94-04c1-424b-9868-57a2d4851a1d" />
    <TestEntry testId="d743ffcf-5531-145e-b657-2013ace44242" executionId="cc491233-f670-4bf4-bbb4-31277f48270f" testListId="8c84fa94-04c1-424b-9868-57a2d4851a1d" />
    <TestEntry testId="ea0a4d4e-8e7b-6e52-f5bc-65b9f0994aaa" executionId="c484914e-a1fa-47c2-aa08-016ae7501da7" testListId="8c84fa94-04c1-424b-9868-57a2d4851a1d" />
    <TestEntry testId="2440eabb-83bc-14c5-23e4-b1de9da5e7c1" executionId="82a6ca79-f33c-41c2-9246-7ffa657359ce" testListId="8c84fa94-04c1-424b-9868-57a2d4851a1d" />
    <TestEntry testId="315231da-d893-844c-e27b-5a413eeecff8" executionId="c32710be-24b2-496c-9790-6a73d4803cec" testListId="8c84fa94-04c1-424b-9868-57a2d4851a1d" />
    <TestEntry testId="039e529f-e4d3-31c5-4edb-7a432ed6856f" executionId="6eb30b61-3a34-43a7-bc2b-d07464ebe916" testListId="8c84fa94-04c1-424b-9868-57a2d4851a1d" />
    <TestEntry testId="e1973555-8c12-f871-11f6-e68cb62e33dd" executionId="d45ca024-d7ea-4629-ab3e-3224bff8e267" testListId="8c84fa94-04c1-424b-9868-57a2d4851a1d" />
    <TestEntry testId="5a0f8cae-41c5-ebad-3b91-5793fb2d8168" executionId="14cc8234-a22e-4f63-9e56-0fc36b5ffe13" testListId="8c84fa94-04c1-424b-9868-57a2d4851a1d" />
    <TestEntry testId="893d87f6-416b-e29a-a697-3f63ed5053d3" executionId="1f8c1f63-ec5c-4e88-8ea7-addf505cd393" testListId="8c84fa94-04c1-424b-9868-57a2d4851a1d" />
    <TestEntry testId="82d9e167-a85e-82a9-e70c-a466a2d4a238" executionId="5d90870b-f30c-48f7-8cac-73033aae17f8" testListId="8c84fa94-04c1-424b-9868-57a2d4851a1d" />
    <TestEntry testId="c10aec1c-2141-805c-01b5-e3469b168f5c" executionId="57cf7472-ae6a-4a2c-bb8a-ff64a5049063" testListId="8c84fa94-04c1-424b-9868-57a2d4851a1d" />
    <TestEntry testId="0a36327a-bb45-3692-7238-19f468f11f36" executionId="26ea00d6-0c36-4a04-abc0-7e401777f44f" testListId="8c84fa94-04c1-424b-9868-57a2d4851a1d" />
    <TestEntry testId="d39d6c40-2ef4-5c79-b83b-7ffe9e29e130" executionId="669abded-ff6f-4d80-8e74-844f81ad502e" testListId="8c84fa94-04c1-424b-9868-57a2d4851a1d" />
    <TestEntry testId="e939222d-b872-fca9-da74-a2c8d5488c99" executionId="6aa55432-9204-4a54-bb1a-e1eccd6fc0e9" testListId="8c84fa94-04c1-424b-9868-57a2d4851a1d" />
    <TestEntry testId="3b93329e-6a5d-d19f-e68f-00bedc53f4c6" executionId="d0e16f3c-287a-4ecb-87c3-2ff3fcc9687e" testListId="8c84fa94-04c1-424b-9868-57a2d4851a1d" />
    <TestEntry testId="fcbd39ee-2d2b-eda5-4b07-9a81407f88c3" executionId="4b2f1f5a-7c14-4bc4-ae92-c3674171fa8b" testListId="8c84fa94-04c1-424b-9868-57a2d4851a1d" />
    <TestEntry testId="d65b7ef7-cbb5-19ad-d19f-a7915773ce0b" executionId="698bd838-2faa-40f4-a64d-5d987cea8352" testListId="8c84fa94-04c1-424b-9868-57a2d4851a1d" />
  </TestEntries>
  <Results>
    <UnitTestResult executionId="4661d27d-7063-4ff2-9f10-d2c1474b1dd8" testId="d8ef4e1f-33c2-8ede-a37b-68089cb29553" testName="ClsOcorrenciaBLLConstructorTest" computerName="THIAGO-PC" duration="00:00:10.7082444" startTime="2013-02-17T20:23:57.9070481-03:00" endTime="2013-02-17T20:24:08.6152925-03:00" testType="13cdc9d9-ddb5-4fa4-a97d-d965ccfc6d4b" outcome="Aborted" testListId="8c84fa94-04c1-424b-9868-57a2d4851a1d" relativeResultsDirectory="4661d27d-7063-4ff2-9f10-d2c1474b1dd8">
    </UnitTestResult>
    <UnitTestResult executionId="affd40c3-6f4f-4ae8-bedb-50463a9ebdc6" testId="5b698b01-7884-9c43-c9ce-9a9245c14309" testName="BuscarOcorrenciaPorAcusadoTest" computerName="THIAGO-PC" testType="13cdc9d9-ddb5-4fa4-a97d-d965ccfc6d4b" outcome="NotExecuted" testListId="8c84fa94-04c1-424b-9868-57a2d4851a1d" relativeResultsDirectory="affd40c3-6f4f-4ae8-bedb-50463a9ebdc6">
    </UnitTestResult>
    <UnitTestResult executionId="8e8a7aba-37f4-4f14-b532-ba0fccdd7772" testId="fb4ffee2-c738-b814-21c6-df577660c31a" testName="BuscarOcorrenciaPorDataTest" computerName="THIAGO-PC" testType="13cdc9d9-ddb5-4fa4-a97d-d965ccfc6d4b" outcome="NotExecuted" testListId="8c84fa94-04c1-424b-9868-57a2d4851a1d" relativeResultsDirectory="8e8a7aba-37f4-4f14-b532-ba0fccdd7772">
    </UnitTestResult>
    <UnitTestResult executionId="0a84c899-08a5-4059-ac1a-4368e76132e0" testId="269b4d8d-2fa6-222f-82f6-f5e5117786bd" testName="BuscarOcorrenciaPorDenunciadoTest" computerName="THIAGO-PC" testType="13cdc9d9-ddb5-4fa4-a97d-d965ccfc6d4b" outcome="NotExecuted" testListId="8c84fa94-04c1-424b-9868-57a2d4851a1d" relativeResultsDirectory="0a84c899-08a5-4059-ac1a-4368e76132e0">
    </UnitTestResult>
    <UnitTestResult executionId="a3a9a978-2238-4e9a-bf97-fe822bb2f1c0" testId="39173455-67e5-662f-691e-a889a31d84b3" testName="BuscarOcorrenciaPorIDTest" computerName="THIAGO-PC" testType="13cdc9d9-ddb5-4fa4-a97d-d965ccfc6d4b" outcome="NotExecuted" testListId="8c84fa94-04c1-424b-9868-57a2d4851a1d" relativeResultsDirectory="a3a9a978-2238-4e9a-bf97-fe822bb2f1c0">
    </UnitTestResult>
    <UnitTestResult executionId="4ea067ab-15fc-4ba3-88a8-77731be4bfc2" testId="3a1440c6-ef1a-520f-983a-3118542b2a46" testName="BuscarOcorrenciaPorStatusTest" computerName="THIAGO-PC" testType="13cdc9d9-ddb5-4fa4-a97d-d965ccfc6d4b" outcome="NotExecuted" testListId="8c84fa94-04c1-424b-9868-57a2d4851a1d" relativeResultsDirectory="4ea067ab-15fc-4ba3-88a8-77731be4bfc2">
    </UnitTestResult>
    <UnitTestResult executionId="b05d4585-94af-4e09-be43-0ce4173171aa" testId="acc53eb1-5908-6357-1dc1-338201362373" testName="EditarOcorrenciaTest" computerName="THIAGO-PC" testType="13cdc9d9-ddb5-4fa4-a97d-d965ccfc6d4b" outcome="NotExecuted" testListId="8c84fa94-04c1-424b-9868-57a2d4851a1d" relativeResultsDirectory="b05d4585-94af-4e09-be43-0ce4173171aa">
    </UnitTestResult>
    <UnitTestResult executionId="3883c96a-5564-49c8-83a0-495a60d8d211" testId="cf01379f-ff5f-6999-00b8-5367ac95df5e" testName="ExcluirOcorrenciaTest" computerName="THIAGO-PC" testType="13cdc9d9-ddb5-4fa4-a97d-d965ccfc6d4b" outcome="NotExecuted" testListId="8c84fa94-04c1-424b-9868-57a2d4851a1d" relativeResultsDirectory="3883c96a-5564-49c8-83a0-495a60d8d211">
    </UnitTestResult>
    <UnitTestResult executionId="ae1d45b6-7327-47e1-a790-74a79e66952e" testId="b304d9d1-3afd-f029-1ab3-5968e44326a8" testName="InserirOcorrenciaTest" computerName="THIAGO-PC" testType="13cdc9d9-ddb5-4fa4-a97d-d965ccfc6d4b" outcome="NotExecuted" testListId="8c84fa94-04c1-424b-9868-57a2d4851a1d" relativeResultsDirectory="ae1d45b6-7327-47e1-a790-74a79e66952e">
    </UnitTestResult>
    <UnitTestResult executionId="b30430a3-b813-449b-a15f-2616ba7f3d0a" testId="e97a9682-15b9-deac-2dd7-e9f3e3d58f9c" testName="ClsContatoBLLConstructorTest" computerName="THIAGO-PC" testType="13cdc9d9-ddb5-4fa4-a97d-d965ccfc6d4b" outcome="NotExecuted" testListId="8c84fa94-04c1-424b-9868-57a2d4851a1d" relativeResultsDirectory="b30430a3-b813-449b-a15f-2616ba7f3d0a">
    </UnitTestResult>
    <UnitTestResult executionId="1874a75f-9add-4a6e-9e23-5f01f4eb43c5" testId="7a017172-34fc-a461-afe5-eff1d18feb01" testName="BuscarContatoPorNomeTest" computerName="THIAGO-PC" testType="13cdc9d9-ddb5-4fa4-a97d-d965ccfc6d4b" outcome="NotExecuted" testListId="8c84fa94-04c1-424b-9868-57a2d4851a1d" relativeResultsDirectory="1874a75f-9add-4a6e-9e23-5f01f4eb43c5">
    </UnitTestResult>
    <UnitTestResult executionId="5d50a562-06c6-4d10-b752-e76978473e0e" testId="af342d55-cc5d-4cbf-317d-e587b5f2e533" testName="BuscarContatoPorNomeRegexTest" computerName="THIAGO-PC" testType="13cdc9d9-ddb5-4fa4-a97d-d965ccfc6d4b" outcome="NotExecuted" testListId="8c84fa94-04c1-424b-9868-57a2d4851a1d" relativeResultsDirectory="5d50a562-06c6-4d10-b752-e76978473e0e">
    </UnitTestResult>
    <UnitTestResult executionId="05676af7-1b4c-48fc-9143-8d528d28707a" testId="8b9ebdc9-da60-408e-5da0-823128de837c" testName="BuscarQuantidadeContatosTest" computerName="THIAGO-PC" testType="13cdc9d9-ddb5-4fa4-a97d-d965ccfc6d4b" outcome="NotExecuted" testListId="8c84fa94-04c1-424b-9868-57a2d4851a1d" relativeResultsDirectory="05676af7-1b4c-48fc-9143-8d528d28707a">
    </UnitTestResult>
    <UnitTestResult executionId="f3e78c8a-4e75-47db-95c9-03086e37017a" testId="a51ef331-9834-dca1-6a53-d3a635473f78" testName="BuscarTodosContatosTest" computerName="THIAGO-PC" testType="13cdc9d9-ddb5-4fa4-a97d-d965ccfc6d4b" outcome="NotExecuted" testListId="8c84fa94-04c1-424b-9868-57a2d4851a1d" relativeResultsDirectory="f3e78c8a-4e75-47db-95c9-03086e37017a">
    </UnitTestResult>
    <UnitTestResult executionId="170e44e5-9588-4eba-ad48-1a2b9ffd0d2f" testId="881e9254-54be-23ab-2ae7-27f9999c0db9" testName="ExcluirContatoNetworkTest" computerName="THIAGO-PC" testType="13cdc9d9-ddb5-4fa4-a97d-d965ccfc6d4b" outcome="NotExecuted" testListId="8c84fa94-04c1-424b-9868-57a2d4851a1d" relativeResultsDirectory="170e44e5-9588-4eba-ad48-1a2b9ffd0d2f">
    </UnitTestResult>
    <UnitTestResult executionId="16bc5b08-8d37-4311-9320-cbef0b7945b4" testId="a3d8b318-c3f9-7e4d-bd50-8bc3be70fd73" testName="ExcluirTodosContatosTest" computerName="THIAGO-PC" testType="13cdc9d9-ddb5-4fa4-a97d-d965ccfc6d4b" outcome="NotExecuted" testListId="8c84fa94-04c1-424b-9868-57a2d4851a1d" relativeResultsDirectory="16bc5b08-8d37-4311-9320-cbef0b7945b4">
    </UnitTestResult>
    <UnitTestResult executionId="da02ade4-2841-49d0-9b71-b41534be6587" testId="43e590c7-1a99-0846-7287-cff8d5d6d5c7" testName="InserirAtualizacaoTest" computerName="THIAGO-PC" testType="13cdc9d9-ddb5-4fa4-a97d-d965ccfc6d4b" outcome="NotExecuted" testListId="8c84fa94-04c1-424b-9868-57a2d4851a1d" relativeResultsDirectory="da02ade4-2841-49d0-9b71-b41534be6587">
    </UnitTestResult>
    <UnitTestResult executionId="b11b69f7-82c6-416b-9a42-bdadc8c5f73c" testId="e7a12a1a-39d1-7399-881b-c28bf56701d2" testName="InserirContatoNetworkTest" computerName="THIAGO-PC" testType="13cdc9d9-ddb5-4fa4-a97d-d965ccfc6d4b" outcome="NotExecuted" testListId="8c84fa94-04c1-424b-9868-57a2d4851a1d" relativeResultsDirectory="b11b69f7-82c6-416b-9a42-bdadc8c5f73c">
    </UnitTestResult>
    <UnitTestResult executionId="0bdf3a4d-d081-4f46-bf48-0db23dc36688" testId="80edb340-e7da-72ab-45dc-fadb3c352c3f" testName="InserirNotificacaoTest" computerName="THIAGO-PC" testType="13cdc9d9-ddb5-4fa4-a97d-d965ccfc6d4b" outcome="NotExecuted" testListId="8c84fa94-04c1-424b-9868-57a2d4851a1d" relativeResultsDirectory="0bdf3a4d-d081-4f46-bf48-0db23dc36688">
    </UnitTestResult>
    <UnitTestResult executionId="73fab2eb-618c-461d-a654-ff14eb5b06f9" testId="1bc2aa0b-865c-cebe-4aff-84f10f51e0e7" testName="VerificarExistenciaContatoTest" computerName="THIAGO-PC" testType="13cdc9d9-ddb5-4fa4-a97d-d965ccfc6d4b" outcome="NotExecuted" testListId="8c84fa94-04c1-424b-9868-57a2d4851a1d" relativeResultsDirectory="73fab2eb-618c-461d-a654-ff14eb5b06f9">
    </UnitTestResult>
    <UnitTestResult executionId="17df4aa6-7fc7-4402-9964-9ace744b5f55" testId="9ab0664f-c9bf-a94c-45dc-74df0cafaa96" testName="ClsOrcamentoBLLConstructorTest" computerName="THIAGO-PC" testType="13cdc9d9-ddb5-4fa4-a97d-d965ccfc6d4b" outcome="NotExecuted" testListId="8c84fa94-04c1-424b-9868-57a2d4851a1d" relativeResultsDirectory="17df4aa6-7fc7-4402-9964-9ace744b5f55">
    </UnitTestResult>
    <UnitTestResult executionId="e33b6062-350f-404f-8bce-1095e28c0081" testId="aae7e9d9-628a-f1a8-360c-eb616c0062eb" testName="BuscaOrcamentoNaoAprovadosPrestTest" computerName="THIAGO-PC" testType="13cdc9d9-ddb5-4fa4-a97d-d965ccfc6d4b" outcome="NotExecuted" testListId="8c84fa94-04c1-424b-9868-57a2d4851a1d" relativeResultsDirectory="e33b6062-350f-404f-8bce-1095e28c0081">
    </UnitTestResult>
    <UnitTestResult executionId="a25f66cd-b984-4cda-90ac-83e70ee5bbb0" testId="731cc8e4-abd1-e532-2d9c-85bde94bfc1b" testName="BuscarOrcamentoPorIDTest" computerName="THIAGO-PC" testType="13cdc9d9-ddb5-4fa4-a97d-d965ccfc6d4b" outcome="NotExecuted" testListId="8c84fa94-04c1-424b-9868-57a2d4851a1d" relativeResultsDirectory="a25f66cd-b984-4cda-90ac-83e70ee5bbb0">
    </UnitTestResult>
    <UnitTestResult executionId="303b484d-5907-4176-ad17-9c4cfeb7a7e9" testId="0736221e-a105-46a2-2242-f1b22e266f91" testName="BuscarOrcamentoPorUsuarioTest" computerName="THIAGO-PC" testType="13cdc9d9-ddb5-4fa4-a97d-d965ccfc6d4b" outcome="NotExecuted" testListId="8c84fa94-04c1-424b-9868-57a2d4851a1d" relativeResultsDirectory="303b484d-5907-4176-ad17-9c4cfeb7a7e9">
    </UnitTestResult>
    <UnitTestResult executionId="d852f128-0554-4b04-8bf9-a1899772f143" testId="38476ee4-8173-17f3-14a9-109cc7c3b636" testName="BuscarQuantOrcamentosNaoAprovadosContratTest" computerName="THIAGO-PC" testType="13cdc9d9-ddb5-4fa4-a97d-d965ccfc6d4b" outcome="NotExecuted" testListId="8c84fa94-04c1-424b-9868-57a2d4851a1d" relativeResultsDirectory="d852f128-0554-4b04-8bf9-a1899772f143">
    </UnitTestResult>
    <UnitTestResult executionId="5e38e042-2c79-4174-9367-80b0352a2eed" testId="9839c277-0a4b-cafa-6dc1-58665071d76e" testName="CriarOrcamentoTest" computerName="THIAGO-PC" testType="13cdc9d9-ddb5-4fa4-a97d-d965ccfc6d4b" outcome="NotExecuted" testListId="8c84fa94-04c1-424b-9868-57a2d4851a1d" relativeResultsDirectory="5e38e042-2c79-4174-9367-80b0352a2eed">
    </UnitTestResult>
    <UnitTestResult executionId="ff69eba5-f9c8-4c99-9d05-64dfccb5e334" testId="a7a7762e-cf80-65e9-257f-80bf3c15ca5e" testName="EditarOrcamentoTest" computerName="THIAGO-PC" testType="13cdc9d9-ddb5-4fa4-a97d-d965ccfc6d4b" outcome="NotExecuted" testListId="8c84fa94-04c1-424b-9868-57a2d4851a1d" relativeResultsDirectory="ff69eba5-f9c8-4c99-9d05-64dfccb5e334">
    </UnitTestResult>
    <UnitTestResult executionId="bc5ff22d-29f3-434b-803b-babd82652756" testId="c60054f8-fecb-03e1-474c-6d65d08d82d7" testName="ClsAdaptivePaymentBLLConstructorTest" computerName="THIAGO-PC" testType="13cdc9d9-ddb5-4fa4-a97d-d965ccfc6d4b" outcome="NotExecuted" testListId="8c84fa94-04c1-424b-9868-57a2d4851a1d" relativeResultsDirectory="bc5ff22d-29f3-434b-803b-babd82652756">
    </UnitTestResult>
    <UnitTestResult executionId="223e91dc-b389-4e1f-83fd-06330993d651" testId="4b935f4d-a931-84d8-f8f6-c4ec4e84c860" testName="LerAPIProfileTest" computerName="THIAGO-PC" testType="13cdc9d9-ddb5-4fa4-a97d-d965ccfc6d4b" outcome="NotExecuted" testListId="8c84fa94-04c1-424b-9868-57a2d4851a1d" relativeResultsDirectory="223e91dc-b389-4e1f-83fd-06330993d651">
    </UnitTestResult>
    <UnitTestResult executionId="635b82c0-d6e1-4acf-a24a-01ea9c22b491" testId="640780ba-eef2-bc88-d773-ce5874258c2f" testName="PagarTest" computerName="THIAGO-PC" testType="13cdc9d9-ddb5-4fa4-a97d-d965ccfc6d4b" outcome="NotExecuted" testListId="8c84fa94-04c1-424b-9868-57a2d4851a1d" relativeResultsDirectory="635b82c0-d6e1-4acf-a24a-01ea9c22b491">
    </UnitTestResult>
    <UnitTestResult executionId="149f8178-8b03-4bda-9387-acc3f426dcb4" testId="ac9ec74a-a110-9f04-66b1-e2f2a092b656" testName="OidExceptionConstructorTest" computerName="THIAGO-PC" testType="13cdc9d9-ddb5-4fa4-a97d-d965ccfc6d4b" outcome="NotExecuted" testListId="8c84fa94-04c1-424b-9868-57a2d4851a1d" relativeResultsDirectory="149f8178-8b03-4bda-9387-acc3f426dcb4">
    </UnitTestResult>
    <UnitTestResult executionId="c881ff80-c667-4ee1-877d-ca3dce8d8ca7" testId="e1b88a1b-49f6-4af3-5e46-af302ca2824f" testName="OidExceptionConstructorTest1" computerName="THIAGO-PC" testType="13cdc9d9-ddb5-4fa4-a97d-d965ccfc6d4b" outcome="NotExecuted" testListId="8c84fa94-04c1-424b-9868-57a2d4851a1d" relativeResultsDirectory="c881ff80-c667-4ee1-877d-ca3dce8d8ca7">
    </UnitTestResult>
    <UnitTestResult executionId="2585e8ae-9aec-412b-b65b-1add3e494990" testId="6e289d83-c800-c309-f8b7-8fabe1e5994e" testName="MessageTest" computerName="THIAGO-PC" testType="13cdc9d9-ddb5-4fa4-a97d-d965ccfc6d4b" outcome="NotExecuted" testListId="8c84fa94-04c1-424b-9868-57a2d4851a1d" relativeResultsDirectory="2585e8ae-9aec-412b-b65b-1add3e494990">
    </UnitTestResult>
    <UnitTestResult executionId="4e27d7e0-5fdc-4f61-85ef-200e80a5a550" testId="d888353d-5b09-cd18-72c2-b5f6d263b704" testName="ClsCatalogoEnderecosBLLConstructorTest" computerName="THIAGO-PC" testType="13cdc9d9-ddb5-4fa4-a97d-d965ccfc6d4b" outcome="NotExecuted" testListId="8c84fa94-04c1-424b-9868-57a2d4851a1d" relativeResultsDirectory="4e27d7e0-5fdc-4f61-85ef-200e80a5a550">
    </UnitTestResult>
    <UnitTestResult executionId="c322f7c9-c90a-4f8b-8d80-1866a91aedeb" testId="ba7019c2-43a6-f6fa-f815-cc85b4932682" testName="BuscarCidadesPorUfTest" computerName="THIAGO-PC" testType="13cdc9d9-ddb5-4fa4-a97d-d965ccfc6d4b" outcome="NotExecuted" testListId="8c84fa94-04c1-424b-9868-57a2d4851a1d" relativeResultsDirectory="c322f7c9-c90a-4f8b-8d80-1866a91aedeb">
    </UnitTestResult>
    <UnitTestResult executionId="9e591e0b-e211-4dc0-b693-0d990b5fc977" testId="726ae4aa-b77f-ec0d-cd16-42d915a96f8a" testName="BuscarEstadosPorPaisTest" computerName="THIAGO-PC" testType="13cdc9d9-ddb5-4fa4-a97d-d965ccfc6d4b" outcome="NotExecuted" testListId="8c84fa94-04c1-424b-9868-57a2d4851a1d" relativeResultsDirectory="9e591e0b-e211-4dc0-b693-0d990b5fc977">
    </UnitTestResult>
    <UnitTestResult executionId="fb95fb1a-a2e1-457c-8bb4-b545763158ed" testId="d829ec69-c453-710b-1648-362503778bd4" testName="BuscarPaisesTest" computerName="THIAGO-PC" testType="13cdc9d9-ddb5-4fa4-a97d-d965ccfc6d4b" outcome="NotExecuted" testListId="8c84fa94-04c1-424b-9868-57a2d4851a1d" relativeResultsDirectory="fb95fb1a-a2e1-457c-8bb4-b545763158ed">
    </UnitTestResult>
    <UnitTestResult executionId="5aabf08f-0a38-4575-8255-7de5cdb10433" testId="f2316c78-80fa-3ce9-e964-5a581e95ee92" testName="BuscarTodosEnderecosTest" computerName="THIAGO-PC" testType="13cdc9d9-ddb5-4fa4-a97d-d965ccfc6d4b" outcome="NotExecuted" testListId="8c84fa94-04c1-424b-9868-57a2d4851a1d" relativeResultsDirectory="5aabf08f-0a38-4575-8255-7de5cdb10433">
    </UnitTestResult>
    <UnitTestResult executionId="08f610b1-1865-45d2-9eac-01b76bb73eb7" testId="5ba7fa23-2480-f3d6-9a84-7b43fc00c727" testName="ExcluirCidadeTest" computerName="THIAGO-PC" testType="13cdc9d9-ddb5-4fa4-a97d-d965ccfc6d4b" outcome="NotExecuted" testListId="8c84fa94-04c1-424b-9868-57a2d4851a1d" relativeResultsDirectory="08f610b1-1865-45d2-9eac-01b76bb73eb7">
    </UnitTestResult>
    <UnitTestResult executionId="0bfbf03d-d413-4aa1-b602-05b782339e1a" testId="b0b891e5-2a5c-b3e9-2deb-75992518c480" testName="ExcluirPaisTest" computerName="THIAGO-PC" testType="13cdc9d9-ddb5-4fa4-a97d-d965ccfc6d4b" outcome="NotExecuted" testListId="8c84fa94-04c1-424b-9868-57a2d4851a1d" relativeResultsDirectory="0bfbf03d-d413-4aa1-b602-05b782339e1a">
    </UnitTestResult>
    <UnitTestResult executionId="c52f6825-6a02-4fce-980f-21b0f2273281" testId="f94dad60-69b8-16b2-6602-9bae2cd2cb4d" testName="ExcluirUfTest" computerName="THIAGO-PC" testType="13cdc9d9-ddb5-4fa4-a97d-d965ccfc6d4b" outcome="NotExecuted" testListId="8c84fa94-04c1-424b-9868-57a2d4851a1d" relativeResultsDirectory="c52f6825-6a02-4fce-980f-21b0f2273281">
    </UnitTestResult>
    <UnitTestResult executionId="cfff41c2-202c-458e-a025-835c4a047d77" testId="adc70049-ec2a-1722-0a05-158f9307be47" testName="InserirTest" computerName="THIAGO-PC" testType="13cdc9d9-ddb5-4fa4-a97d-d965ccfc6d4b" outcome="NotExecuted" testListId="8c84fa94-04c1-424b-9868-57a2d4851a1d" relativeResultsDirectory="cfff41c2-202c-458e-a025-835c4a047d77">
    </UnitTestResult>
    <UnitTestResult executionId="73984342-96bc-4f1e-a3a7-7b2ddd113494" testId="71048f58-8e3f-1480-34da-5412bb3bdda0" testName="InserirTest1" computerName="THIAGO-PC" testType="13cdc9d9-ddb5-4fa4-a97d-d965ccfc6d4b" outcome="NotExecuted" testListId="8c84fa94-04c1-424b-9868-57a2d4851a1d" relativeResultsDirectory="73984342-96bc-4f1e-a3a7-7b2ddd113494">
    </UnitTestResult>
    <UnitTestResult executionId="fe68aa2a-816a-4d70-9914-e0d11396838b" testId="8225932f-427b-d7a8-2fd4-8feabe3260d9" testName="InserirCidadeTest" computerName="THIAGO-PC" testType="13cdc9d9-ddb5-4fa4-a97d-d965ccfc6d4b" outcome="NotExecuted" testListId="8c84fa94-04c1-424b-9868-57a2d4851a1d" relativeResultsDirectory="fe68aa2a-816a-4d70-9914-e0d11396838b">
    </UnitTestResult>
    <UnitTestResult executionId="9d5a1e01-a832-4292-be92-c8aa106e9a51" testId="8f19b2ff-d62c-6225-f867-072a68817fdd" testName="InserirPaisTest" computerName="THIAGO-PC" testType="13cdc9d9-ddb5-4fa4-a97d-d965ccfc6d4b" outcome="NotExecuted" testListId="8c84fa94-04c1-424b-9868-57a2d4851a1d" relativeResultsDirectory="9d5a1e01-a832-4292-be92-c8aa106e9a51">
    </UnitTestResult>
    <UnitTestResult executionId="113b03d6-b899-41be-b620-e7c5c0daf08c" testId="8c3c22b7-e7e6-31a6-304a-3b8784d0a8e9" testName="InserirUfTest" computerName="THIAGO-PC" testType="13cdc9d9-ddb5-4fa4-a97d-d965ccfc6d4b" outcome="NotExecuted" testListId="8c84fa94-04c1-424b-9868-57a2d4851a1d" relativeResultsDirectory="113b03d6-b899-41be-b620-e7c5c0daf08c">
    </UnitTestResult>
    <UnitTestResult executionId="f350cf19-42d6-4f3e-8d14-530701c72d57" testId="c4987fc4-c6ef-9909-57d3-d4b82046737a" testName="lerXmlCatalogoEnderecoTest" computerName="THIAGO-PC" testType="13cdc9d9-ddb5-4fa4-a97d-d965ccfc6d4b" outcome="NotExecuted" testListId="8c84fa94-04c1-424b-9868-57a2d4851a1d" relativeResultsDirectory="f350cf19-42d6-4f3e-8d14-530701c72d57">
    </UnitTestResult>
    <UnitTestResult executionId="3f2f405b-c050-44e5-abb6-8705a4a6779c" testId="24e109b5-ebac-7154-c0d0-91db5c99399f" testName="TestMethod1" computerName="THIAGO-PC" testType="13cdc9d9-ddb5-4fa4-a97d-d965ccfc6d4b" outcome="NotExecuted" testListId="8c84fa94-04c1-424b-9868-57a2d4851a1d" relativeResultsDirectory="3f2f405b-c050-44e5-abb6-8705a4a6779c">
    </UnitTestResult>
    <UnitTestResult executionId="681e0915-2cab-4360-b84e-3229591b3b3a" testId="08a046e7-6712-9a91-8b55-b0552fdc9667" testName="OidNullExceptionConstructorTest" computerName="THIAGO-PC" testType="13cdc9d9-ddb5-4fa4-a97d-d965ccfc6d4b" outcome="NotExecuted" testListId="8c84fa94-04c1-424b-9868-57a2d4851a1d" relativeResultsDirectory="681e0915-2cab-4360-b84e-3229591b3b3a">
    </UnitTestResult>
    <UnitTestResult executionId="277602e1-57b3-40d1-8f3f-cc5685995fb6" testId="baf45fa3-41d3-f235-4394-cbe5c6199d01" testName="OidNullExceptionConstructorTest1" computerName="THIAGO-PC" testType="13cdc9d9-ddb5-4fa4-a97d-d965ccfc6d4b" outcome="NotExecuted" testListId="8c84fa94-04c1-424b-9868-57a2d4851a1d" relativeResultsDirectory="277602e1-57b3-40d1-8f3f-cc5685995fb6">
    </UnitTestResult>
    <UnitTestResult executionId="544e2fe0-6f2b-4c3f-aba7-dccf65718526" testId="cb49ceea-fe12-6e3c-697f-2955cb6c5f4a" testName="MessageTest" computerName="THIAGO-PC" testType="13cdc9d9-ddb5-4fa4-a97d-d965ccfc6d4b" outcome="NotExecuted" testListId="8c84fa94-04c1-424b-9868-57a2d4851a1d" relativeResultsDirectory="544e2fe0-6f2b-4c3f-aba7-dccf65718526">
    </UnitTestResult>
    <UnitTestResult executionId="957715c8-56c4-4977-bdeb-9bcd6f6f31a0" testId="04f15efd-297d-8294-ce59-2f85ab20af28" testName="ClsUsuarioBLLConstructorTest" computerName="THIAGO-PC" testType="13cdc9d9-ddb5-4fa4-a97d-d965ccfc6d4b" outcome="NotExecuted" testListId="8c84fa94-04c1-424b-9868-57a2d4851a1d" relativeResultsDirectory="957715c8-56c4-4977-bdeb-9bcd6f6f31a0">
    </UnitTestResult>
    <UnitTestResult executionId="57e0fad9-845b-4357-b46d-779a893a3f6f" testId="cec8a230-ae03-9508-9b88-e2d1d212b29f" testName="AdicionarImagemTest" computerName="THIAGO-PC" testType="13cdc9d9-ddb5-4fa4-a97d-d965ccfc6d4b" outcome="NotExecuted" testListId="8c84fa94-04c1-424b-9868-57a2d4851a1d" relativeResultsDirectory="57e0fad9-845b-4357-b46d-779a893a3f6f">
    </UnitTestResult>
    <UnitTestResult executionId="4b618d7a-eaf2-487a-a7a6-63a771b0fa13" testId="c65ebd89-7193-d01b-c100-137808d91bfd" testName="BuscarAleatorioTest" computerName="THIAGO-PC" testType="13cdc9d9-ddb5-4fa4-a97d-d965ccfc6d4b" outcome="NotExecuted" testListId="8c84fa94-04c1-424b-9868-57a2d4851a1d" relativeResultsDirectory="4b618d7a-eaf2-487a-a7a6-63a771b0fa13">
    </UnitTestResult>
    <UnitTestResult executionId="bee939ad-a3e1-4530-ac40-6adb791b8113" testId="efac93e6-bb75-4907-7c8c-525ac4eb065f" testName="BuscarEmailTest" computerName="THIAGO-PC" testType="13cdc9d9-ddb5-4fa4-a97d-d965ccfc6d4b" outcome="NotExecuted" testListId="8c84fa94-04c1-424b-9868-57a2d4851a1d" relativeResultsDirectory="bee939ad-a3e1-4530-ac40-6adb791b8113">
    </UnitTestResult>
    <UnitTestResult executionId="0cf3e80e-7fac-4ed7-8aa3-2e36326533d5" testId="3f43ba37-e8dc-d053-a977-60ee93cff24a" testName="BuscarEmailTest1" computerName="THIAGO-PC" testType="13cdc9d9-ddb5-4fa4-a97d-d965ccfc6d4b" outcome="NotExecuted" testListId="8c84fa94-04c1-424b-9868-57a2d4851a1d" relativeResultsDirectory="0cf3e80e-7fac-4ed7-8aa3-2e36326533d5">
    </UnitTestResult>
    <UnitTestResult executionId="d6774d7c-25d8-4adf-826e-f880451bd714" testId="85bea3e9-493d-07d6-de2a-4da06ee6341c" testName="BuscarQtdContatosTest" computerName="THIAGO-PC" testType="13cdc9d9-ddb5-4fa4-a97d-d965ccfc6d4b" outcome="NotExecuted" testListId="8c84fa94-04c1-424b-9868-57a2d4851a1d" relativeResultsDirectory="d6774d7c-25d8-4adf-826e-f880451bd714">
    </UnitTestResult>
    <UnitTestResult executionId="18d97342-d593-4506-af4a-406caed15c16" testId="2f48cd32-ffbc-72eb-b35c-9175dd953366" testName="BuscarStatusTest" computerName="THIAGO-PC" testType="13cdc9d9-ddb5-4fa4-a97d-d965ccfc6d4b" outcome="NotExecuted" testListId="8c84fa94-04c1-424b-9868-57a2d4851a1d" relativeResultsDirectory="18d97342-d593-4506-af4a-406caed15c16">
    </UnitTestResult>
    <UnitTestResult executionId="1d69d799-2a48-441f-8829-0ff6cc750717" testId="c03f7721-1877-7065-faeb-365a5b662ad6" testName="BuscarStatusTest1" computerName="THIAGO-PC" testType="13cdc9d9-ddb5-4fa4-a97d-d965ccfc6d4b" outcome="NotExecuted" testListId="8c84fa94-04c1-424b-9868-57a2d4851a1d" relativeResultsDirectory="1d69d799-2a48-441f-8829-0ff6cc750717">
    </UnitTestResult>
    <UnitTestResult executionId="c0b0dcd1-cfb5-404d-a430-f7dc78d7ad46" testId="113ae85c-9702-f28d-8878-424047a77005" testName="BuscarTodosContatosTest" computerName="THIAGO-PC" testType="13cdc9d9-ddb5-4fa4-a97d-d965ccfc6d4b" outcome="NotExecuted" testListId="8c84fa94-04c1-424b-9868-57a2d4851a1d" relativeResultsDirectory="c0b0dcd1-cfb5-404d-a430-f7dc78d7ad46">
    </UnitTestResult>
    <UnitTestResult executionId="6f9ea967-9de9-4452-80c7-6226f20e2664" testId="48bfdda2-58cf-ebc0-70d7-d375e20e0430" testName="BuscarUsuarioPorEmailTest" computerName="THIAGO-PC" testType="13cdc9d9-ddb5-4fa4-a97d-d965ccfc6d4b" outcome="NotExecuted" testListId="8c84fa94-04c1-424b-9868-57a2d4851a1d" relativeResultsDirectory="6f9ea967-9de9-4452-80c7-6226f20e2664">
    </UnitTestResult>
    <UnitTestResult executionId="a891bff2-9518-4ff6-a22b-f071e9d8da4f" testId="1ea9cc0b-8783-4023-17f0-c31a8efc2967" testName="BuscarUsuarioPorIDTest" computerName="THIAGO-PC" testType="13cdc9d9-ddb5-4fa4-a97d-d965ccfc6d4b" outcome="NotExecuted" testListId="8c84fa94-04c1-424b-9868-57a2d4851a1d" relativeResultsDirectory="a891bff2-9518-4ff6-a22b-f071e9d8da4f">
    </UnitTestResult>
    <UnitTestResult executionId="157d4060-3bb5-4e20-877f-0f4a3ba9f2a2" testId="b3217b5f-dd9b-4f42-3e10-fdabcb2247e3" testName="BuscarUsuarioPorLoginTest" computerName="THIAGO-PC" testType="13cdc9d9-ddb5-4fa4-a97d-d965ccfc6d4b" outcome="NotExecuted" testListId="8c84fa94-04c1-424b-9868-57a2d4851a1d" relativeResultsDirectory="157d4060-3bb5-4e20-877f-0f4a3ba9f2a2">
    </UnitTestResult>
    <UnitTestResult executionId="66f84243-ed19-421d-863b-badee069cd58" testId="2ab2a576-898b-ed0c-f5d8-a6ce806f47f3" testName="BuscarUsuarioPorNomeTest" computerName="THIAGO-PC" testType="13cdc9d9-ddb5-4fa4-a97d-d965ccfc6d4b" outcome="NotExecuted" testListId="8c84fa94-04c1-424b-9868-57a2d4851a1d" relativeResultsDirectory="66f84243-ed19-421d-863b-badee069cd58">
    </UnitTestResult>
    <UnitTestResult executionId="f7e68b3e-e21a-487f-8126-af89b97bc5e8" testId="0f31bf2c-67ed-0ce0-74fc-0f3fecc68c7b" testName="ConfirmarCadastroTest" computerName="THIAGO-PC" testType="13cdc9d9-ddb5-4fa4-a97d-d965ccfc6d4b" outcome="NotExecuted" testListId="8c84fa94-04c1-424b-9868-57a2d4851a1d" relativeResultsDirectory="f7e68b3e-e21a-487f-8126-af89b97bc5e8">
    </UnitTestResult>
    <UnitTestResult executionId="aaf68958-2bd5-462e-891e-7e7b652d2d1e" testId="4d7226de-ee6a-dfa4-7b00-7c12871220c8" testName="DesativarUsuarioTest" computerName="THIAGO-PC" testType="13cdc9d9-ddb5-4fa4-a97d-d965ccfc6d4b" outcome="NotExecuted" testListId="8c84fa94-04c1-424b-9868-57a2d4851a1d" relativeResultsDirectory="aaf68958-2bd5-462e-891e-7e7b652d2d1e">
    </UnitTestResult>
    <UnitTestResult executionId="c773365c-7057-4700-a064-a47b659461d2" testId="23618121-ecc8-bc28-5197-01d574657a98" testName="EditarImagemTest" computerName="THIAGO-PC" testType="13cdc9d9-ddb5-4fa4-a97d-d965ccfc6d4b" outcome="NotExecuted" testListId="8c84fa94-04c1-424b-9868-57a2d4851a1d" relativeResultsDirectory="c773365c-7057-4700-a064-a47b659461d2">
    </UnitTestResult>
    <UnitTestResult executionId="f4708eac-c552-4826-9e90-d5b4d4a9f9fb" testId="075ac84d-c0a2-5ec9-bd24-9240bdf9a797" testName="EditarLoginUsuarioTest" computerName="THIAGO-PC" testType="13cdc9d9-ddb5-4fa4-a97d-d965ccfc6d4b" outcome="NotExecuted" testListId="8c84fa94-04c1-424b-9868-57a2d4851a1d" relativeResultsDirectory="f4708eac-c552-4826-9e90-d5b4d4a9f9fb">
    </UnitTestResult>
    <UnitTestResult executionId="bc6be6e1-2091-4534-9732-a688b7983b37" testId="8875030c-1904-7290-1737-28a051d83573" testName="EditarPessoaEnderecoTest" computerName="THIAGO-PC" testType="13cdc9d9-ddb5-4fa4-a97d-d965ccfc6d4b" outcome="NotExecuted" testListId="8c84fa94-04c1-424b-9868-57a2d4851a1d" relativeResultsDirectory="bc6be6e1-2091-4534-9732-a688b7983b37">
    </UnitTestResult>
    <UnitTestResult executionId="9003001a-b2b9-4f66-87b7-2c444cb621a8" testId="717907bb-fe63-68c7-bcb5-917221d94989" testName="EditarPessoalUsuarioTest" computerName="THIAGO-PC" testType="13cdc9d9-ddb5-4fa4-a97d-d965ccfc6d4b" outcome="NotExecuted" testListId="8c84fa94-04c1-424b-9868-57a2d4851a1d" relativeResultsDirectory="9003001a-b2b9-4f66-87b7-2c444cb621a8">
    </UnitTestResult>
    <UnitTestResult executionId="dfa9a61f-845b-4d6a-8015-ab6a526856de" testId="9412a27b-1575-5bee-4d53-298bddc32d9e" testName="EnviarEmailConfirmacaoTest" computerName="THIAGO-PC" testType="13cdc9d9-ddb5-4fa4-a97d-d965ccfc6d4b" outcome="NotExecuted" testListId="8c84fa94-04c1-424b-9868-57a2d4851a1d" relativeResultsDirectory="dfa9a61f-845b-4d6a-8015-ab6a526856de">
    </UnitTestResult>
    <UnitTestResult executionId="82df8051-7c40-482f-8d7c-806b34b55569" testId="400fd41d-c5fa-90ec-8391-0cc54e1c49eb" testName="EnviarEmailRecuperarSenhaTest" computerName="THIAGO-PC" testType="13cdc9d9-ddb5-4fa4-a97d-d965ccfc6d4b" outcome="NotExecuted" testListId="8c84fa94-04c1-424b-9868-57a2d4851a1d" relativeResultsDirectory="82df8051-7c40-482f-8d7c-806b34b55569">
    </UnitTestResult>
    <UnitTestResult executionId="efd16704-56bc-45ad-8927-3cbaca405153" testId="0c4c7479-4108-72ff-66be-ccdaaf993704" testName="ExcluirImagemTest" computerName="THIAGO-PC" testType="13cdc9d9-ddb5-4fa4-a97d-d965ccfc6d4b" outcome="NotExecuted" testListId="8c84fa94-04c1-424b-9868-57a2d4851a1d" relativeResultsDirectory="efd16704-56bc-45ad-8927-3cbaca405153">
    </UnitTestResult>
    <UnitTestResult executionId="a70043f1-4005-4aec-a51b-f46d9ce5e751" testId="b91a4917-2748-64bc-cc28-99dee08c72fc" testName="InserirUsuarioTest" computerName="THIAGO-PC" testType="13cdc9d9-ddb5-4fa4-a97d-d965ccfc6d4b" outcome="NotExecuted" testListId="8c84fa94-04c1-424b-9868-57a2d4851a1d" relativeResultsDirectory="a70043f1-4005-4aec-a51b-f46d9ce5e751">
    </UnitTestResult>
    <UnitTestResult executionId="05f50346-6bdb-487c-aadb-18fec24f3619" testId="8264f108-7c62-04e3-ca4c-5dfbcf21b9ff" testName="LogarTest" computerName="THIAGO-PC" testType="13cdc9d9-ddb5-4fa4-a97d-d965ccfc6d4b" outcome="NotExecuted" testListId="8c84fa94-04c1-424b-9868-57a2d4851a1d" relativeResultsDirectory="05f50346-6bdb-487c-aadb-18fec24f3619">
    </UnitTestResult>
    <UnitTestResult executionId="f9c82e4e-3885-4e26-bf9e-5361ee35d2e1" testId="e034cba9-bbc4-0d08-e410-5b49d1bc0591" testName="ValidarChaveRecuperacaoSenhaTest" computerName="THIAGO-PC" testType="13cdc9d9-ddb5-4fa4-a97d-d965ccfc6d4b" outcome="NotExecuted" testListId="8c84fa94-04c1-424b-9868-57a2d4851a1d" relativeResultsDirectory="f9c82e4e-3885-4e26-bf9e-5361ee35d2e1">
    </UnitTestResult>
    <UnitTestResult executionId="f46884ec-543d-4355-a426-01153aacaf77" testId="c4b06265-277a-9626-1a13-da48b2c2e155" testName="ValidarConfiguracoesGeraisTest" computerName="THIAGO-PC" testType="13cdc9d9-ddb5-4fa4-a97d-d965ccfc6d4b" outcome="NotExecuted" testListId="8c84fa94-04c1-424b-9868-57a2d4851a1d" relativeResultsDirectory="f46884ec-543d-4355-a426-01153aacaf77">
    </UnitTestResult>
    <UnitTestResult executionId="b7af8ac1-1ca5-4fa7-bea2-331b357cd36d" testId="e4380e7e-596d-7f9e-12aa-4cd295c3dcfa" testName="ValidarConfiguracoesInfoPessoaisTest" computerName="THIAGO-PC" testType="13cdc9d9-ddb5-4fa4-a97d-d965ccfc6d4b" outcome="NotExecuted" testListId="8c84fa94-04c1-424b-9868-57a2d4851a1d" relativeResultsDirectory="b7af8ac1-1ca5-4fa7-bea2-331b357cd36d">
    </UnitTestResult>
    <UnitTestResult executionId="6d84398c-1da9-4122-84c8-9fbad3fd7881" testId="2f84e51b-73dd-f498-e761-802517add384" testName="VerificarCompCadastroTest" computerName="THIAGO-PC" testType="13cdc9d9-ddb5-4fa4-a97d-d965ccfc6d4b" outcome="NotExecuted" testListId="8c84fa94-04c1-424b-9868-57a2d4851a1d" relativeResultsDirectory="6d84398c-1da9-4122-84c8-9fbad3fd7881">
    </UnitTestResult>
    <UnitTestResult executionId="964717f5-ba75-44e8-8cf6-e7d707c232a8" testId="16332789-3439-c798-eff3-f0ee68fbda2b" testName="VerificarImagemTest" computerName="THIAGO-PC" testType="13cdc9d9-ddb5-4fa4-a97d-d965ccfc6d4b" outcome="NotExecuted" testListId="8c84fa94-04c1-424b-9868-57a2d4851a1d" relativeResultsDirectory="964717f5-ba75-44e8-8cf6-e7d707c232a8">
    </UnitTestResult>
    <UnitTestResult executionId="da05ac50-9cd7-494e-95c8-ec23f1c93117" testId="81dcdbda-3974-ce84-3be1-6fb750d02cb8" testName="VlidarConfigEnrerecoTest" computerName="THIAGO-PC" testType="13cdc9d9-ddb5-4fa4-a97d-d965ccfc6d4b" outcome="NotExecuted" testListId="8c84fa94-04c1-424b-9868-57a2d4851a1d" relativeResultsDirectory="da05ac50-9cd7-494e-95c8-ec23f1c93117">
    </UnitTestResult>
    <UnitTestResult executionId="a6aed0f3-2f0e-4687-8a12-d1d7e67e3b73" testId="1a15c9ac-91d2-2979-1bb2-1e2b2af1bc2a" testName="editarUsuarioTest" computerName="THIAGO-PC" testType="13cdc9d9-ddb5-4fa4-a97d-d965ccfc6d4b" outcome="NotExecuted" testListId="8c84fa94-04c1-424b-9868-57a2d4851a1d" relativeResultsDirectory="a6aed0f3-2f0e-4687-8a12-d1d7e67e3b73">
    </UnitTestResult>
    <UnitTestResult executionId="2f0265c8-27c6-4b5c-9c01-a831d2ee16fa" testId="d320d328-b5ab-674a-a040-02e202181f27" testName="validaCadastroLoginTest" computerName="THIAGO-PC" testType="13cdc9d9-ddb5-4fa4-a97d-d965ccfc6d4b" outcome="NotExecuted" testListId="8c84fa94-04c1-424b-9868-57a2d4851a1d" relativeResultsDirectory="2f0265c8-27c6-4b5c-9c01-a831d2ee16fa">
    </UnitTestResult>
    <UnitTestResult executionId="cfe67a0a-488c-41a9-a014-e15ee148b5a6" testId="1d5ffb72-42eb-f89f-99bc-b1135f5acdb1" testName="ClsAdministradorBLLConstructorTest" computerName="THIAGO-PC" testType="13cdc9d9-ddb5-4fa4-a97d-d965ccfc6d4b" outcome="NotExecuted" testListId="8c84fa94-04c1-424b-9868-57a2d4851a1d" relativeResultsDirectory="cfe67a0a-488c-41a9-a014-e15ee148b5a6">
    </UnitTestResult>
    <UnitTestResult executionId="5381d201-f433-44f3-83d9-d2be04bb1e39" testId="fa64344a-294a-b3c5-4c68-e112d255c1fe" testName="BuscaAdministradorPorEmailTest" computerName="THIAGO-PC" testType="13cdc9d9-ddb5-4fa4-a97d-d965ccfc6d4b" outcome="NotExecuted" testListId="8c84fa94-04c1-424b-9868-57a2d4851a1d" relativeResultsDirectory="5381d201-f433-44f3-83d9-d2be04bb1e39">
    </UnitTestResult>
    <UnitTestResult executionId="df19e5a6-01ab-48f3-aa9f-29dfde2a3683" testId="9c723ffe-9497-26da-faee-f405391e933d" testName="BuscarAdministradorPorIDTest" computerName="THIAGO-PC" testType="13cdc9d9-ddb5-4fa4-a97d-d965ccfc6d4b" outcome="NotExecuted" testListId="8c84fa94-04c1-424b-9868-57a2d4851a1d" relativeResultsDirectory="df19e5a6-01ab-48f3-aa9f-29dfde2a3683">
    </UnitTestResult>
    <UnitTestResult executionId="300c354e-7116-4d27-8be8-bd03f2534fa5" testId="398192eb-c622-89df-eef0-ec8ddd7327c0" testName="BuscarAdministradorPorNomeTest" computerName="THIAGO-PC" testType="13cdc9d9-ddb5-4fa4-a97d-d965ccfc6d4b" outcome="NotExecuted" testListId="8c84fa94-04c1-424b-9868-57a2d4851a1d" relativeResultsDirectory="300c354e-7116-4d27-8be8-bd03f2534fa5">
    </UnitTestResult>
    <UnitTestResult executionId="67fcb3f2-302d-4c0c-bf8b-1bac68ebabff" testId="f8d6fe0a-584c-437b-b4de-81ed575f1441" testName="BuscarTodosAdmnistradoresTest" computerName="THIAGO-PC" testType="13cdc9d9-ddb5-4fa4-a97d-d965ccfc6d4b" outcome="NotExecuted" testListId="8c84fa94-04c1-424b-9868-57a2d4851a1d" relativeResultsDirectory="67fcb3f2-302d-4c0c-bf8b-1bac68ebabff">
    </UnitTestResult>
    <UnitTestResult executionId="cff2ef8a-3567-4828-9995-c563ba5710d0" testId="b2635af7-a3ae-0546-58e2-c1bfecbb9ed7" testName="EditarAdministradorTest" computerName="THIAGO-PC" testType="13cdc9d9-ddb5-4fa4-a97d-d965ccfc6d4b" outcome="NotExecuted" testListId="8c84fa94-04c1-424b-9868-57a2d4851a1d" relativeResultsDirectory="cff2ef8a-3567-4828-9995-c563ba5710d0">
    </UnitTestResult>
    <UnitTestResult executionId="acddc50f-8192-4cbf-90f6-57196183c70b" testId="12102e82-c6ec-3f1d-6bc8-0853000b1a89" testName="EditarSituacaoTest" computerName="THIAGO-PC" testType="13cdc9d9-ddb5-4fa4-a97d-d965ccfc6d4b" outcome="NotExecuted" testListId="8c84fa94-04c1-424b-9868-57a2d4851a1d" relativeResultsDirectory="acddc50f-8192-4cbf-90f6-57196183c70b">
    </UnitTestResult>
    <UnitTestResult executionId="5ddf1650-7434-470c-b14f-52a634b14035" testId="68bb4358-7632-2e26-3d90-eb226781dc9a" testName="ExcluirAdministradorTest" computerName="THIAGO-PC" testType="13cdc9d9-ddb5-4fa4-a97d-d965ccfc6d4b" outcome="NotExecuted" testListId="8c84fa94-04c1-424b-9868-57a2d4851a1d" relativeResultsDirectory="5ddf1650-7434-470c-b14f-52a634b14035">
    </UnitTestResult>
    <UnitTestResult executionId="bdf3dd39-663d-4660-bbf4-400b6e09e285" testId="b7d30765-6b04-77c9-dbfb-5c9bc9638f40" testName="InativaAdminTest" computerName="THIAGO-PC" testType="13cdc9d9-ddb5-4fa4-a97d-d965ccfc6d4b" outcome="NotExecuted" testListId="8c84fa94-04c1-424b-9868-57a2d4851a1d" relativeResultsDirectory="bdf3dd39-663d-4660-bbf4-400b6e09e285">
    </UnitTestResult>
    <UnitTestResult executionId="58c11df2-6f4a-4203-8ae0-6d1ff73fb9b9" testId="8d2e01e2-664c-a1c6-f8c3-ea6d5e645b84" testName="InserirAdministradorTest" computerName="THIAGO-PC" testType="13cdc9d9-ddb5-4fa4-a97d-d965ccfc6d4b" outcome="NotExecuted" testListId="8c84fa94-04c1-424b-9868-57a2d4851a1d" relativeResultsDirectory="58c11df2-6f4a-4203-8ae0-6d1ff73fb9b9">
    </UnitTestResult>
    <UnitTestResult executionId="9b11271a-1360-4c40-b24c-81d1f6c82a3a" testId="a32f0f00-f791-321a-541d-4b130c296b11" testName="LogarViaLoginTest" computerName="THIAGO-PC" testType="13cdc9d9-ddb5-4fa4-a97d-d965ccfc6d4b" outcome="NotExecuted" testListId="8c84fa94-04c1-424b-9868-57a2d4851a1d" relativeResultsDirectory="9b11271a-1360-4c40-b24c-81d1f6c82a3a">
    </UnitTestResult>
    <UnitTestResult executionId="417a62d0-f039-4502-b8c7-d31a43345390" testId="76d79a01-6eb6-9178-94f9-d83f76569f3f" testName="VerificaDisponibilidadeTest" computerName="THIAGO-PC" testType="13cdc9d9-ddb5-4fa4-a97d-d965ccfc6d4b" outcome="NotExecuted" testListId="8c84fa94-04c1-424b-9868-57a2d4851a1d" relativeResultsDirectory="417a62d0-f039-4502-b8c7-d31a43345390">
    </UnitTestResult>
    <UnitTestResult executionId="05e129ba-7130-4c5e-a329-b1b674a21af0" testId="4b0c6ba2-1bcb-a0cc-daac-a02b005145c1" testName="carregaEstadosTest" computerName="THIAGO-PC" testType="13cdc9d9-ddb5-4fa4-a97d-d965ccfc6d4b" outcome="NotExecuted" testListId="8c84fa94-04c1-424b-9868-57a2d4851a1d" relativeResultsDirectory="05e129ba-7130-4c5e-a329-b1b674a21af0">
    </UnitTestResult>
    <UnitTestResult executionId="00fb5746-2743-42ce-9fa1-083fc7336c45" testId="4b466f88-da68-e407-97c2-23fd19c6505e" testName="verificaMenorQuantDenunciaTest" computerName="THIAGO-PC" testType="13cdc9d9-ddb5-4fa4-a97d-d965ccfc6d4b" outcome="NotExecuted" testListId="8c84fa94-04c1-424b-9868-57a2d4851a1d" relativeResultsDirectory="00fb5746-2743-42ce-9fa1-083fc7336c45">
    </UnitTestResult>
    <UnitTestResult executionId="49fa5ae6-f40c-4453-b9b0-3a579fecfcf0" testId="87e3632c-b321-7223-5937-51c3937ab46d" testName="ClsRelatoriosBLLConstructorTest" computerName="THIAGO-PC" testType="13cdc9d9-ddb5-4fa4-a97d-d965ccfc6d4b" outcome="NotExecuted" testListId="8c84fa94-04c1-424b-9868-57a2d4851a1d" relativeResultsDirectory="49fa5ae6-f40c-4453-b9b0-3a579fecfcf0">
    </UnitTestResult>
    <UnitTestResult executionId="bf4a14a9-c607-461e-aa77-c8bc47cc3155" testId="0bbe1b3b-08eb-9ccd-92b4-9fcca188118a" testName="EditarRelatorioTest" computerName="THIAGO-PC" testType="13cdc9d9-ddb5-4fa4-a97d-d965ccfc6d4b" outcome="NotExecuted" testListId="8c84fa94-04c1-424b-9868-57a2d4851a1d" relativeResultsDirectory="bf4a14a9-c607-461e-aa77-c8bc47cc3155">
    </UnitTestResult>
    <UnitTestResult executionId="f3d28e82-c777-4fca-a8a2-985c074585e5" testId="a2e91bbb-b85b-cb86-2a1e-2f70adb514ab" testName="ExcluirRelatorioTest" computerName="THIAGO-PC" testType="13cdc9d9-ddb5-4fa4-a97d-d965ccfc6d4b" outcome="NotExecuted" testListId="8c84fa94-04c1-424b-9868-57a2d4851a1d" relativeResultsDirectory="f3d28e82-c777-4fca-a8a2-985c074585e5">
    </UnitTestResult>
    <UnitTestResult executionId="72ccaf7c-ea4b-420f-8503-9e6ce4f9f772" testId="25bdc2ab-9648-5413-3e3f-c2ea4de95fd9" testName="InserirRelatorioTest" computerName="THIAGO-PC" testType="13cdc9d9-ddb5-4fa4-a97d-d965ccfc6d4b" outcome="NotExecuted" testListId="8c84fa94-04c1-424b-9868-57a2d4851a1d" relativeResultsDirectory="72ccaf7c-ea4b-420f-8503-9e6ce4f9f772">
    </UnitTestResult>
    <UnitTestResult executionId="426d0bfc-d33a-43b4-a655-f8049c2d942a" testId="84d55870-ab5e-f9a1-3dad-5d5e267c00ce" testName="ClsServicoBLLConstructorTest" computerName="THIAGO-PC" testType="13cdc9d9-ddb5-4fa4-a97d-d965ccfc6d4b" outcome="NotExecuted" testListId="8c84fa94-04c1-424b-9868-57a2d4851a1d" relativeResultsDirectory="426d0bfc-d33a-43b4-a655-f8049c2d942a">
    </UnitTestResult>
    <UnitTestResult executionId="afac01db-dff0-4dc1-b089-298c12168250" testId="a57698b3-00dd-4eb8-9f32-dd6fe1d55107" testName="BuscarImagemCategoriaTest" computerName="THIAGO-PC" testType="13cdc9d9-ddb5-4fa4-a97d-d965ccfc6d4b" outcome="NotExecuted" testListId="8c84fa94-04c1-424b-9868-57a2d4851a1d" relativeResultsDirectory="afac01db-dff0-4dc1-b089-298c12168250">
    </UnitTestResult>
    <UnitTestResult executionId="f92a1a98-8947-4ddd-a3b2-830de1d67075" testId="0e0e0074-19eb-f275-99c2-d060a0139452" testName="BuscarServicoPorDescricaoTest" computerName="THIAGO-PC" testType="13cdc9d9-ddb5-4fa4-a97d-d965ccfc6d4b" outcome="NotExecuted" testListId="8c84fa94-04c1-424b-9868-57a2d4851a1d" relativeResultsDirectory="f92a1a98-8947-4ddd-a3b2-830de1d67075">
    </UnitTestResult>
    <UnitTestResult executionId="6fa9142d-2d60-4c96-bdd2-acebbef70ef4" testId="09d28f13-aa18-e300-1ec2-8577f7bd46d7" testName="BuscarServicoPorNomeTest" computerName="THIAGO-PC" testType="13cdc9d9-ddb5-4fa4-a97d-d965ccfc6d4b" outcome="NotExecuted" testListId="8c84fa94-04c1-424b-9868-57a2d4851a1d" relativeResultsDirectory="6fa9142d-2d60-4c96-bdd2-acebbef70ef4">
    </UnitTestResult>
    <UnitTestResult executionId="d9a89866-e051-4f17-8763-2aed3c26d2d5" testId="fb94b9da-8a73-e45d-a387-7900f0975352" testName="BuscarServicosPorCategoriaTest" computerName="THIAGO-PC" testType="13cdc9d9-ddb5-4fa4-a97d-d965ccfc6d4b" outcome="NotExecuted" testListId="8c84fa94-04c1-424b-9868-57a2d4851a1d" relativeResultsDirectory="d9a89866-e051-4f17-8763-2aed3c26d2d5">
    </UnitTestResult>
    <UnitTestResult executionId="fa213ce0-4f0d-458b-bda1-0d8571930b03" testId="bd479e21-958e-34b6-9706-ff5f56795be3" testName="BuscarTodosTest" computerName="THIAGO-PC" testType="13cdc9d9-ddb5-4fa4-a97d-d965ccfc6d4b" outcome="NotExecuted" testListId="8c84fa94-04c1-424b-9868-57a2d4851a1d" relativeResultsDirectory="fa213ce0-4f0d-458b-bda1-0d8571930b03">
    </UnitTestResult>
    <UnitTestResult executionId="6b7f71e0-f278-40fc-a146-b8b1343672f3" testId="3b50fb23-5d1b-cf94-e962-ff0326192a35" testName="BuscarUltimosServicosInseridosTest" computerName="THIAGO-PC" testType="13cdc9d9-ddb5-4fa4-a97d-d965ccfc6d4b" outcome="NotExecuted" testListId="8c84fa94-04c1-424b-9868-57a2d4851a1d" relativeResultsDirectory="6b7f71e0-f278-40fc-a146-b8b1343672f3">
    </UnitTestResult>
    <UnitTestResult executionId="4c9023cd-f5c4-46c2-9011-1e01da44f05a" testId="41411790-6207-15cb-905a-6761e6481dd5" testName="ContarQuantServicosTest" computerName="THIAGO-PC" testType="13cdc9d9-ddb5-4fa4-a97d-d965ccfc6d4b" outcome="NotExecuted" testListId="8c84fa94-04c1-424b-9868-57a2d4851a1d" relativeResultsDirectory="4c9023cd-f5c4-46c2-9011-1e01da44f05a">
    </UnitTestResult>
    <UnitTestResult executionId="f3a90cd2-7a44-4c34-aab5-facd64e7f2e4" testId="252811e3-e504-17b3-3ebb-7471197798bc" testName="ContarQuantServicosAtivosTest" computerName="THIAGO-PC" testType="13cdc9d9-ddb5-4fa4-a97d-d965ccfc6d4b" outcome="NotExecuted" testListId="8c84fa94-04c1-424b-9868-57a2d4851a1d" relativeResultsDirectory="f3a90cd2-7a44-4c34-aab5-facd64e7f2e4">
    </UnitTestResult>
    <UnitTestResult executionId="9b5f66ee-f11a-4dbe-8299-7facbdd90968" testId="d9b9617b-f21f-ad0d-5e7d-8fd2b6e4698c" testName="DesativarServicoTest" computerName="THIAGO-PC" testType="13cdc9d9-ddb5-4fa4-a97d-d965ccfc6d4b" outcome="NotExecuted" testListId="8c84fa94-04c1-424b-9868-57a2d4851a1d" relativeResultsDirectory="9b5f66ee-f11a-4dbe-8299-7facbdd90968">
    </UnitTestResult>
    <UnitTestResult executionId="f528b78d-a897-4132-b95f-e85dc61fdc53" testId="30ff2556-be13-ae05-7328-0671476fb63e" testName="EditarServicoTest" computerName="THIAGO-PC" testType="13cdc9d9-ddb5-4fa4-a97d-d965ccfc6d4b" outcome="NotExecuted" testListId="8c84fa94-04c1-424b-9868-57a2d4851a1d" relativeResultsDirectory="f528b78d-a897-4132-b95f-e85dc61fdc53">
    </UnitTestResult>
    <UnitTestResult executionId="35c47cf2-1c2e-479a-8a27-3f48c6cc346d" testId="a5dd3d2b-b3f3-3bad-974f-56fa9525f17e" testName="EditarServicosTest" computerName="THIAGO-PC" testType="13cdc9d9-ddb5-4fa4-a97d-d965ccfc6d4b" outcome="NotExecuted" testListId="8c84fa94-04c1-424b-9868-57a2d4851a1d" relativeResultsDirectory="35c47cf2-1c2e-479a-8a27-3f48c6cc346d">
    </UnitTestResult>
    <UnitTestResult executionId="d228f832-53e0-4215-ac53-db52c2d5ca65" testId="bf0f20c2-845c-997f-0fa6-6f26cfcdce7c" testName="InserirServicoTest" computerName="THIAGO-PC" testType="13cdc9d9-ddb5-4fa4-a97d-d965ccfc6d4b" outcome="NotExecuted" testListId="8c84fa94-04c1-424b-9868-57a2d4851a1d" relativeResultsDirectory="d228f832-53e0-4215-ac53-db52c2d5ca65">
    </UnitTestResult>
    <UnitTestResult executionId="1576bec0-6512-47cf-be81-3ae0bdbef313" testId="2aafa182-5fe6-8142-ed89-8954655080cb" testName="RetirarServicosRegionalTest" computerName="THIAGO-PC" testType="13cdc9d9-ddb5-4fa4-a97d-d965ccfc6d4b" outcome="NotExecuted" testListId="8c84fa94-04c1-424b-9868-57a2d4851a1d" relativeResultsDirectory="1576bec0-6512-47cf-be81-3ae0bdbef313">
    </UnitTestResult>
    <UnitTestResult executionId="b11ab594-4863-4c4a-a59a-9abd281dbc4c" testId="9b784f65-630c-d649-a58b-ed192a825837" testName="RetirarServicosUsuLogadoTest" computerName="THIAGO-PC" testType="13cdc9d9-ddb5-4fa4-a97d-d965ccfc6d4b" outcome="NotExecuted" testListId="8c84fa94-04c1-424b-9868-57a2d4851a1d" relativeResultsDirectory="b11ab594-4863-4c4a-a59a-9abd281dbc4c">
    </UnitTestResult>
    <UnitTestResult executionId="4e5e5fd0-e3b2-4f28-98fe-3a9fcce242f5" testId="521c472e-e745-7055-e120-a68b8b48a614" testName="buscarServicoPorIdTest" computerName="THIAGO-PC" testType="13cdc9d9-ddb5-4fa4-a97d-d965ccfc6d4b" outcome="NotExecuted" testListId="8c84fa94-04c1-424b-9868-57a2d4851a1d" relativeResultsDirectory="4e5e5fd0-e3b2-4f28-98fe-3a9fcce242f5">
    </UnitTestResult>
    <UnitTestResult executionId="e1cec233-df17-4a21-860e-157a5f271b3d" testId="5cc35453-d059-632f-ba33-68345f676dcb" testName="ClsRegistroBLLConstructorTest" computerName="THIAGO-PC" testType="13cdc9d9-ddb5-4fa4-a97d-d965ccfc6d4b" outcome="NotExecuted" testListId="8c84fa94-04c1-424b-9868-57a2d4851a1d" relativeResultsDirectory="e1cec233-df17-4a21-860e-157a5f271b3d">
    </UnitTestResult>
    <UnitTestResult executionId="2cfb96c5-d73e-4685-92cd-d18bb8354a1b" testId="b181acc3-ef4a-493e-5c8f-236304a43ea1" testName="ClsNotificacaoBLLConstructorTest" computerName="THIAGO-PC" testType="13cdc9d9-ddb5-4fa4-a97d-d965ccfc6d4b" outcome="NotExecuted" testListId="8c84fa94-04c1-424b-9868-57a2d4851a1d" relativeResultsDirectory="2cfb96c5-d73e-4685-92cd-d18bb8354a1b">
    </UnitTestResult>
    <UnitTestResult executionId="fad126dc-7324-4680-bb0e-8e3ecef45150" testId="75fe70e9-4bc7-168b-9247-a8896756791b" testName="BuscaTodasOrcamentariasTest" computerName="THIAGO-PC" testType="13cdc9d9-ddb5-4fa4-a97d-d965ccfc6d4b" outcome="NotExecuted" testListId="8c84fa94-04c1-424b-9868-57a2d4851a1d" relativeResultsDirectory="fad126dc-7324-4680-bb0e-8e3ecef45150">
    </UnitTestResult>
    <UnitTestResult executionId="2d94b0d4-49fe-4fe5-a791-2ad3e1cbe200" testId="02859189-9a13-4088-cf35-bedabb8d6355" testName="BuscarNotifPorOidTest" computerName="THIAGO-PC" testType="13cdc9d9-ddb5-4fa4-a97d-d965ccfc6d4b" outcome="NotExecuted" testListId="8c84fa94-04c1-424b-9868-57a2d4851a1d" relativeResultsDirectory="2d94b0d4-49fe-4fe5-a791-2ad3e1cbe200">
    </UnitTestResult>
    <UnitTestResult executionId="41902713-4f51-41d7-bc3f-04c51296be7e" testId="3c1d14fc-70d0-ab36-06c8-f2fa80519b79" testName="BuscarTodasTest" computerName="THIAGO-PC" testType="13cdc9d9-ddb5-4fa4-a97d-d965ccfc6d4b" outcome="NotExecuted" testListId="8c84fa94-04c1-424b-9868-57a2d4851a1d" relativeResultsDirectory="41902713-4f51-41d7-bc3f-04c51296be7e">
    </UnitTestResult>
    <UnitTestResult executionId="982abfa9-5609-4cd6-afa1-ade4099d22d5" testId="055fbdb9-9fe5-f9b8-45fb-ecd2436b57b6" testName="ContarNotificacoesTest" computerName="THIAGO-PC" testType="13cdc9d9-ddb5-4fa4-a97d-d965ccfc6d4b" outcome="NotExecuted" testListId="8c84fa94-04c1-424b-9868-57a2d4851a1d" relativeResultsDirectory="982abfa9-5609-4cd6-afa1-ade4099d22d5">
    </UnitTestResult>
    <UnitTestResult executionId="17707c85-4709-4e87-a7fe-7c21ab6d6066" testId="5e1d4342-5232-7c44-1f6d-c27f6a838df9" testName="InserirNotificacaoTest" computerName="THIAGO-PC" testType="13cdc9d9-ddb5-4fa4-a97d-d965ccfc6d4b" outcome="NotExecuted" testListId="8c84fa94-04c1-424b-9868-57a2d4851a1d" relativeResultsDirectory="17707c85-4709-4e87-a7fe-7c21ab6d6066">
    </UnitTestResult>
    <UnitTestResult executionId="ede9a68e-ad1c-4898-bdea-c6e3170f4c2c" testId="f805855a-23aa-e123-6e9c-187f81c03d96" testName="editarNotificacaoTest" computerName="THIAGO-PC" testType="13cdc9d9-ddb5-4fa4-a97d-d965ccfc6d4b" outcome="NotExecuted" testListId="8c84fa94-04c1-424b-9868-57a2d4851a1d" relativeResultsDirectory="ede9a68e-ad1c-4898-bdea-c6e3170f4c2c">
    </UnitTestResult>
    <UnitTestResult executionId="6767a193-a5f7-4807-a28b-d7d1cd824fa7" testId="e968481c-9abb-1a51-80b5-63b8ffcb3a50" testName="ClsDenunciaBLLConstructorTest" computerName="THIAGO-PC" testType="13cdc9d9-ddb5-4fa4-a97d-d965ccfc6d4b" outcome="NotExecuted" testListId="8c84fa94-04c1-424b-9868-57a2d4851a1d" relativeResultsDirectory="6767a193-a5f7-4807-a28b-d7d1cd824fa7">
    </UnitTestResult>
    <UnitTestResult executionId="a0c865e3-f6f5-4b43-a9ea-d800bbe68217" testId="00fd8b74-26a2-87cf-65b3-765736980b26" testName="BuscarDenunciaAtendenteTest" computerName="THIAGO-PC" testType="13cdc9d9-ddb5-4fa4-a97d-d965ccfc6d4b" outcome="NotExecuted" testListId="8c84fa94-04c1-424b-9868-57a2d4851a1d" relativeResultsDirectory="a0c865e3-f6f5-4b43-a9ea-d800bbe68217">
    </UnitTestResult>
    <UnitTestResult executionId="326c15da-55e5-4bea-aa0e-5ccda976896e" testId="14d02278-2c88-f74f-4595-ca712ebfa87c" testName="BuscarDenunciaPorAcusadoTest" computerName="THIAGO-PC" testType="13cdc9d9-ddb5-4fa4-a97d-d965ccfc6d4b" outcome="NotExecuted" testListId="8c84fa94-04c1-424b-9868-57a2d4851a1d" relativeResultsDirectory="326c15da-55e5-4bea-aa0e-5ccda976896e">
    </UnitTestResult>
    <UnitTestResult executionId="588de6aa-3c21-450f-a661-74742c98b5ac" testId="eb6d7e88-6080-b472-a693-95bacda62142" testName="BuscarDenunciaPorDataTest" computerName="THIAGO-PC" testType="13cdc9d9-ddb5-4fa4-a97d-d965ccfc6d4b" outcome="NotExecuted" testListId="8c84fa94-04c1-424b-9868-57a2d4851a1d" relativeResultsDirectory="588de6aa-3c21-450f-a661-74742c98b5ac">
    </UnitTestResult>
    <UnitTestResult executionId="af18a51e-3cc4-459b-8931-ac304a53e5c2" testId="46a14eda-c0fd-0c2a-2b48-8195600c2702" testName="BuscarDenunciaPorDenuncianteTest" computerName="THIAGO-PC" testType="13cdc9d9-ddb5-4fa4-a97d-d965ccfc6d4b" outcome="NotExecuted" testListId="8c84fa94-04c1-424b-9868-57a2d4851a1d" relativeResultsDirectory="af18a51e-3cc4-459b-8931-ac304a53e5c2">
    </UnitTestResult>
    <UnitTestResult executionId="345c1166-e02c-4e93-a42b-28dd06b5e20d" testId="a6ce76e9-c319-ca5d-9bf7-749049d558d4" testName="BuscarDenunciaPorIDTest" computerName="THIAGO-PC" testType="13cdc9d9-ddb5-4fa4-a97d-d965ccfc6d4b" outcome="NotExecuted" testListId="8c84fa94-04c1-424b-9868-57a2d4851a1d" relativeResultsDirectory="345c1166-e02c-4e93-a42b-28dd06b5e20d">
    </UnitTestResult>
    <UnitTestResult executionId="db96228b-e0f8-4132-91d0-ae1b2f634ff2" testId="5276bfb4-1f9f-65d3-f5c8-dcb074c71a6b" testName="BuscarTodasDenunciasTest" computerName="THIAGO-PC" testType="13cdc9d9-ddb5-4fa4-a97d-d965ccfc6d4b" outcome="NotExecuted" testListId="8c84fa94-04c1-424b-9868-57a2d4851a1d" relativeResultsDirectory="db96228b-e0f8-4132-91d0-ae1b2f634ff2">
    </UnitTestResult>
    <UnitTestResult executionId="292cf925-f1bd-4e67-861a-4843147baabf" testId="157420f6-f229-1176-a508-b5dfbe529695" testName="EditarDenunciaTest" computerName="THIAGO-PC" testType="13cdc9d9-ddb5-4fa4-a97d-d965ccfc6d4b" outcome="NotExecuted" testListId="8c84fa94-04c1-424b-9868-57a2d4851a1d" relativeResultsDirectory="292cf925-f1bd-4e67-861a-4843147baabf">
    </UnitTestResult>
    <UnitTestResult executionId="2786df5e-f943-477c-b06d-b3cfbaadd831" testId="591c3b90-f4ab-7924-f49c-78faf8c3f0b1" testName="ExcluirDenunciaTest" computerName="THIAGO-PC" testType="13cdc9d9-ddb5-4fa4-a97d-d965ccfc6d4b" outcome="NotExecuted" testListId="8c84fa94-04c1-424b-9868-57a2d4851a1d" relativeResultsDirectory="2786df5e-f943-477c-b06d-b3cfbaadd831">
    </UnitTestResult>
    <UnitTestResult executionId="a96d9b0d-2d73-461d-8109-9623def5fb16" testId="a83b3537-c5fa-ad90-58a0-35f4df2fe667" testName="InserirDenunciaTest" computerName="THIAGO-PC" testType="13cdc9d9-ddb5-4fa4-a97d-d965ccfc6d4b" outcome="NotExecuted" testListId="8c84fa94-04c1-424b-9868-57a2d4851a1d" relativeResultsDirectory="a96d9b0d-2d73-461d-8109-9623def5fb16">
    </UnitTestResult>
    <UnitTestResult executionId="d532f5fd-11d5-4a69-811c-f1d3c31f0f23" testId="ec247ad7-2b66-3086-52bb-f15624d32825" testName="ClsHistoricoServicoBLLConstructorTest" computerName="THIAGO-PC" testType="13cdc9d9-ddb5-4fa4-a97d-d965ccfc6d4b" outcome="NotExecuted" testListId="8c84fa94-04c1-424b-9868-57a2d4851a1d" relativeResultsDirectory="d532f5fd-11d5-4a69-811c-f1d3c31f0f23">
    </UnitTestResult>
    <UnitTestResult executionId="7fcab294-f2f7-40ca-9740-952f3f60b66e" testId="0a86a0dd-2916-6b82-9fbe-10cd34ae8ea4" testName="BuscarHistoricoServicosTest" computerName="THIAGO-PC" testType="13cdc9d9-ddb5-4fa4-a97d-d965ccfc6d4b" outcome="NotExecuted" testListId="8c84fa94-04c1-424b-9868-57a2d4851a1d" relativeResultsDirectory="7fcab294-f2f7-40ca-9740-952f3f60b66e">
    </UnitTestResult>
    <UnitTestResult executionId="b1ef3a02-e3b1-4c1c-93ee-a7f8969b52c5" testId="529752e7-48c8-9456-6548-7a9f1a0ef8c0" testName="EditarTest" computerName="THIAGO-PC" testType="13cdc9d9-ddb5-4fa4-a97d-d965ccfc6d4b" outcome="NotExecuted" testListId="8c84fa94-04c1-424b-9868-57a2d4851a1d" relativeResultsDirectory="b1ef3a02-e3b1-4c1c-93ee-a7f8969b52c5">
    </UnitTestResult>
    <UnitTestResult executionId="627cb39e-b8ed-44c1-b070-9267f6b96b30" testId="b27e4738-9c5f-b091-835f-e56ec5031f80" testName="InserirTest" computerName="THIAGO-PC" testType="13cdc9d9-ddb5-4fa4-a97d-d965ccfc6d4b" outcome="NotExecuted" testListId="8c84fa94-04c1-424b-9868-57a2d4851a1d" relativeResultsDirectory="627cb39e-b8ed-44c1-b070-9267f6b96b30">
    </UnitTestResult>
    <UnitTestResult executionId="e0ae1fb5-e763-479b-9a7e-872fa64ed85f" testId="2c6db64a-7807-ee3b-2f0e-f5851e8b7344" testName="ClsCurriculumBLLConstructorTest" computerName="THIAGO-PC" testType="13cdc9d9-ddb5-4fa4-a97d-d965ccfc6d4b" outcome="NotExecuted" testListId="8c84fa94-04c1-424b-9868-57a2d4851a1d" relativeResultsDirectory="e0ae1fb5-e763-479b-9a7e-872fa64ed85f">
    </UnitTestResult>
    <UnitTestResult executionId="8f389c5f-60b8-4450-8351-526f3a7eed61" testId="b66ce8a6-1edc-d9f1-97f2-bf555e59d47b" testName="BuscarCurriculumTest" computerName="THIAGO-PC" testType="13cdc9d9-ddb5-4fa4-a97d-d965ccfc6d4b" outcome="NotExecuted" testListId="8c84fa94-04c1-424b-9868-57a2d4851a1d" relativeResultsDirectory="8f389c5f-60b8-4450-8351-526f3a7eed61">
    </UnitTestResult>
    <UnitTestResult executionId="ab40f9f7-6a82-43c5-9aff-b37f31c2b94c" testId="45897c43-63cb-da00-746f-d8fcc8c1a46e" testName="EditarCurriculumTest" computerName="THIAGO-PC" testType="13cdc9d9-ddb5-4fa4-a97d-d965ccfc6d4b" outcome="NotExecuted" testListId="8c84fa94-04c1-424b-9868-57a2d4851a1d" relativeResultsDirectory="ab40f9f7-6a82-43c5-9aff-b37f31c2b94c">
    </UnitTestResult>
    <UnitTestResult executionId="09ad4af2-7073-4801-a04b-78d22a3a8bc4" testId="54f7b419-f273-a393-7d13-d0e8d050983e" testName="ValidarInfoCertificadosTest" computerName="THIAGO-PC" testType="13cdc9d9-ddb5-4fa4-a97d-d965ccfc6d4b" outcome="NotExecuted" testListId="8c84fa94-04c1-424b-9868-57a2d4851a1d" relativeResultsDirectory="09ad4af2-7073-4801-a04b-78d22a3a8bc4">
    </UnitTestResult>
    <UnitTestResult executionId="6364bf2c-a933-42d3-ab36-3672045b18e6" testId="606911b7-e3dd-1c4a-238d-2f3926a583d8" testName="CampoCorretoTest" computerName="THIAGO-PC" testType="13cdc9d9-ddb5-4fa4-a97d-d965ccfc6d4b" outcome="NotExecuted" testListId="8c84fa94-04c1-424b-9868-57a2d4851a1d" relativeResultsDirectory="6364bf2c-a933-42d3-ab36-3672045b18e6">
    </UnitTestResult>
    <UnitTestResult executionId="d01b00be-4e53-440b-ab45-b87dcc96ab02" testId="0f814e7d-b1db-9ba8-92fb-35f627b7b883" testName="CampoErradoTest" computerName="THIAGO-PC" testType="13cdc9d9-ddb5-4fa4-a97d-d965ccfc6d4b" outcome="NotExecuted" testListId="8c84fa94-04c1-424b-9868-57a2d4851a1d" relativeResultsDirectory="d01b00be-4e53-440b-ab45-b87dcc96ab02">
    </UnitTestResult>
    <UnitTestResult executionId="8333ee24-88b0-4d81-9dbb-de1f15997084" testId="066c72a6-bcde-b607-7b99-aed659bc71d9" testName="GetArquiosAleatoriosTest" computerName="THIAGO-PC" testType="13cdc9d9-ddb5-4fa4-a97d-d965ccfc6d4b" outcome="NotExecuted" testListId="8c84fa94-04c1-424b-9868-57a2d4851a1d" relativeResultsDirectory="8333ee24-88b0-4d81-9dbb-de1f15997084">
    </UnitTestResult>
    <UnitTestResult executionId="39fb46c4-de70-4ee1-8506-8b1670ec4d9b" testId="158745b7-dc32-fb94-0c64-de5bdfa45723" testName="GetNomeMesTest" computerName="THIAGO-PC" testType="13cdc9d9-ddb5-4fa4-a97d-d965ccfc6d4b" outcome="NotExecuted" testListId="8c84fa94-04c1-424b-9868-57a2d4851a1d" relativeResultsDirectory="39fb46c4-de70-4ee1-8506-8b1670ec4d9b">
    </UnitTestResult>
    <UnitTestResult executionId="7f6e91e9-3361-4d53-a5cf-f107722e5be6" testId="e37e3adf-163a-ce12-e4bc-dea655616b56" testName="OidToStringTest" computerName="THIAGO-PC" testType="13cdc9d9-ddb5-4fa4-a97d-d965ccfc6d4b" outcome="NotExecuted" testListId="8c84fa94-04c1-424b-9868-57a2d4851a1d" relativeResultsDirectory="7f6e91e9-3361-4d53-a5cf-f107722e5be6">
    </UnitTestResult>
    <UnitTestResult executionId="9164774f-524a-4a19-8bcf-ef04903a1f13" testId="81e785f7-2c1a-d647-49ee-821df03b80b0" testName="ValidarOidTest" computerName="THIAGO-PC" testType="13cdc9d9-ddb5-4fa4-a97d-d965ccfc6d4b" outcome="NotExecuted" testListId="8c84fa94-04c1-424b-9868-57a2d4851a1d" relativeResultsDirectory="9164774f-524a-4a19-8bcf-ef04903a1f13">
    </UnitTestResult>
    <UnitTestResult executionId="e98a90c2-1418-4240-8bd5-227b2de5d7c2" testId="303c5cea-6f97-35f9-082d-18cc90831fd8" testName="ValidarOidTest1" computerName="THIAGO-PC" testType="13cdc9d9-ddb5-4fa4-a97d-d965ccfc6d4b" outcome="NotExecuted" testListId="8c84fa94-04c1-424b-9868-57a2d4851a1d" relativeResultsDirectory="e98a90c2-1418-4240-8bd5-227b2de5d7c2">
    </UnitTestResult>
    <UnitTestResult executionId="6482fd91-d6bf-44c1-8e12-c52ab945bdf4" testId="85eb8fe0-9dd9-f799-2c40-09614359e6ce" testName="enviarEmailConfirmacaoTest" computerName="THIAGO-PC" testType="13cdc9d9-ddb5-4fa4-a97d-d965ccfc6d4b" outcome="NotExecuted" testListId="8c84fa94-04c1-424b-9868-57a2d4851a1d" relativeResultsDirectory="6482fd91-d6bf-44c1-8e12-c52ab945bdf4">
    </UnitTestResult>
    <UnitTestResult executionId="aaf10fcd-3106-49a5-88e2-2133e6963948" testId="f0d6612f-0f66-a3cf-1861-5af5fc074c1a" testName="messageEmailTest" computerName="THIAGO-PC" testType="13cdc9d9-ddb5-4fa4-a97d-d965ccfc6d4b" outcome="NotExecuted" testListId="8c84fa94-04c1-424b-9868-57a2d4851a1d" relativeResultsDirectory="aaf10fcd-3106-49a5-88e2-2133e6963948">
    </UnitTestResult>
    <UnitTestResult executionId="3a7cf11d-f06f-43ac-86fb-636c35e0280f" testId="948785a5-79ab-592c-c30f-45f0fe8686c6" testName="ClsCategoriaServicoBLLConstructorTest" computerName="THIAGO-PC" testType="13cdc9d9-ddb5-4fa4-a97d-d965ccfc6d4b" outcome="NotExecuted" testListId="8c84fa94-04c1-424b-9868-57a2d4851a1d" relativeResultsDirectory="3a7cf11d-f06f-43ac-86fb-636c35e0280f">
    </UnitTestResult>
    <UnitTestResult executionId="39e1ebd8-d172-4a05-8649-cc1c444977f2" testId="e9ae21d8-bb02-3771-d699-cb7482377476" testName="BuscarCategoriaPorNomeTest" computerName="THIAGO-PC" testType="13cdc9d9-ddb5-4fa4-a97d-d965ccfc6d4b" outcome="NotExecuted" testListId="8c84fa94-04c1-424b-9868-57a2d4851a1d" relativeResultsDirectory="39e1ebd8-d172-4a05-8649-cc1c444977f2">
    </UnitTestResult>
    <UnitTestResult executionId="34fe00cc-483a-433d-b839-463e7438c339" testId="e5890897-0de4-be06-c1fc-e327ba2ba503" testName="BuscarCategoriaPorOidTest" computerName="THIAGO-PC" testType="13cdc9d9-ddb5-4fa4-a97d-d965ccfc6d4b" outcome="NotExecuted" testListId="8c84fa94-04c1-424b-9868-57a2d4851a1d" relativeResultsDirectory="34fe00cc-483a-433d-b839-463e7438c339">
    </UnitTestResult>
    <UnitTestResult executionId="ff05c7ec-3a6e-4b78-9c23-1ab00c468445" testId="7c7e2610-e19b-4d01-3a1a-238bf7078274" testName="BuscarTodasCategoriasTest" computerName="THIAGO-PC" testType="13cdc9d9-ddb5-4fa4-a97d-d965ccfc6d4b" outcome="NotExecuted" testListId="8c84fa94-04c1-424b-9868-57a2d4851a1d" relativeResultsDirectory="ff05c7ec-3a6e-4b78-9c23-1ab00c468445">
    </UnitTestResult>
    <UnitTestResult executionId="df7c6ff7-5bc1-4919-b4ad-6de25a4e35fe" testId="0404b94f-0c43-d419-f48e-dc15db5e9fac" testName="EditarTest" computerName="THIAGO-PC" testType="13cdc9d9-ddb5-4fa4-a97d-d965ccfc6d4b" outcome="NotExecuted" testListId="8c84fa94-04c1-424b-9868-57a2d4851a1d" relativeResultsDirectory="df7c6ff7-5bc1-4919-b4ad-6de25a4e35fe">
    </UnitTestResult>
    <UnitTestResult executionId="cc491233-f670-4bf4-bbb4-31277f48270f" testId="d743ffcf-5531-145e-b657-2013ace44242" testName="ExcluirTest" computerName="THIAGO-PC" testType="13cdc9d9-ddb5-4fa4-a97d-d965ccfc6d4b" outcome="NotExecuted" testListId="8c84fa94-04c1-424b-9868-57a2d4851a1d" relativeResultsDirectory="cc491233-f670-4bf4-bbb4-31277f48270f">
    </UnitTestResult>
    <UnitTestResult executionId="c484914e-a1fa-47c2-aa08-016ae7501da7" testId="ea0a4d4e-8e7b-6e52-f5bc-65b9f0994aaa" testName="ExcluirTest1" computerName="THIAGO-PC" testType="13cdc9d9-ddb5-4fa4-a97d-d965ccfc6d4b" outcome="NotExecuted" testListId="8c84fa94-04c1-424b-9868-57a2d4851a1d" relativeResultsDirectory="c484914e-a1fa-47c2-aa08-016ae7501da7">
    </UnitTestResult>
    <UnitTestResult executionId="82a6ca79-f33c-41c2-9246-7ffa657359ce" testId="2440eabb-83bc-14c5-23e4-b1de9da5e7c1" testName="InserirTest" computerName="THIAGO-PC" testType="13cdc9d9-ddb5-4fa4-a97d-d965ccfc6d4b" outcome="NotExecuted" testListId="8c84fa94-04c1-424b-9868-57a2d4851a1d" relativeResultsDirectory="82a6ca79-f33c-41c2-9246-7ffa657359ce">
    </UnitTestResult>
    <UnitTestResult executionId="c32710be-24b2-496c-9790-6a73d4803cec" testId="315231da-d893-844c-e27b-5a413eeecff8" testName="ClsUsuLogadoConstructorTest" computerName="THIAGO-PC" testType="13cdc9d9-ddb5-4fa4-a97d-d965ccfc6d4b" outcome="NotExecuted" testListId="8c84fa94-04c1-424b-9868-57a2d4851a1d" relativeResultsDirectory="c32710be-24b2-496c-9790-6a73d4803cec">
    </UnitTestResult>
    <UnitTestResult executionId="6eb30b61-3a34-43a7-bc2b-d07464ebe916" testId="039e529f-e4d3-31c5-4edb-7a432ed6856f" testName="LimparPropriedadesTest" computerName="THIAGO-PC" testType="13cdc9d9-ddb5-4fa4-a97d-d965ccfc6d4b" outcome="NotExecuted" testListId="8c84fa94-04c1-424b-9868-57a2d4851a1d" relativeResultsDirectory="6eb30b61-3a34-43a7-bc2b-d07464ebe916">
    </UnitTestResult>
    <UnitTestResult executionId="d45ca024-d7ea-4629-ab3e-3224bff8e267" testId="e1973555-8c12-f871-11f6-e68cb62e33dd" testName="CidadeTest" computerName="THIAGO-PC" testType="13cdc9d9-ddb5-4fa4-a97d-d965ccfc6d4b" outcome="NotExecuted" testListId="8c84fa94-04c1-424b-9868-57a2d4851a1d" relativeResultsDirectory="d45ca024-d7ea-4629-ab3e-3224bff8e267">
    </UnitTestResult>
    <UnitTestResult executionId="14cc8234-a22e-4f63-9e56-0fc36b5ffe13" testId="5a0f8cae-41c5-ebad-3b91-5793fb2d8168" testName="CpfCnpjTest" computerName="THIAGO-PC" testType="13cdc9d9-ddb5-4fa4-a97d-d965ccfc6d4b" outcome="NotExecuted" testListId="8c84fa94-04c1-424b-9868-57a2d4851a1d" relativeResultsDirectory="14cc8234-a22e-4f63-9e56-0fc36b5ffe13">
    </UnitTestResult>
    <UnitTestResult executionId="1f8c1f63-ec5c-4e88-8ea7-addf505cd393" testId="893d87f6-416b-e29a-a697-3f63ed5053d3" testName="IdUsuarioTest" computerName="THIAGO-PC" testType="13cdc9d9-ddb5-4fa4-a97d-d965ccfc6d4b" outcome="NotExecuted" testListId="8c84fa94-04c1-424b-9868-57a2d4851a1d" relativeResultsDirectory="1f8c1f63-ec5c-4e88-8ea7-addf505cd393">
    </UnitTestResult>
    <UnitTestResult executionId="5d90870b-f30c-48f7-8cac-73033aae17f8" testId="82d9e167-a85e-82a9-e70c-a466a2d4a238" testName="LoginTest" computerName="THIAGO-PC" testType="13cdc9d9-ddb5-4fa4-a97d-d965ccfc6d4b" outcome="NotExecuted" testListId="8c84fa94-04c1-424b-9868-57a2d4851a1d" relativeResultsDirectory="5d90870b-f30c-48f7-8cac-73033aae17f8">
    </UnitTestResult>
    <UnitTestResult executionId="57cf7472-ae6a-4a2c-bb8a-ff64a5049063" testId="c10aec1c-2141-805c-01b5-e3469b168f5c" testName="PaisTest" computerName="THIAGO-PC" testType="13cdc9d9-ddb5-4fa4-a97d-d965ccfc6d4b" outcome="NotExecuted" testListId="8c84fa94-04c1-424b-9868-57a2d4851a1d" relativeResultsDirectory="57cf7472-ae6a-4a2c-bb8a-ff64a5049063">
    </UnitTestResult>
    <UnitTestResult executionId="26ea00d6-0c36-4a04-abc0-7e401777f44f" testId="0a36327a-bb45-3692-7238-19f468f11f36" testName="RgTest" computerName="THIAGO-PC" testType="13cdc9d9-ddb5-4fa4-a97d-d965ccfc6d4b" outcome="NotExecuted" testListId="8c84fa94-04c1-424b-9868-57a2d4851a1d" relativeResultsDirectory="26ea00d6-0c36-4a04-abc0-7e401777f44f">
    </UnitTestResult>
    <UnitTestResult executionId="669abded-ff6f-4d80-8e74-844f81ad502e" testId="d39d6c40-2ef4-5c79-b83b-7ffe9e29e130" testName="UfTest" computerName="THIAGO-PC" testType="13cdc9d9-ddb5-4fa4-a97d-d965ccfc6d4b" outcome="NotExecuted" testListId="8c84fa94-04c1-424b-9868-57a2d4851a1d" relativeResultsDirectory="669abded-ff6f-4d80-8e74-844f81ad502e">
    </UnitTestResult>
    <UnitTestResult executionId="6aa55432-9204-4a54-bb1a-e1eccd6fc0e9" testId="e939222d-b872-fca9-da74-a2c8d5488c99" testName="ClsImagemConstructorTest" computerName="THIAGO-PC" testType="13cdc9d9-ddb5-4fa4-a97d-d965ccfc6d4b" outcome="NotExecuted" testListId="8c84fa94-04c1-424b-9868-57a2d4851a1d" relativeResultsDirectory="6aa55432-9204-4a54-bb1a-e1eccd6fc0e9">
    </UnitTestResult>
    <UnitTestResult executionId="d0e16f3c-287a-4ecb-87c3-2ff3fcc9687e" testId="3b93329e-6a5d-d19f-e68f-00bedc53f4c6" testName="ClsAtualizacaoBLLConstructorTest" computerName="THIAGO-PC" testType="13cdc9d9-ddb5-4fa4-a97d-d965ccfc6d4b" outcome="NotExecuted" testListId="8c84fa94-04c1-424b-9868-57a2d4851a1d" relativeResultsDirectory="d0e16f3c-287a-4ecb-87c3-2ff3fcc9687e">
    </UnitTestResult>
    <UnitTestResult executionId="4b2f1f5a-7c14-4bc4-ae92-c3674171fa8b" testId="fcbd39ee-2d2b-eda5-4b07-9a81407f88c3" testName="BuscarAtualizacoesTest" computerName="THIAGO-PC" testType="13cdc9d9-ddb5-4fa4-a97d-d965ccfc6d4b" outcome="NotExecuted" testListId="8c84fa94-04c1-424b-9868-57a2d4851a1d" relativeResultsDirectory="4b2f1f5a-7c14-4bc4-ae92-c3674171fa8b">
    </UnitTestResult>
    <UnitTestResult executionId="698bd838-2faa-40f4-a64d-5d987cea8352" testId="d65b7ef7-cbb5-19ad-d19f-a7915773ce0b" testName="InserirAtualizacoesTest" computerName="THIAGO-PC" testType="13cdc9d9-ddb5-4fa4-a97d-d965ccfc6d4b" outcome="NotExecuted" testListId="8c84fa94-04c1-424b-9868-57a2d4851a1d" relativeResultsDirectory="698bd838-2faa-40f4-a64d-5d987cea8352">
    </UnitTestResult>
  </Results>
</TestRun>